-- Install configuration: ""
-- Up-to-date: /home/sadurac/dev_ws/install/basic_mobile_robot/share/basic_mobile_robot/config
-- Up-to-date: /home/sadurac/dev_ws/install/basic_mobile_robot/share/basic_mobile_robot/launch
-- Up-to-date: /home/sadurac/dev_ws/install/basic_mobile_robot/share/basic_mobile_robot/launch/basic_mobile_bot_v2.launch.py
-- Up-to-date: /home/sadurac/dev_ws/install/basic_mobile_robot/share/basic_mobile_robot/maps
-- Up-to-date: /home/sadurac/dev_ws/install/basic_mobile_robot/share/basic_mobile_robot/meshes
-- Up-to-date: /home/sadurac/dev_ws/install/basic_mobile_robot/share/basic_mobile_robot/models
-- Up-to-date: /home/sadurac/dev_ws/install/basic_mobile_robot/share/basic_mobile_robot/models/basic_mobile_bot_description
-- Up-to-date: /home/sadurac/dev_ws/install/basic_mobile_robot/share/basic_mobile_robot/models/basic_mobile_bot_description/meshes
-- Up-to-date: /home/sadurac/dev_ws/install/basic_mobile_robot/share/basic_mobile_robot/models/basic_mobile_bot_description/model.sdf
-- Up-to-date: /home/sadurac/dev_ws/install/basic_mobile_robot/share/basic_mobile_robot/models/basic_mobile_bot_description/model.config
-- Up-to-date: /home/sadurac/dev_ws/install/basic_mobile_robot/share/basic_mobile_robot/models/basic_mobile_bot_v1.urdf
-- Up-to-date: /home/sadurac/dev_ws/install/basic_mobile_robot/share/basic_mobile_robot/models/targets
-- Up-to-date: /home/sadurac/dev_ws/install/basic_mobile_robot/share/basic_mobile_robot/models/targets/meshes
-- Installing: /home/sadurac/dev_ws/install/basic_mobile_robot/share/basic_mobile_robot/models/targets/meshes/model1.config
-- Up-to-date: /home/sadurac/dev_ws/install/basic_mobile_robot/share/basic_mobile_robot/models/targets/meshes/target1.sdf
-- Installing: /home/sadurac/dev_ws/install/basic_mobile_robot/share/basic_mobile_robot/models/targets/meshes/model2.config
-- Installing: /home/sadurac/dev_ws/install/basic_mobile_robot/share/basic_mobile_robot/models/targets/meshes/target3.sdf
-- Installing: /home/sadurac/dev_ws/install/basic_mobile_robot/share/basic_mobile_robot/models/targets/meshes/model3.config
-- Installing: /home/sadurac/dev_ws/install/basic_mobile_robot/share/basic_mobile_robot/models/targets/meshes/target2.sdf
-- Up-to-date: /home/sadurac/dev_ws/install/basic_mobile_robot/share/basic_mobile_robot/models/targets/materials
-- Up-to-date: /home/sadurac/dev_ws/install/basic_mobile_robot/share/basic_mobile_robot/models/targets/materials/scripts
-- Installing: /home/sadurac/dev_ws/install/basic_mobile_robot/share/basic_mobile_robot/models/targets/materials/scripts/target3.material
-- Installing: /home/sadurac/dev_ws/install/basic_mobile_robot/share/basic_mobile_robot/models/targets/materials/scripts/target1.material
-- Installing: /home/sadurac/dev_ws/install/basic_mobile_robot/share/basic_mobile_robot/models/targets/materials/scripts/target2.material
-- Up-to-date: /home/sadurac/dev_ws/install/basic_mobile_robot/share/basic_mobile_robot/models/targets/materials/textures
-- Up-to-date: /home/sadurac/dev_ws/install/basic_mobile_robot/share/basic_mobile_robot/models/targets/materials/textures/HuskyImg2.jpeg
-- Up-to-date: /home/sadurac/dev_ws/install/basic_mobile_robot/share/basic_mobile_robot/models/targets/materials/textures/HuskyImg1.jpeg
-- Up-to-date: /home/sadurac/dev_ws/install/basic_mobile_robot/share/basic_mobile_robot/models/targets/materials/textures/HuskyImg3.jpeg
-- Up-to-date: /home/sadurac/dev_ws/install/basic_mobile_robot/share/basic_mobile_robot/params
-- Up-to-date: /home/sadurac/dev_ws/install/basic_mobile_robot/share/basic_mobile_robot/rviz
-- Up-to-date: /home/sadurac/dev_ws/install/basic_mobile_robot/share/basic_mobile_robot/rviz/urdf_config.rviz
-- Up-to-date: /home/sadurac/dev_ws/install/basic_mobile_robot/share/basic_mobile_robot/src
-- Up-to-date: /home/sadurac/dev_ws/install/basic_mobile_robot/share/basic_mobile_robot/worlds
-- Up-to-date: /home/sadurac/dev_ws/install/basic_mobile_robot/share/basic_mobile_robot/worlds/basic_mobile_bot_world
-- Up-to-date: /home/sadurac/dev_ws/install/basic_mobile_robot/share/basic_mobile_robot/worlds/basic_mobile_bot_world/simple.world
-- Up-to-date: /home/sadurac/dev_ws/install/basic_mobile_robot/share/ament_index/resource_index/package_run_dependencies/basic_mobile_robot
-- Up-to-date: /home/sadurac/dev_ws/install/basic_mobile_robot/share/ament_index/resource_index/parent_prefix_path/basic_mobile_robot
-- Up-to-date: /home/sadurac/dev_ws/install/basic_mobile_robot/share/basic_mobile_robot/environment/ament_prefix_path.sh
-- Up-to-date: /home/sadurac/dev_ws/install/basic_mobile_robot/share/basic_mobile_robot/environment/ament_prefix_path.dsv
-- Up-to-date: /home/sadurac/dev_ws/install/basic_mobile_robot/share/basic_mobile_robot/environment/path.sh
-- Up-to-date: /home/sadurac/dev_ws/install/basic_mobile_robot/share/basic_mobile_robot/environment/path.dsv
-- Up-to-date: /home/sadurac/dev_ws/install/basic_mobile_robot/share/basic_mobile_robot/local_setup.bash
-- Up-to-date: /home/sadurac/dev_ws/install/basic_mobile_robot/share/basic_mobile_robot/local_setup.sh
-- Up-to-date: /home/sadurac/dev_ws/install/basic_mobile_robot/share/basic_mobile_robot/local_setup.zsh
-- Up-to-date: /home/sadurac/dev_ws/install/basic_mobile_robot/share/basic_mobile_robot/local_setup.dsv
-- Installing: /home/sadurac/dev_ws/install/basic_mobile_robot/share/basic_mobile_robot/package.dsv
-- Up-to-date: /home/sadurac/dev_ws/install/basic_mobile_robot/share/ament_index/resource_index/packages/basic_mobile_robot
-- Up-to-date: /home/sadurac/dev_ws/install/basic_mobile_robot/share/basic_mobile_robot/cmake/basic_mobile_robotConfig.cmake
-- Up-to-date: /home/sadurac/dev_ws/install/basic_mobile_robot/share/basic_mobile_robot/cmake/basic_mobile_robotConfig-version.cmake
-- Up-to-date: /home/sadurac/dev_ws/install/basic_mobile_robot/share/basic_mobile_robot/package.xml
