-- Install configuration: ""
-- Installing: /home/sadurac/dev_ws/install/basic_mobile_robot/share/basic_mobile_robot/config
-- Installing: /home/sadurac/dev_ws/install/basic_mobile_robot/share/basic_mobile_robot/launch
-- Installing: /home/sadurac/dev_ws/install/basic_mobile_robot/share/basic_mobile_robot/launch/basic_mobile_bot_v2.launch.py
-- Installing: /home/sadurac/dev_ws/install/basic_mobile_robot/share/basic_mobile_robot/maps
-- Installing: /home/sadurac/dev_ws/install/basic_mobile_robot/share/basic_mobile_robot/meshes
-- Installing: /home/sadurac/dev_ws/install/basic_mobile_robot/share/basic_mobile_robot/models
-- Installing: /home/sadurac/dev_ws/install/basic_mobile_robot/share/basic_mobile_robot/models/basic_mobile_bot_description
-- Installing: /home/sadurac/dev_ws/install/basic_mobile_robot/share/basic_mobile_robot/models/basic_mobile_bot_description/meshes
-- Installing: /home/sadurac/dev_ws/install/basic_mobile_robot/share/basic_mobile_robot/models/basic_mobile_bot_description/model.sdf
-- Installing: /home/sadurac/dev_ws/install/basic_mobile_robot/share/basic_mobile_robot/models/basic_mobile_bot_description/model.config
-- Installing: /home/sadurac/dev_ws/install/basic_mobile_robot/share/basic_mobile_robot/models/basic_mobile_bot_v1.urdf
-- Installing: /home/sadurac/dev_ws/install/basic_mobile_robot/share/basic_mobile_robot/params
-- Installing: /home/sadurac/dev_ws/install/basic_mobile_robot/share/basic_mobile_robot/rviz
-- Installing: /home/sadurac/dev_ws/install/basic_mobile_robot/share/basic_mobile_robot/rviz/urdf_config.rviz
-- Installing: /home/sadurac/dev_ws/install/basic_mobile_robot/share/basic_mobile_robot/src
-- Installing: /home/sadurac/dev_ws/install/basic_mobile_robot/share/basic_mobile_robot/worlds
-- Installing: /home/sadurac/dev_ws/install/basic_mobile_robot/share/basic_mobile_robot/worlds/basic_mobile_bot_world
-- Installing: /home/sadurac/dev_ws/install/basic_mobile_robot/share/basic_mobile_robot/worlds/basic_mobile_bot_world/simple.world
-- Installing: /home/sadurac/dev_ws/install/basic_mobile_robot/share/ament_index/resource_index/package_run_dependencies/basic_mobile_robot
-- Installing: /home/sadurac/dev_ws/install/basic_mobile_robot/share/ament_index/resource_index/parent_prefix_path/basic_mobile_robot
-- Installing: /home/sadurac/dev_ws/install/basic_mobile_robot/share/basic_mobile_robot/environment/ament_prefix_path.sh
-- Installing: /home/sadurac/dev_ws/install/basic_mobile_robot/share/basic_mobile_robot/environment/ament_prefix_path.dsv
-- Installing: /home/sadurac/dev_ws/install/basic_mobile_robot/share/basic_mobile_robot/environment/path.sh
-- Installing: /home/sadurac/dev_ws/install/basic_mobile_robot/share/basic_mobile_robot/environment/path.dsv
-- Installing: /home/sadurac/dev_ws/install/basic_mobile_robot/share/basic_mobile_robot/local_setup.bash
-- Installing: /home/sadurac/dev_ws/install/basic_mobile_robot/share/basic_mobile_robot/local_setup.sh
-- Installing: /home/sadurac/dev_ws/install/basic_mobile_robot/share/basic_mobile_robot/local_setup.zsh
-- Installing: /home/sadurac/dev_ws/install/basic_mobile_robot/share/basic_mobile_robot/local_setup.dsv
-- Installing: /home/sadurac/dev_ws/install/basic_mobile_robot/share/basic_mobile_robot/package.dsv
-- Installing: /home/sadurac/dev_ws/install/basic_mobile_robot/share/ament_index/resource_index/packages/basic_mobile_robot
-- Installing: /home/sadurac/dev_ws/install/basic_mobile_robot/share/basic_mobile_robot/cmake/basic_mobile_robotConfig.cmake
-- Installing: /home/sadurac/dev_ws/install/basic_mobile_robot/share/basic_mobile_robot/cmake/basic_mobile_robotConfig-version.cmake
-- Installing: /home/sadurac/dev_ws/install/basic_mobile_robot/share/basic_mobile_robot/package.xml
