-- Install configuration: ""
-- Up-to-date: /home/sadurac/dev_ws/install/husky-robot/share/husky-robot/config
-- Up-to-date: /home/sadurac/dev_ws/install/husky-robot/share/husky-robot/launch
-- Up-to-date: /home/sadurac/dev_ws/install/husky-robot/share/husky-robot/launch/husky-robot-v1.launch.py
-- Up-to-date: /home/sadurac/dev_ws/install/husky-robot/share/husky-robot/maps
-- Up-to-date: /home/sadurac/dev_ws/install/husky-robot/share/husky-robot/meshes
-- Up-to-date: /home/sadurac/dev_ws/install/husky-robot/share/husky-robot/meshes/arm_base.stl
-- Up-to-date: /home/sadurac/dev_ws/install/husky-robot/share/husky-robot/meshes/elbow.stl
-- Up-to-date: /home/sadurac/dev_ws/install/husky-robot/share/husky-robot/meshes/robot_base.stl
-- Up-to-date: /home/sadurac/dev_ws/install/husky-robot/share/husky-robot/meshes/wheel.stl
-- Up-to-date: /home/sadurac/dev_ws/install/husky-robot/share/husky-robot/meshes/bicep.stl
-- Up-to-date: /home/sadurac/dev_ws/install/husky-robot/share/husky-robot/meshes/wrist.stl
-- Up-to-date: /home/sadurac/dev_ws/install/husky-robot/share/husky-robot/models
-- Up-to-date: /home/sadurac/dev_ws/install/husky-robot/share/husky-robot/models/husky-robot-v1.urdf
-- Up-to-date: /home/sadurac/dev_ws/install/husky-robot/share/husky-robot/params
-- Up-to-date: /home/sadurac/dev_ws/install/husky-robot/share/husky-robot/rviz
-- Up-to-date: /home/sadurac/dev_ws/install/husky-robot/share/husky-robot/rviz/urdf_config.rviz
-- Up-to-date: /home/sadurac/dev_ws/install/husky-robot/share/husky-robot/src
-- Up-to-date: /home/sadurac/dev_ws/install/husky-robot/share/husky-robot/worlds
-- Up-to-date: /home/sadurac/dev_ws/install/husky-robot/share/ament_index/resource_index/package_run_dependencies/husky-robot
-- Up-to-date: /home/sadurac/dev_ws/install/husky-robot/share/ament_index/resource_index/parent_prefix_path/husky-robot
-- Up-to-date: /home/sadurac/dev_ws/install/husky-robot/share/husky-robot/environment/ament_prefix_path.sh
-- Up-to-date: /home/sadurac/dev_ws/install/husky-robot/share/husky-robot/environment/ament_prefix_path.dsv
-- Up-to-date: /home/sadurac/dev_ws/install/husky-robot/share/husky-robot/environment/path.sh
-- Up-to-date: /home/sadurac/dev_ws/install/husky-robot/share/husky-robot/environment/path.dsv
-- Up-to-date: /home/sadurac/dev_ws/install/husky-robot/share/husky-robot/local_setup.bash
-- Up-to-date: /home/sadurac/dev_ws/install/husky-robot/share/husky-robot/local_setup.sh
-- Up-to-date: /home/sadurac/dev_ws/install/husky-robot/share/husky-robot/local_setup.zsh
-- Up-to-date: /home/sadurac/dev_ws/install/husky-robot/share/husky-robot/local_setup.dsv
-- Up-to-date: /home/sadurac/dev_ws/install/husky-robot/share/husky-robot/package.dsv
-- Up-to-date: /home/sadurac/dev_ws/install/husky-robot/share/ament_index/resource_index/packages/husky-robot
-- Up-to-date: /home/sadurac/dev_ws/install/husky-robot/share/husky-robot/cmake/husky-robotConfig.cmake
-- Up-to-date: /home/sadurac/dev_ws/install/husky-robot/share/husky-robot/cmake/husky-robotConfig-version.cmake
-- Up-to-date: /home/sadurac/dev_ws/install/husky-robot/share/husky-robot/package.xml
