[0.072s] Invoking command in '/home/sadurac/dev_ws/build/husky-robot': CMAKE_PREFIX_PATH=${CMAKE_PREFIX_PATH}:/home/sadurac/nav2_ws/install/nav2_gazebo_spawner:/opt/ros/foxy /usr/bin/cmake --build /home/sadurac/dev_ws/build/husky-robot -- -j4 -l4
[0.140s] Invoked command in '/home/sadurac/dev_ws/build/husky-robot' returned '0': CMAKE_PREFIX_PATH=${CMAKE_PREFIX_PATH}:/home/sadurac/nav2_ws/install/nav2_gazebo_spawner:/opt/ros/foxy /usr/bin/cmake --build /home/sadurac/dev_ws/build/husky-robot -- -j4 -l4
[0.216s] Invoking command in '/home/sadurac/dev_ws/build/husky-robot': CMAKE_PREFIX_PATH=${CMAKE_PREFIX_PATH}:/home/sadurac/nav2_ws/install/nav2_gazebo_spawner:/opt/ros/foxy /usr/bin/cmake --install /home/sadurac/dev_ws/build/husky-robot
[0.239s] -- Install configuration: ""
[0.239s] -- Up-to-date: /home/sadurac/dev_ws/install/husky-robot/share/husky-robot/config
[0.239s] -- Up-to-date: /home/sadurac/dev_ws/install/husky-robot/share/husky-robot/launch
[0.240s] -- Up-to-date: /home/sadurac/dev_ws/install/husky-robot/share/husky-robot/launch/husky-robot-v1.launch.py
[0.241s] -- Up-to-date: /home/sadurac/dev_ws/install/husky-robot/share/husky-robot/maps
[0.241s] -- Up-to-date: /home/sadurac/dev_ws/install/husky-robot/share/husky-robot/meshes
[0.241s] -- Up-to-date: /home/sadurac/dev_ws/install/husky-robot/share/husky-robot/meshes/arm_base.stl
[0.241s] -- Up-to-date: /home/sadurac/dev_ws/install/husky-robot/share/husky-robot/meshes/elbow.stl
[0.241s] -- Up-to-date: /home/sadurac/dev_ws/install/husky-robot/share/husky-robot/meshes/robot_base.stl
[0.241s] -- Up-to-date: /home/sadurac/dev_ws/install/husky-robot/share/husky-robot/meshes/wheel.stl
[0.242s] -- Up-to-date: /home/sadurac/dev_ws/install/husky-robot/share/husky-robot/meshes/bicep.stl
[0.242s] -- Up-to-date: /home/sadurac/dev_ws/install/husky-robot/share/husky-robot/meshes/wrist.stl
[0.242s] -- Up-to-date: /home/sadurac/dev_ws/install/husky-robot/share/husky-robot/models
[0.242s] -- Up-to-date: /home/sadurac/dev_ws/install/husky-robot/share/husky-robot/models/husky-robot-v1.urdf
[0.242s] -- Up-to-date: /home/sadurac/dev_ws/install/husky-robot/share/husky-robot/params
[0.242s] -- Up-to-date: /home/sadurac/dev_ws/install/husky-robot/share/husky-robot/rviz
[0.242s] -- Up-to-date: /home/sadurac/dev_ws/install/husky-robot/share/husky-robot/rviz/urdf_config.rviz
[0.243s] -- Up-to-date: /home/sadurac/dev_ws/install/husky-robot/share/husky-robot/src
[0.243s] -- Up-to-date: /home/sadurac/dev_ws/install/husky-robot/share/husky-robot/worlds
[0.243s] -- Up-to-date: /home/sadurac/dev_ws/install/husky-robot/share/ament_index/resource_index/package_run_dependencies/husky-robot
[0.243s] -- Up-to-date: /home/sadurac/dev_ws/install/husky-robot/share/ament_index/resource_index/parent_prefix_path/husky-robot
[0.243s] -- Up-to-date: /home/sadurac/dev_ws/install/husky-robot/share/husky-robot/environment/ament_prefix_path.sh
[0.243s] -- Up-to-date: /home/sadurac/dev_ws/install/husky-robot/share/husky-robot/environment/ament_prefix_path.dsv
[0.243s] -- Up-to-date: /home/sadurac/dev_ws/install/husky-robot/share/husky-robot/environment/path.sh
[0.244s] -- Up-to-date: /home/sadurac/dev_ws/install/husky-robot/share/husky-robot/environment/path.dsv
[0.244s] -- Up-to-date: /home/sadurac/dev_ws/install/husky-robot/share/husky-robot/local_setup.bash
[0.244s] -- Up-to-date: /home/sadurac/dev_ws/install/husky-robot/share/husky-robot/local_setup.sh
[0.244s] -- Up-to-date: /home/sadurac/dev_ws/install/husky-robot/share/husky-robot/local_setup.zsh
[0.244s] -- Up-to-date: /home/sadurac/dev_ws/install/husky-robot/share/husky-robot/local_setup.dsv
[0.244s] -- Up-to-date: /home/sadurac/dev_ws/install/husky-robot/share/husky-robot/package.dsv
[0.244s] -- Up-to-date: /home/sadurac/dev_ws/install/husky-robot/share/ament_index/resource_index/packages/husky-robot
[0.258s] -- Up-to-date: /home/sadurac/dev_ws/install/husky-robot/share/husky-robot/cmake/husky-robotConfig.cmake
[0.258s] -- Up-to-date: /home/sadurac/dev_ws/install/husky-robot/share/husky-robot/cmake/husky-robotConfig-version.cmake
[0.258s] -- Up-to-date: /home/sadurac/dev_ws/install/husky-robot/share/husky-robot/package.xml
[0.259s] Invoked command in '/home/sadurac/dev_ws/build/husky-robot' returned '0': CMAKE_PREFIX_PATH=${CMAKE_PREFIX_PATH}:/home/sadurac/nav2_ws/install/nav2_gazebo_spawner:/opt/ros/foxy /usr/bin/cmake --install /home/sadurac/dev_ws/build/husky-robot
