[0.073s] Invoking command in '/home/sadurac/dev_ws/build/husky-robot': CMAKE_PREFIX_PATH=${CMAKE_PREFIX_PATH}:/home/sadurac/nav2_ws/install/nav2_gazebo_spawner:/opt/ros/foxy /usr/bin/cmake --build /home/sadurac/dev_ws/build/husky-robot -- -j4 -l4
[0.122s] -- Found ament_cmake: 0.9.9 (/opt/ros/foxy/share/ament_cmake/cmake)
[0.166s] -- Using PYTHON_EXECUTABLE: /usr/bin/python3
[0.511s] -- Found ament_lint_auto: 0.9.6 (/opt/ros/foxy/share/ament_lint_auto/cmake)
[0.636s] -- Added test 'copyright' to check source files copyright and LICENSE
[0.640s] -- Added test 'flake8' to check Python code syntax and style conventions
[0.641s] -- Added test 'lint_cmake' to check CMake code style
[0.642s] -- Added test 'pep257' to check Python code against some of the style conventions in PEP 257
[0.645s] -- Added test 'xmllint' to check XML markup files
[0.647s] -- Configuring done
[0.649s] -- Generating done
[0.651s] -- Build files have been written to: /home/sadurac/dev_ws/build/husky-robot
[0.684s] Invoked command in '/home/sadurac/dev_ws/build/husky-robot' returned '0': CMAKE_PREFIX_PATH=${CMAKE_PREFIX_PATH}:/home/sadurac/nav2_ws/install/nav2_gazebo_spawner:/opt/ros/foxy /usr/bin/cmake --build /home/sadurac/dev_ws/build/husky-robot -- -j4 -l4
[0.744s] Invoking command in '/home/sadurac/dev_ws/build/husky-robot': CMAKE_PREFIX_PATH=${CMAKE_PREFIX_PATH}:/home/sadurac/nav2_ws/install/nav2_gazebo_spawner:/opt/ros/foxy /usr/bin/cmake --install /home/sadurac/dev_ws/build/husky-robot
[0.759s] -- Install configuration: ""
[0.759s] -- Installing: /home/sadurac/dev_ws/install/husky-robot/share/husky-robot/config
[0.760s] -- Installing: /home/sadurac/dev_ws/install/husky-robot/share/husky-robot/launch
[0.760s] -- Installing: /home/sadurac/dev_ws/install/husky-robot/share/husky-robot/launch/husky-robot-v1.launch.py
[0.760s] -- Installing: /home/sadurac/dev_ws/install/husky-robot/share/husky-robot/maps
[0.760s] -- Installing: /home/sadurac/dev_ws/install/husky-robot/share/husky-robot/meshes
[0.760s] -- Installing: /home/sadurac/dev_ws/install/husky-robot/share/husky-robot/meshes/arm_base.stl
[0.760s] -- Installing: /home/sadurac/dev_ws/install/husky-robot/share/husky-robot/meshes/elbow.stl
[0.761s] -- Installing: /home/sadurac/dev_ws/install/husky-robot/share/husky-robot/meshes/robot_base.stl
[0.761s] -- Installing: /home/sadurac/dev_ws/install/husky-robot/share/husky-robot/meshes/wheel.stl
[0.761s] -- Installing: /home/sadurac/dev_ws/install/husky-robot/share/husky-robot/meshes/bicep.stl
[0.761s] -- Installing: /home/sadurac/dev_ws/install/husky-robot/share/husky-robot/meshes/wrist.stl
[0.762s] -- Installing: /home/sadurac/dev_ws/install/husky-robot/share/husky-robot/models
[0.762s] -- Installing: /home/sadurac/dev_ws/install/husky-robot/share/husky-robot/models/husky-robot-v1.urdf
[0.763s] -- Installing: /home/sadurac/dev_ws/install/husky-robot/share/husky-robot/params
[0.764s] -- Installing: /home/sadurac/dev_ws/install/husky-robot/share/husky-robot/rviz
[0.764s] -- Installing: /home/sadurac/dev_ws/install/husky-robot/share/husky-robot/rviz/urdf_config.rviz
[0.764s] -- Installing: /home/sadurac/dev_ws/install/husky-robot/share/husky-robot/src
[0.764s] -- Installing: /home/sadurac/dev_ws/install/husky-robot/share/husky-robot/worlds
[0.765s] -- Installing: /home/sadurac/dev_ws/install/husky-robot/share/ament_index/resource_index/package_run_dependencies/husky-robot
[0.765s] -- Up-to-date: /home/sadurac/dev_ws/install/husky-robot/share/ament_index/resource_index/parent_prefix_path/husky-robot
[0.765s] -- Up-to-date: /home/sadurac/dev_ws/install/husky-robot/share/husky-robot/environment/ament_prefix_path.sh
[0.765s] -- Installing: /home/sadurac/dev_ws/install/husky-robot/share/husky-robot/environment/ament_prefix_path.dsv
[0.765s] -- Up-to-date: /home/sadurac/dev_ws/install/husky-robot/share/husky-robot/environment/path.sh
[0.766s] -- Installing: /home/sadurac/dev_ws/install/husky-robot/share/husky-robot/environment/path.dsv
[0.766s] -- Up-to-date: /home/sadurac/dev_ws/install/husky-robot/share/husky-robot/local_setup.bash
[0.766s] -- Up-to-date: /home/sadurac/dev_ws/install/husky-robot/share/husky-robot/local_setup.sh
[0.766s] -- Up-to-date: /home/sadurac/dev_ws/install/husky-robot/share/husky-robot/local_setup.zsh
[0.767s] -- Installing: /home/sadurac/dev_ws/install/husky-robot/share/husky-robot/local_setup.dsv
[0.767s] -- Installing: /home/sadurac/dev_ws/install/husky-robot/share/husky-robot/package.dsv
[0.767s] -- Up-to-date: /home/sadurac/dev_ws/install/husky-robot/share/ament_index/resource_index/packages/husky-robot
[0.767s] -- Up-to-date: /home/sadurac/dev_ws/install/husky-robot/share/husky-robot/cmake/husky-robotConfig.cmake
[0.767s] -- Up-to-date: /home/sadurac/dev_ws/install/husky-robot/share/husky-robot/cmake/husky-robotConfig-version.cmake
[0.768s] -- Installing: /home/sadurac/dev_ws/install/husky-robot/share/husky-robot/package.xml
[0.771s] Invoked command in '/home/sadurac/dev_ws/build/husky-robot' returned '0': CMAKE_PREFIX_PATH=${CMAKE_PREFIX_PATH}:/home/sadurac/nav2_ws/install/nav2_gazebo_spawner:/opt/ros/foxy /usr/bin/cmake --install /home/sadurac/dev_ws/build/husky-robot
