[0.858s] Invoking command in '/home/sadurac/dev_ws/src/cv_basics': PYTHONPATH=/home/sadurac/dev_ws/install/cv_basics/lib/python3.8/site-packages:${PYTHONPATH} /usr/bin/python3 setup.py egg_info --egg-base ../../build/cv_basics build --build-base /home/sadurac/dev_ws/build/cv_basics/build install --prefix /home/sadurac/dev_ws/install/cv_basics --record /home/sadurac/dev_ws/build/cv_basics/install.log --single-version-externally-managed
[1.119s] running egg_info
[1.119s] writing ../../build/cv_basics/cv_basics.egg-info/PKG-INFO
[1.120s] writing dependency_links to ../../build/cv_basics/cv_basics.egg-info/dependency_links.txt
[1.120s] writing entry points to ../../build/cv_basics/cv_basics.egg-info/entry_points.txt
[1.120s] writing requirements to ../../build/cv_basics/cv_basics.egg-info/requires.txt
[1.121s] writing top-level names to ../../build/cv_basics/cv_basics.egg-info/top_level.txt
[1.161s] reading manifest file '../../build/cv_basics/cv_basics.egg-info/SOURCES.txt'
[1.162s] writing manifest file '../../build/cv_basics/cv_basics.egg-info/SOURCES.txt'
[1.163s] running build
[1.163s] running build_py
[1.163s] running install
[1.164s] running install_lib
[1.166s] creating /home/sadurac/dev_ws/install/cv_basics/lib/python3.8/site-packages/cv_basics
[1.166s] copying /home/sadurac/dev_ws/build/cv_basics/build/lib/cv_basics/webcam_pub.py -> /home/sadurac/dev_ws/install/cv_basics/lib/python3.8/site-packages/cv_basics
[1.166s] copying /home/sadurac/dev_ws/build/cv_basics/build/lib/cv_basics/webcam_sub.py -> /home/sadurac/dev_ws/install/cv_basics/lib/python3.8/site-packages/cv_basics
[1.166s] copying /home/sadurac/dev_ws/build/cv_basics/build/lib/cv_basics/__init__.py -> /home/sadurac/dev_ws/install/cv_basics/lib/python3.8/site-packages/cv_basics
[1.167s] byte-compiling /home/sadurac/dev_ws/install/cv_basics/lib/python3.8/site-packages/cv_basics/webcam_pub.py to webcam_pub.cpython-38.pyc
[1.169s] byte-compiling /home/sadurac/dev_ws/install/cv_basics/lib/python3.8/site-packages/cv_basics/webcam_sub.py to webcam_sub.cpython-38.pyc
[1.170s] byte-compiling /home/sadurac/dev_ws/install/cv_basics/lib/python3.8/site-packages/cv_basics/__init__.py to __init__.cpython-38.pyc
[1.170s] running install_data
[1.171s] creating /home/sadurac/dev_ws/install/cv_basics/share/ament_index
[1.171s] creating /home/sadurac/dev_ws/install/cv_basics/share/ament_index/resource_index
[1.171s] creating /home/sadurac/dev_ws/install/cv_basics/share/ament_index/resource_index/packages
[1.171s] copying resource/cv_basics -> /home/sadurac/dev_ws/install/cv_basics/share/ament_index/resource_index/packages
[1.171s] copying package.xml -> /home/sadurac/dev_ws/install/cv_basics/share/cv_basics
[1.172s] running install_egg_info
[1.173s] Copying ../../build/cv_basics/cv_basics.egg-info to /home/sadurac/dev_ws/install/cv_basics/lib/python3.8/site-packages/cv_basics-0.0.0-py3.8.egg-info
[1.174s] running install_scripts
[1.196s] Installing img_publisher script to /home/sadurac/dev_ws/install/cv_basics/lib/cv_basics
[1.196s] Installing img_subscriber script to /home/sadurac/dev_ws/install/cv_basics/lib/cv_basics
[1.196s] writing list of installed files to '/home/sadurac/dev_ws/build/cv_basics/install.log'
[1.229s] Invoked command in '/home/sadurac/dev_ws/src/cv_basics' returned '0': PYTHONPATH=/home/sadurac/dev_ws/install/cv_basics/lib/python3.8/site-packages:${PYTHONPATH} /usr/bin/python3 setup.py egg_info --egg-base ../../build/cv_basics build --build-base /home/sadurac/dev_ws/build/cv_basics/build install --prefix /home/sadurac/dev_ws/install/cv_basics --record /home/sadurac/dev_ws/build/cv_basics/install.log --single-version-externally-managed
