[0.095s] Invoking command in '/home/sadurac/dev_ws/build/basic_mobile_robot': CMAKE_PREFIX_PATH=${CMAKE_PREFIX_PATH}:/home/sadurac/nav2_ws/install/nav2_gazebo_spawner:/opt/ros/foxy /usr/bin/cmake /home/sadurac/dev_ws/src/basic_mobile_robot -DCMAKE_INSTALL_PREFIX=/home/sadurac/dev_ws/install/basic_mobile_robot
[0.202s] -- The C compiler identification is GNU 9.4.0
[0.311s] -- The CXX compiler identification is GNU 9.4.0
[0.326s] -- Check for working C compiler: /usr/bin/cc
[0.521s] -- Check for working C compiler: /usr/bin/cc -- works
[0.521s] -- Detecting C compiler ABI info
[0.655s] -- Detecting C compiler ABI info - done
[0.675s] -- Detecting C compile features
[0.675s] -- Detecting C compile features - done
[0.679s] -- Check for working CXX compiler: /usr/bin/c++
[0.830s] -- Check for working CXX compiler: /usr/bin/c++ -- works
[0.833s] -- Detecting CXX compiler ABI info
[0.987s] -- Detecting CXX compiler ABI info - done
[1.006s] -- Detecting CXX compile features
[1.007s] -- Detecting CXX compile features - done
[1.021s] -- Found ament_cmake: 0.9.9 (/opt/ros/foxy/share/ament_cmake/cmake)
[1.075s] -- Found PythonInterp: /usr/bin/python3 (found suitable version "3.8.10", minimum required is "3") 
[1.075s] -- Using PYTHON_EXECUTABLE: /usr/bin/python3
[1.457s] -- Found ament_lint_auto: 0.9.6 (/opt/ros/foxy/share/ament_lint_auto/cmake)
[1.616s] -- Added test 'copyright' to check source files copyright and LICENSE
[1.638s] -- Added test 'cppcheck' to perform static code analysis on C / C++ code
[1.638s] -- Configured cppcheck include dirs: 
[1.639s] -- Configured cppcheck exclude dirs and/or files: 
[1.652s] -- Added test 'cpplint' to check C / C++ code against the Google style
[1.652s] -- Configured cpplint exclude dirs and/or files: 
[1.655s] -- Added test 'flake8' to check Python code syntax and style conventions
[1.660s] -- Added test 'lint_cmake' to check CMake code style
[1.663s] -- Added test 'pep257' to check Python code against some of the style conventions in PEP 257
[1.679s] -- Added test 'uncrustify' to check C / C++ code style
[1.679s] -- Configured uncrustify additional arguments: 
[1.682s] -- Added test 'xmllint' to check XML markup files
[1.687s] -- Configuring done
[1.690s] -- Generating done
[1.691s] -- Build files have been written to: /home/sadurac/dev_ws/build/basic_mobile_robot
