[1.046s] Invoking command in '/home/sadurac/dev_ws/src/cv_basics': PYTHONPATH=/home/sadurac/dev_ws/install/cv_basics/lib/python3.8/site-packages:${PYTHONPATH} /usr/bin/python3 setup.py egg_info --egg-base ../../build/cv_basics build --build-base /home/sadurac/dev_ws/build/cv_basics/build install --prefix /home/sadurac/dev_ws/install/cv_basics --record /home/sadurac/dev_ws/build/cv_basics/install.log --single-version-externally-managed
[1.308s] running egg_info
[1.309s] writing ../../build/cv_basics/cv_basics.egg-info/PKG-INFO
[1.309s] writing dependency_links to ../../build/cv_basics/cv_basics.egg-info/dependency_links.txt
[1.309s] writing entry points to ../../build/cv_basics/cv_basics.egg-info/entry_points.txt
[1.309s] writing requirements to ../../build/cv_basics/cv_basics.egg-info/requires.txt
[1.309s] writing top-level names to ../../build/cv_basics/cv_basics.egg-info/top_level.txt
[1.391s] reading manifest file '../../build/cv_basics/cv_basics.egg-info/SOURCES.txt'
[1.392s] writing manifest file '../../build/cv_basics/cv_basics.egg-info/SOURCES.txt'
[1.392s] running build
[1.392s] running build_py
[1.393s] running install
[1.394s] running install_lib
[1.396s] running install_data
[1.397s] running install_egg_info
[1.399s] removing '/home/sadurac/dev_ws/install/cv_basics/lib/python3.8/site-packages/cv_basics-0.0.0-py3.8.egg-info' (and everything under it)
[1.399s] Copying ../../build/cv_basics/cv_basics.egg-info to /home/sadurac/dev_ws/install/cv_basics/lib/python3.8/site-packages/cv_basics-0.0.0-py3.8.egg-info
[1.400s] running install_scripts
[1.421s] Installing img_publisher script to /home/sadurac/dev_ws/install/cv_basics/lib/cv_basics
[1.421s] Installing img_subscriber script to /home/sadurac/dev_ws/install/cv_basics/lib/cv_basics
[1.422s] writing list of installed files to '/home/sadurac/dev_ws/build/cv_basics/install.log'
[1.453s] Invoked command in '/home/sadurac/dev_ws/src/cv_basics' returned '0': PYTHONPATH=/home/sadurac/dev_ws/install/cv_basics/lib/python3.8/site-packages:${PYTHONPATH} /usr/bin/python3 setup.py egg_info --egg-base ../../build/cv_basics build --build-base /home/sadurac/dev_ws/build/cv_basics/build install --prefix /home/sadurac/dev_ws/install/cv_basics --record /home/sadurac/dev_ws/build/cv_basics/install.log --single-version-externally-managed
