[0.156s] Invoking command in '/home/sadurac/dev_ws/build/turtlesim': CMAKE_PREFIX_PATH=${CMAKE_PREFIX_PATH}:/home/sadurac/nav2_ws/install/nav2_gazebo_spawner:/opt/ros/foxy /usr/bin/cmake --build /home/sadurac/dev_ws/build/turtlesim -- -j4 -l4
[1.814s] [  1%] Built target turtlesim__cpp
[2.074s] [ 11%] Built target turtlesim__rosidl_generator_c
[2.080s] [ 21%] Built target turtlesim__rosidl_typesupport_cpp
[2.095s] [ 31%] Built target turtlesim__rosidl_typesupport_fastrtps_cpp
[2.155s] [ 41%] Built target turtlesim__rosidl_typesupport_introspection_cpp
[2.230s] [ 51%] Built target turtlesim__rosidl_typesupport_fastrtps_c
[2.244s] [ 61%] Built target turtlesim__rosidl_typesupport_introspection_c
[2.256s] [ 71%] Built target turtlesim__rosidl_typesupport_c
[2.446s] [ 71%] Built target turtlesim
[2.658s] [ 72%] Built target turtlesim__py
[2.667s] [ 74%] Built target mimic
[2.671s] [ 78%] Built target draw_square
[2.671s] [ 78%] Built target turtle_teleop_key
[2.889s] [ 87%] Built target turtlesim__python
[3.052s] [ 89%] Built target turtlesim__rosidl_typesupport_fastrtps_c__pyext
[3.055s] [ 91%] Built target turtlesim__rosidl_typesupport_introspection_c__pyext
[3.057s] [ 97%] Built target turtlesim_node
[3.057s] [100%] Built target turtlesim__rosidl_typesupport_c__pyext
[3.076s] Invoked command in '/home/sadurac/dev_ws/build/turtlesim' returned '0': CMAKE_PREFIX_PATH=${CMAKE_PREFIX_PATH}:/home/sadurac/nav2_ws/install/nav2_gazebo_spawner:/opt/ros/foxy /usr/bin/cmake --build /home/sadurac/dev_ws/build/turtlesim -- -j4 -l4
[3.432s] Invoking command in '/home/sadurac/dev_ws/build/turtlesim': CMAKE_PREFIX_PATH=${CMAKE_PREFIX_PATH}:/home/sadurac/nav2_ws/install/nav2_gazebo_spawner:/opt/ros/foxy /usr/bin/cmake --install /home/sadurac/dev_ws/build/turtlesim
[3.451s] -- Install configuration: ""
[3.466s] -- Up-to-date: /home/sadurac/dev_ws/install/turtlesim/share/ament_index/resource_index/rosidl_interfaces/turtlesim
[3.466s] -- Up-to-date: /home/sadurac/dev_ws/install/turtlesim/include/turtlesim
[3.466s] -- Up-to-date: /home/sadurac/dev_ws/install/turtlesim/include/turtlesim/action
[3.467s] -- Up-to-date: /home/sadurac/dev_ws/install/turtlesim/include/turtlesim/action/detail
[3.467s] -- Up-to-date: /home/sadurac/dev_ws/install/turtlesim/include/turtlesim/action/detail/rotate_absolute__type_support.h
[3.467s] -- Up-to-date: /home/sadurac/dev_ws/install/turtlesim/include/turtlesim/action/detail/rotate_absolute__functions.c
[3.467s] -- Up-to-date: /home/sadurac/dev_ws/install/turtlesim/include/turtlesim/action/detail/rotate_absolute__functions.h
[3.467s] -- Up-to-date: /home/sadurac/dev_ws/install/turtlesim/include/turtlesim/action/detail/rotate_absolute__struct.h
[3.468s] -- Up-to-date: /home/sadurac/dev_ws/install/turtlesim/include/turtlesim/action/rotate_absolute.h
[3.468s] -- Up-to-date: /home/sadurac/dev_ws/install/turtlesim/include/turtlesim/srv
[3.468s] -- Up-to-date: /home/sadurac/dev_ws/install/turtlesim/include/turtlesim/srv/spawn.h
[3.468s] -- Up-to-date: /home/sadurac/dev_ws/install/turtlesim/include/turtlesim/srv/detail
[3.468s] -- Up-to-date: /home/sadurac/dev_ws/install/turtlesim/include/turtlesim/srv/detail/set_pen__struct.h
[3.469s] -- Up-to-date: /home/sadurac/dev_ws/install/turtlesim/include/turtlesim/srv/detail/teleport_relative__struct.h
[3.469s] -- Up-to-date: /home/sadurac/dev_ws/install/turtlesim/include/turtlesim/srv/detail/spawn__functions.h
[3.469s] -- Up-to-date: /home/sadurac/dev_ws/install/turtlesim/include/turtlesim/srv/detail/teleport_absolute__type_support.h
[3.469s] -- Up-to-date: /home/sadurac/dev_ws/install/turtlesim/include/turtlesim/srv/detail/teleport_relative__functions.c
[3.469s] -- Up-to-date: /home/sadurac/dev_ws/install/turtlesim/include/turtlesim/srv/detail/kill__struct.h
[3.469s] -- Up-to-date: /home/sadurac/dev_ws/install/turtlesim/include/turtlesim/srv/detail/teleport_relative__type_support.h
[3.469s] -- Up-to-date: /home/sadurac/dev_ws/install/turtlesim/include/turtlesim/srv/detail/set_pen__functions.c
[3.469s] -- Up-to-date: /home/sadurac/dev_ws/install/turtlesim/include/turtlesim/srv/detail/teleport_absolute__functions.h
[3.470s] -- Up-to-date: /home/sadurac/dev_ws/install/turtlesim/include/turtlesim/srv/detail/set_pen__functions.h
[3.470s] -- Up-to-date: /home/sadurac/dev_ws/install/turtlesim/include/turtlesim/srv/detail/teleport_absolute__struct.h
[3.470s] -- Up-to-date: /home/sadurac/dev_ws/install/turtlesim/include/turtlesim/srv/detail/kill__functions.h
[3.470s] -- Up-to-date: /home/sadurac/dev_ws/install/turtlesim/include/turtlesim/srv/detail/teleport_absolute__functions.c
[3.470s] -- Up-to-date: /home/sadurac/dev_ws/install/turtlesim/include/turtlesim/srv/detail/kill__functions.c
[3.470s] -- Up-to-date: /home/sadurac/dev_ws/install/turtlesim/include/turtlesim/srv/detail/teleport_relative__functions.h
[3.470s] -- Up-to-date: /home/sadurac/dev_ws/install/turtlesim/include/turtlesim/srv/detail/kill__type_support.h
[3.470s] -- Up-to-date: /home/sadurac/dev_ws/install/turtlesim/include/turtlesim/srv/detail/set_pen__type_support.h
[3.470s] -- Up-to-date: /home/sadurac/dev_ws/install/turtlesim/include/turtlesim/srv/detail/spawn__type_support.h
[3.470s] -- Up-to-date: /home/sadurac/dev_ws/install/turtlesim/include/turtlesim/srv/detail/spawn__functions.c
[3.470s] -- Up-to-date: /home/sadurac/dev_ws/install/turtlesim/include/turtlesim/srv/detail/spawn__struct.h
[3.470s] -- Up-to-date: /home/sadurac/dev_ws/install/turtlesim/include/turtlesim/srv/teleport_absolute.h
[3.470s] -- Up-to-date: /home/sadurac/dev_ws/install/turtlesim/include/turtlesim/srv/set_pen.h
[3.470s] -- Up-to-date: /home/sadurac/dev_ws/install/turtlesim/include/turtlesim/srv/teleport_relative.h
[3.471s] -- Up-to-date: /home/sadurac/dev_ws/install/turtlesim/include/turtlesim/srv/kill.h
[3.471s] -- Up-to-date: /home/sadurac/dev_ws/install/turtlesim/include/turtlesim/msg
[3.471s] -- Up-to-date: /home/sadurac/dev_ws/install/turtlesim/include/turtlesim/msg/pose.h
[3.471s] -- Up-to-date: /home/sadurac/dev_ws/install/turtlesim/include/turtlesim/msg/rosidl_generator_c__visibility_control.h
[3.471s] -- Up-to-date: /home/sadurac/dev_ws/install/turtlesim/include/turtlesim/msg/detail
[3.471s] -- Up-to-date: /home/sadurac/dev_ws/install/turtlesim/include/turtlesim/msg/detail/pose__functions.h
[3.471s] -- Up-to-date: /home/sadurac/dev_ws/install/turtlesim/include/turtlesim/msg/detail/color__functions.h
[3.471s] -- Up-to-date: /home/sadurac/dev_ws/install/turtlesim/include/turtlesim/msg/detail/color__struct.h
[3.471s] -- Up-to-date: /home/sadurac/dev_ws/install/turtlesim/include/turtlesim/msg/detail/pose__struct.h
[3.471s] -- Up-to-date: /home/sadurac/dev_ws/install/turtlesim/include/turtlesim/msg/detail/pose__type_support.h
[3.471s] -- Up-to-date: /home/sadurac/dev_ws/install/turtlesim/include/turtlesim/msg/detail/color__functions.c
[3.471s] -- Up-to-date: /home/sadurac/dev_ws/install/turtlesim/include/turtlesim/msg/detail/color__type_support.h
[3.471s] -- Up-to-date: /home/sadurac/dev_ws/install/turtlesim/include/turtlesim/msg/detail/pose__functions.c
[3.471s] -- Up-to-date: /home/sadurac/dev_ws/install/turtlesim/include/turtlesim/msg/color.h
[3.472s] -- Up-to-date: /home/sadurac/dev_ws/install/turtlesim/share/turtlesim/environment/library_path.sh
[3.472s] -- Up-to-date: /home/sadurac/dev_ws/install/turtlesim/share/turtlesim/environment/library_path.dsv
[3.477s] -- Up-to-date: /home/sadurac/dev_ws/install/turtlesim/lib/libturtlesim__rosidl_generator_c.so
[3.478s] -- Up-to-date: /home/sadurac/dev_ws/install/turtlesim/include/turtlesim
[3.478s] -- Up-to-date: /home/sadurac/dev_ws/install/turtlesim/include/turtlesim/action
[3.478s] -- Up-to-date: /home/sadurac/dev_ws/install/turtlesim/include/turtlesim/action/detail
[3.478s] -- Up-to-date: /home/sadurac/dev_ws/install/turtlesim/include/turtlesim/action/detail/rotate_absolute__rosidl_typesupport_fastrtps_c.h
[3.478s] -- Up-to-date: /home/sadurac/dev_ws/install/turtlesim/include/turtlesim/srv
[3.479s] -- Up-to-date: /home/sadurac/dev_ws/install/turtlesim/include/turtlesim/srv/detail
[3.479s] -- Up-to-date: /home/sadurac/dev_ws/install/turtlesim/include/turtlesim/srv/detail/kill__rosidl_typesupport_fastrtps_c.h
[3.479s] -- Up-to-date: /home/sadurac/dev_ws/install/turtlesim/include/turtlesim/srv/detail/teleport_relative__rosidl_typesupport_fastrtps_c.h
[3.479s] -- Up-to-date: /home/sadurac/dev_ws/install/turtlesim/include/turtlesim/srv/detail/spawn__rosidl_typesupport_fastrtps_c.h
[3.479s] -- Up-to-date: /home/sadurac/dev_ws/install/turtlesim/include/turtlesim/srv/detail/set_pen__rosidl_typesupport_fastrtps_c.h
[3.479s] -- Up-to-date: /home/sadurac/dev_ws/install/turtlesim/include/turtlesim/srv/detail/teleport_absolute__rosidl_typesupport_fastrtps_c.h
[3.479s] -- Up-to-date: /home/sadurac/dev_ws/install/turtlesim/include/turtlesim/msg
[3.479s] -- Up-to-date: /home/sadurac/dev_ws/install/turtlesim/include/turtlesim/msg/detail
[3.479s] -- Up-to-date: /home/sadurac/dev_ws/install/turtlesim/include/turtlesim/msg/detail/color__rosidl_typesupport_fastrtps_c.h
[3.479s] -- Up-to-date: /home/sadurac/dev_ws/install/turtlesim/include/turtlesim/msg/detail/pose__rosidl_typesupport_fastrtps_c.h
[3.479s] -- Up-to-date: /home/sadurac/dev_ws/install/turtlesim/include/turtlesim/msg/rosidl_typesupport_fastrtps_c__visibility_control.h
[3.480s] -- Up-to-date: /home/sadurac/dev_ws/install/turtlesim/lib/libturtlesim__rosidl_typesupport_fastrtps_c.so
[3.481s] -- Up-to-date: /home/sadurac/dev_ws/install/turtlesim/include/turtlesim
[3.481s] -- Up-to-date: /home/sadurac/dev_ws/install/turtlesim/include/turtlesim/action
[3.481s] -- Up-to-date: /home/sadurac/dev_ws/install/turtlesim/include/turtlesim/action/detail
[3.482s] -- Up-to-date: /home/sadurac/dev_ws/install/turtlesim/include/turtlesim/action/detail/dds_fastrtps
[3.482s] -- Up-to-date: /home/sadurac/dev_ws/install/turtlesim/include/turtlesim/action/detail/rotate_absolute__rosidl_typesupport_fastrtps_cpp.hpp
[3.482s] -- Up-to-date: /home/sadurac/dev_ws/install/turtlesim/include/turtlesim/srv
[3.482s] -- Up-to-date: /home/sadurac/dev_ws/install/turtlesim/include/turtlesim/srv/detail
[3.482s] -- Up-to-date: /home/sadurac/dev_ws/install/turtlesim/include/turtlesim/srv/detail/kill__rosidl_typesupport_fastrtps_cpp.hpp
[3.482s] -- Up-to-date: /home/sadurac/dev_ws/install/turtlesim/include/turtlesim/srv/detail/dds_fastrtps
[3.482s] -- Up-to-date: /home/sadurac/dev_ws/install/turtlesim/include/turtlesim/srv/detail/teleport_absolute__rosidl_typesupport_fastrtps_cpp.hpp
[3.482s] -- Up-to-date: /home/sadurac/dev_ws/install/turtlesim/include/turtlesim/srv/detail/set_pen__rosidl_typesupport_fastrtps_cpp.hpp
[3.482s] -- Up-to-date: /home/sadurac/dev_ws/install/turtlesim/include/turtlesim/srv/detail/spawn__rosidl_typesupport_fastrtps_cpp.hpp
[3.482s] -- Up-to-date: /home/sadurac/dev_ws/install/turtlesim/include/turtlesim/srv/detail/teleport_relative__rosidl_typesupport_fastrtps_cpp.hpp
[3.482s] -- Up-to-date: /home/sadurac/dev_ws/install/turtlesim/include/turtlesim/msg
[3.483s] -- Up-to-date: /home/sadurac/dev_ws/install/turtlesim/include/turtlesim/msg/rosidl_typesupport_fastrtps_cpp__visibility_control.h
[3.483s] -- Up-to-date: /home/sadurac/dev_ws/install/turtlesim/include/turtlesim/msg/detail
[3.483s] -- Up-to-date: /home/sadurac/dev_ws/install/turtlesim/include/turtlesim/msg/detail/dds_fastrtps
[3.483s] -- Up-to-date: /home/sadurac/dev_ws/install/turtlesim/include/turtlesim/msg/detail/color__rosidl_typesupport_fastrtps_cpp.hpp
[3.483s] -- Up-to-date: /home/sadurac/dev_ws/install/turtlesim/include/turtlesim/msg/detail/pose__rosidl_typesupport_fastrtps_cpp.hpp
[3.491s] -- Up-to-date: /home/sadurac/dev_ws/install/turtlesim/lib/libturtlesim__rosidl_typesupport_fastrtps_cpp.so
[3.492s] -- Up-to-date: /home/sadurac/dev_ws/install/turtlesim/include/turtlesim
[3.493s] -- Up-to-date: /home/sadurac/dev_ws/install/turtlesim/include/turtlesim/action
[3.494s] -- Up-to-date: /home/sadurac/dev_ws/install/turtlesim/include/turtlesim/action/detail
[3.495s] -- Up-to-date: /home/sadurac/dev_ws/install/turtlesim/include/turtlesim/action/detail/rotate_absolute__rosidl_typesupport_introspection_c.h
[3.495s] -- Up-to-date: /home/sadurac/dev_ws/install/turtlesim/include/turtlesim/action/detail/rotate_absolute__type_support.c
[3.495s] -- Up-to-date: /home/sadurac/dev_ws/install/turtlesim/include/turtlesim/srv
[3.496s] -- Up-to-date: /home/sadurac/dev_ws/install/turtlesim/include/turtlesim/srv/detail
[3.496s] -- Up-to-date: /home/sadurac/dev_ws/install/turtlesim/include/turtlesim/srv/detail/kill__type_support.c
[3.496s] -- Up-to-date: /home/sadurac/dev_ws/install/turtlesim/include/turtlesim/srv/detail/teleport_relative__rosidl_typesupport_introspection_c.h
[3.496s] -- Up-to-date: /home/sadurac/dev_ws/install/turtlesim/include/turtlesim/srv/detail/set_pen__type_support.c
[3.497s] -- Up-to-date: /home/sadurac/dev_ws/install/turtlesim/include/turtlesim/srv/detail/spawn__type_support.c
[3.497s] -- Up-to-date: /home/sadurac/dev_ws/install/turtlesim/include/turtlesim/srv/detail/set_pen__rosidl_typesupport_introspection_c.h
[3.497s] -- Up-to-date: /home/sadurac/dev_ws/install/turtlesim/include/turtlesim/srv/detail/teleport_absolute__rosidl_typesupport_introspection_c.h
[3.497s] -- Up-to-date: /home/sadurac/dev_ws/install/turtlesim/include/turtlesim/srv/detail/spawn__rosidl_typesupport_introspection_c.h
[3.498s] -- Up-to-date: /home/sadurac/dev_ws/install/turtlesim/include/turtlesim/srv/detail/kill__rosidl_typesupport_introspection_c.h
[3.498s] -- Up-to-date: /home/sadurac/dev_ws/install/turtlesim/include/turtlesim/srv/detail/teleport_relative__type_support.c
[3.498s] -- Up-to-date: /home/sadurac/dev_ws/install/turtlesim/include/turtlesim/srv/detail/teleport_absolute__type_support.c
[3.498s] -- Up-to-date: /home/sadurac/dev_ws/install/turtlesim/include/turtlesim/msg
[3.498s] -- Up-to-date: /home/sadurac/dev_ws/install/turtlesim/include/turtlesim/msg/rosidl_typesupport_introspection_c__visibility_control.h
[3.499s] -- Up-to-date: /home/sadurac/dev_ws/install/turtlesim/include/turtlesim/msg/detail
[3.499s] -- Up-to-date: /home/sadurac/dev_ws/install/turtlesim/include/turtlesim/msg/detail/color__rosidl_typesupport_introspection_c.h
[3.499s] -- Up-to-date: /home/sadurac/dev_ws/install/turtlesim/include/turtlesim/msg/detail/color__type_support.c
[3.499s] -- Up-to-date: /home/sadurac/dev_ws/install/turtlesim/include/turtlesim/msg/detail/pose__rosidl_typesupport_introspection_c.h
[3.500s] -- Up-to-date: /home/sadurac/dev_ws/install/turtlesim/include/turtlesim/msg/detail/pose__type_support.c
[3.508s] -- Up-to-date: /home/sadurac/dev_ws/install/turtlesim/lib/libturtlesim__rosidl_typesupport_introspection_c.so
[3.511s] -- Up-to-date: /home/sadurac/dev_ws/install/turtlesim/lib/libturtlesim__rosidl_typesupport_c.so
[3.512s] -- Up-to-date: /home/sadurac/dev_ws/install/turtlesim/include/turtlesim
[3.514s] -- Up-to-date: /home/sadurac/dev_ws/install/turtlesim/include/turtlesim/action
[3.514s] -- Up-to-date: /home/sadurac/dev_ws/install/turtlesim/include/turtlesim/action/rotate_absolute.hpp
[3.515s] -- Up-to-date: /home/sadurac/dev_ws/install/turtlesim/include/turtlesim/action/detail
[3.516s] -- Up-to-date: /home/sadurac/dev_ws/install/turtlesim/include/turtlesim/action/detail/rotate_absolute__traits.hpp
[3.516s] -- Up-to-date: /home/sadurac/dev_ws/install/turtlesim/include/turtlesim/action/detail/rotate_absolute__builder.hpp
[3.517s] -- Up-to-date: /home/sadurac/dev_ws/install/turtlesim/include/turtlesim/action/detail/rotate_absolute__struct.hpp
[3.518s] -- Up-to-date: /home/sadurac/dev_ws/install/turtlesim/include/turtlesim/srv
[3.518s] -- Up-to-date: /home/sadurac/dev_ws/install/turtlesim/include/turtlesim/srv/spawn.hpp
[3.519s] -- Up-to-date: /home/sadurac/dev_ws/install/turtlesim/include/turtlesim/srv/teleport_relative.hpp
[3.519s] -- Up-to-date: /home/sadurac/dev_ws/install/turtlesim/include/turtlesim/srv/detail
[3.519s] -- Up-to-date: /home/sadurac/dev_ws/install/turtlesim/include/turtlesim/srv/detail/kill__traits.hpp
[3.519s] -- Up-to-date: /home/sadurac/dev_ws/install/turtlesim/include/turtlesim/srv/detail/set_pen__struct.hpp
[3.520s] -- Up-to-date: /home/sadurac/dev_ws/install/turtlesim/include/turtlesim/srv/detail/teleport_absolute__traits.hpp
[3.520s] -- Up-to-date: /home/sadurac/dev_ws/install/turtlesim/include/turtlesim/srv/detail/kill__builder.hpp
[3.520s] -- Up-to-date: /home/sadurac/dev_ws/install/turtlesim/include/turtlesim/srv/detail/set_pen__traits.hpp
[3.520s] -- Up-to-date: /home/sadurac/dev_ws/install/turtlesim/include/turtlesim/srv/detail/spawn__traits.hpp
[3.521s] -- Up-to-date: /home/sadurac/dev_ws/install/turtlesim/include/turtlesim/srv/detail/teleport_relative__struct.hpp
[3.521s] -- Up-to-date: /home/sadurac/dev_ws/install/turtlesim/include/turtlesim/srv/detail/teleport_absolute__builder.hpp
[3.521s] -- Up-to-date: /home/sadurac/dev_ws/install/turtlesim/include/turtlesim/srv/detail/spawn__struct.hpp
[3.521s] -- Up-to-date: /home/sadurac/dev_ws/install/turtlesim/include/turtlesim/srv/detail/spawn__builder.hpp
[3.521s] -- Up-to-date: /home/sadurac/dev_ws/install/turtlesim/include/turtlesim/srv/detail/teleport_relative__builder.hpp
[3.522s] -- Up-to-date: /home/sadurac/dev_ws/install/turtlesim/include/turtlesim/srv/detail/teleport_relative__traits.hpp
[3.522s] -- Up-to-date: /home/sadurac/dev_ws/install/turtlesim/include/turtlesim/srv/detail/teleport_absolute__struct.hpp
[3.522s] -- Up-to-date: /home/sadurac/dev_ws/install/turtlesim/include/turtlesim/srv/detail/kill__struct.hpp
[3.522s] -- Up-to-date: /home/sadurac/dev_ws/install/turtlesim/include/turtlesim/srv/detail/set_pen__builder.hpp
[3.522s] -- Up-to-date: /home/sadurac/dev_ws/install/turtlesim/include/turtlesim/srv/set_pen.hpp
[3.522s] -- Up-to-date: /home/sadurac/dev_ws/install/turtlesim/include/turtlesim/srv/teleport_absolute.hpp
[3.522s] -- Up-to-date: /home/sadurac/dev_ws/install/turtlesim/include/turtlesim/srv/kill.hpp
[3.523s] -- Up-to-date: /home/sadurac/dev_ws/install/turtlesim/include/turtlesim/msg
[3.523s] -- Up-to-date: /home/sadurac/dev_ws/install/turtlesim/include/turtlesim/msg/detail
[3.523s] -- Up-to-date: /home/sadurac/dev_ws/install/turtlesim/include/turtlesim/msg/detail/pose__struct.hpp
[3.523s] -- Up-to-date: /home/sadurac/dev_ws/install/turtlesim/include/turtlesim/msg/detail/pose__builder.hpp
[3.523s] -- Up-to-date: /home/sadurac/dev_ws/install/turtlesim/include/turtlesim/msg/detail/color__builder.hpp
[3.523s] -- Up-to-date: /home/sadurac/dev_ws/install/turtlesim/include/turtlesim/msg/detail/color__traits.hpp
[3.524s] -- Up-to-date: /home/sadurac/dev_ws/install/turtlesim/include/turtlesim/msg/detail/pose__traits.hpp
[3.524s] -- Up-to-date: /home/sadurac/dev_ws/install/turtlesim/include/turtlesim/msg/detail/color__struct.hpp
[3.524s] -- Up-to-date: /home/sadurac/dev_ws/install/turtlesim/include/turtlesim/msg/pose.hpp
[3.524s] -- Up-to-date: /home/sadurac/dev_ws/install/turtlesim/include/turtlesim/msg/color.hpp
[3.524s] -- Up-to-date: /home/sadurac/dev_ws/install/turtlesim/include/turtlesim
[3.524s] -- Up-to-date: /home/sadurac/dev_ws/install/turtlesim/include/turtlesim/action
[3.524s] -- Up-to-date: /home/sadurac/dev_ws/install/turtlesim/include/turtlesim/action/detail
[3.525s] -- Up-to-date: /home/sadurac/dev_ws/install/turtlesim/include/turtlesim/action/detail/rotate_absolute__rosidl_typesupport_introspection_cpp.hpp
[3.525s] -- Up-to-date: /home/sadurac/dev_ws/install/turtlesim/include/turtlesim/action/detail/rotate_absolute__type_support.cpp
[3.525s] -- Up-to-date: /home/sadurac/dev_ws/install/turtlesim/include/turtlesim/srv
[3.525s] -- Up-to-date: /home/sadurac/dev_ws/install/turtlesim/include/turtlesim/srv/detail
[3.525s] -- Up-to-date: /home/sadurac/dev_ws/install/turtlesim/include/turtlesim/srv/detail/teleport_relative__type_support.cpp
[3.525s] -- Up-to-date: /home/sadurac/dev_ws/install/turtlesim/include/turtlesim/srv/detail/teleport_absolute__rosidl_typesupport_introspection_cpp.hpp
[3.526s] -- Up-to-date: /home/sadurac/dev_ws/install/turtlesim/include/turtlesim/srv/detail/teleport_absolute__type_support.cpp
[3.526s] -- Up-to-date: /home/sadurac/dev_ws/install/turtlesim/include/turtlesim/srv/detail/spawn__type_support.cpp
[3.526s] -- Up-to-date: /home/sadurac/dev_ws/install/turtlesim/include/turtlesim/srv/detail/kill__rosidl_typesupport_introspection_cpp.hpp
[3.526s] -- Up-to-date: /home/sadurac/dev_ws/install/turtlesim/include/turtlesim/srv/detail/kill__type_support.cpp
[3.526s] -- Up-to-date: /home/sadurac/dev_ws/install/turtlesim/include/turtlesim/srv/detail/set_pen__rosidl_typesupport_introspection_cpp.hpp
[3.527s] -- Up-to-date: /home/sadurac/dev_ws/install/turtlesim/include/turtlesim/srv/detail/teleport_relative__rosidl_typesupport_introspection_cpp.hpp
[3.527s] -- Up-to-date: /home/sadurac/dev_ws/install/turtlesim/include/turtlesim/srv/detail/spawn__rosidl_typesupport_introspection_cpp.hpp
[3.527s] -- Up-to-date: /home/sadurac/dev_ws/install/turtlesim/include/turtlesim/srv/detail/set_pen__type_support.cpp
[3.527s] -- Up-to-date: /home/sadurac/dev_ws/install/turtlesim/include/turtlesim/msg
[3.527s] -- Up-to-date: /home/sadurac/dev_ws/install/turtlesim/include/turtlesim/msg/detail
[3.527s] -- Up-to-date: /home/sadurac/dev_ws/install/turtlesim/include/turtlesim/msg/detail/color__type_support.cpp
[3.528s] -- Up-to-date: /home/sadurac/dev_ws/install/turtlesim/include/turtlesim/msg/detail/pose__type_support.cpp
[3.528s] -- Up-to-date: /home/sadurac/dev_ws/install/turtlesim/include/turtlesim/msg/detail/pose__rosidl_typesupport_introspection_cpp.hpp
[3.528s] -- Up-to-date: /home/sadurac/dev_ws/install/turtlesim/include/turtlesim/msg/detail/color__rosidl_typesupport_introspection_cpp.hpp
[3.528s] -- Up-to-date: /home/sadurac/dev_ws/install/turtlesim/lib/libturtlesim__rosidl_typesupport_introspection_cpp.so
[3.528s] -- Up-to-date: /home/sadurac/dev_ws/install/turtlesim/lib/libturtlesim__rosidl_typesupport_cpp.so
[3.528s] -- Up-to-date: /home/sadurac/dev_ws/install/turtlesim/share/turtlesim/environment/pythonpath.sh
[3.529s] -- Up-to-date: /home/sadurac/dev_ws/install/turtlesim/share/turtlesim/environment/pythonpath.dsv
[3.529s] -- Up-to-date: /home/sadurac/dev_ws/install/turtlesim/lib/python3.8/site-packages/turtlesim/__init__.py
[3.593s] -- Up-to-date: /home/sadurac/dev_ws/install/turtlesim/lib/python3.8/site-packages/turtlesim/action
[3.593s] -- Up-to-date: /home/sadurac/dev_ws/install/turtlesim/lib/python3.8/site-packages/turtlesim/action/_rotate_absolute.py
[3.593s] -- Up-to-date: /home/sadurac/dev_ws/install/turtlesim/lib/python3.8/site-packages/turtlesim/action/__init__.py
[3.593s] -- Up-to-date: /home/sadurac/dev_ws/install/turtlesim/lib/python3.8/site-packages/turtlesim/action/_rotate_absolute_s.c
[3.593s] -- Up-to-date: /home/sadurac/dev_ws/install/turtlesim/lib/python3.8/site-packages/turtlesim/msg
[3.593s] -- Up-to-date: /home/sadurac/dev_ws/install/turtlesim/lib/python3.8/site-packages/turtlesim/msg/_color.py
[3.594s] -- Up-to-date: /home/sadurac/dev_ws/install/turtlesim/lib/python3.8/site-packages/turtlesim/msg/_pose_s.c
[3.594s] -- Up-to-date: /home/sadurac/dev_ws/install/turtlesim/lib/python3.8/site-packages/turtlesim/msg/_pose.py
[3.594s] -- Up-to-date: /home/sadurac/dev_ws/install/turtlesim/lib/python3.8/site-packages/turtlesim/msg/_color_s.c
[3.594s] -- Up-to-date: /home/sadurac/dev_ws/install/turtlesim/lib/python3.8/site-packages/turtlesim/msg/__init__.py
[3.594s] -- Up-to-date: /home/sadurac/dev_ws/install/turtlesim/lib/python3.8/site-packages/turtlesim/srv
[3.594s] -- Up-to-date: /home/sadurac/dev_ws/install/turtlesim/lib/python3.8/site-packages/turtlesim/srv/_teleport_absolute_s.c
[3.594s] -- Up-to-date: /home/sadurac/dev_ws/install/turtlesim/lib/python3.8/site-packages/turtlesim/srv/_spawn_s.c
[3.594s] -- Up-to-date: /home/sadurac/dev_ws/install/turtlesim/lib/python3.8/site-packages/turtlesim/srv/_spawn.py
[3.594s] -- Up-to-date: /home/sadurac/dev_ws/install/turtlesim/lib/python3.8/site-packages/turtlesim/srv/_kill.py
[3.594s] -- Up-to-date: /home/sadurac/dev_ws/install/turtlesim/lib/python3.8/site-packages/turtlesim/srv/_teleport_relative_s.c
[3.594s] -- Up-to-date: /home/sadurac/dev_ws/install/turtlesim/lib/python3.8/site-packages/turtlesim/srv/_kill_s.c
[3.595s] -- Up-to-date: /home/sadurac/dev_ws/install/turtlesim/lib/python3.8/site-packages/turtlesim/srv/_teleport_absolute.py
[3.595s] -- Up-to-date: /home/sadurac/dev_ws/install/turtlesim/lib/python3.8/site-packages/turtlesim/srv/_set_pen.py
[3.595s] -- Up-to-date: /home/sadurac/dev_ws/install/turtlesim/lib/python3.8/site-packages/turtlesim/srv/_set_pen_s.c
[3.595s] -- Up-to-date: /home/sadurac/dev_ws/install/turtlesim/lib/python3.8/site-packages/turtlesim/srv/_teleport_relative.py
[3.595s] -- Up-to-date: /home/sadurac/dev_ws/install/turtlesim/lib/python3.8/site-packages/turtlesim/srv/__init__.py
[3.595s] -- Up-to-date: /home/sadurac/dev_ws/install/turtlesim/lib/python3.8/site-packages/turtlesim/turtlesim_s__rosidl_typesupport_fastrtps_c.cpython-38-x86_64-linux-gnu.so
[3.596s] -- Up-to-date: /home/sadurac/dev_ws/install/turtlesim/lib/python3.8/site-packages/turtlesim/turtlesim_s__rosidl_typesupport_introspection_c.cpython-38-x86_64-linux-gnu.so
[3.597s] -- Up-to-date: /home/sadurac/dev_ws/install/turtlesim/lib/python3.8/site-packages/turtlesim/turtlesim_s__rosidl_typesupport_c.cpython-38-x86_64-linux-gnu.so
[3.598s] -- Up-to-date: /home/sadurac/dev_ws/install/turtlesim/lib/libturtlesim__python.so
[3.599s] -- Up-to-date: /home/sadurac/dev_ws/install/turtlesim/share/turtlesim/action/RotateAbsolute.idl
[3.599s] -- Up-to-date: /home/sadurac/dev_ws/install/turtlesim/share/turtlesim/msg/Color.idl
[3.599s] -- Up-to-date: /home/sadurac/dev_ws/install/turtlesim/share/turtlesim/msg/Pose.idl
[3.599s] -- Up-to-date: /home/sadurac/dev_ws/install/turtlesim/share/turtlesim/srv/Kill.idl
[3.599s] -- Up-to-date: /home/sadurac/dev_ws/install/turtlesim/share/turtlesim/srv/SetPen.idl
[3.600s] -- Up-to-date: /home/sadurac/dev_ws/install/turtlesim/share/turtlesim/srv/Spawn.idl
[3.600s] -- Up-to-date: /home/sadurac/dev_ws/install/turtlesim/share/turtlesim/srv/TeleportAbsolute.idl
[3.600s] -- Up-to-date: /home/sadurac/dev_ws/install/turtlesim/share/turtlesim/srv/TeleportRelative.idl
[3.600s] -- Up-to-date: /home/sadurac/dev_ws/install/turtlesim/share/turtlesim/action/RotateAbsolute.action
[3.600s] -- Up-to-date: /home/sadurac/dev_ws/install/turtlesim/share/turtlesim/msg/Color.msg
[3.600s] -- Up-to-date: /home/sadurac/dev_ws/install/turtlesim/share/turtlesim/msg/Pose.msg
[3.601s] -- Up-to-date: /home/sadurac/dev_ws/install/turtlesim/share/turtlesim/srv/Kill.srv
[3.601s] -- Up-to-date: /home/sadurac/dev_ws/install/turtlesim/share/turtlesim/srv/Kill_Request.msg
[3.601s] -- Up-to-date: /home/sadurac/dev_ws/install/turtlesim/share/turtlesim/srv/Kill_Response.msg
[3.601s] -- Up-to-date: /home/sadurac/dev_ws/install/turtlesim/share/turtlesim/srv/SetPen.srv
[3.601s] -- Up-to-date: /home/sadurac/dev_ws/install/turtlesim/share/turtlesim/srv/SetPen_Request.msg
[3.601s] -- Up-to-date: /home/sadurac/dev_ws/install/turtlesim/share/turtlesim/srv/SetPen_Response.msg
[3.601s] -- Up-to-date: /home/sadurac/dev_ws/install/turtlesim/share/turtlesim/srv/Spawn.srv
[3.601s] -- Up-to-date: /home/sadurac/dev_ws/install/turtlesim/share/turtlesim/srv/Spawn_Request.msg
[3.601s] -- Up-to-date: /home/sadurac/dev_ws/install/turtlesim/share/turtlesim/srv/Spawn_Response.msg
[3.601s] -- Up-to-date: /home/sadurac/dev_ws/install/turtlesim/share/turtlesim/srv/TeleportAbsolute.srv
[3.601s] -- Up-to-date: /home/sadurac/dev_ws/install/turtlesim/share/turtlesim/srv/TeleportAbsolute_Request.msg
[3.602s] -- Up-to-date: /home/sadurac/dev_ws/install/turtlesim/share/turtlesim/srv/TeleportAbsolute_Response.msg
[3.602s] -- Up-to-date: /home/sadurac/dev_ws/install/turtlesim/share/turtlesim/srv/TeleportRelative.srv
[3.602s] -- Up-to-date: /home/sadurac/dev_ws/install/turtlesim/share/turtlesim/srv/TeleportRelative_Request.msg
[3.602s] -- Up-to-date: /home/sadurac/dev_ws/install/turtlesim/share/turtlesim/srv/TeleportRelative_Response.msg
[3.631s] -- Up-to-date: /home/sadurac/dev_ws/install/turtlesim/lib/turtlesim/turtlesim_node
[3.635s] -- Up-to-date: /home/sadurac/dev_ws/install/turtlesim/lib/turtlesim/turtle_teleop_key
[3.656s] -- Up-to-date: /home/sadurac/dev_ws/install/turtlesim/lib/turtlesim/draw_square
[3.669s] -- Up-to-date: /home/sadurac/dev_ws/install/turtlesim/lib/turtlesim/mimic
[3.671s] -- Up-to-date: /home/sadurac/dev_ws/install/turtlesim/share/turtlesim/images
[3.690s] -- Up-to-date: /home/sadurac/dev_ws/install/turtlesim/share/turtlesim/images/foxy.png
[3.691s] -- Up-to-date: /home/sadurac/dev_ws/install/turtlesim/share/turtlesim/images/dashing.png
[3.692s] -- Up-to-date: /home/sadurac/dev_ws/install/turtlesim/share/turtlesim/images/bouncy.png
[3.692s] -- Up-to-date: /home/sadurac/dev_ws/install/turtlesim/share/turtlesim/images/eloquent.png
[3.693s] -- Up-to-date: /home/sadurac/dev_ws/install/turtlesim/share/turtlesim/images/crystal.png
[3.693s] -- Up-to-date: /home/sadurac/dev_ws/install/turtlesim/share/turtlesim/images/ardent.png
[3.694s] -- Up-to-date: /home/sadurac/dev_ws/install/turtlesim/share/turtlesim/launch
[3.695s] -- Up-to-date: /home/sadurac/dev_ws/install/turtlesim/share/turtlesim/launch/multisim.launch.py
[3.695s] -- Up-to-date: /home/sadurac/dev_ws/install/turtlesim/share/ament_index/resource_index/package_run_dependencies/turtlesim
[3.695s] -- Up-to-date: /home/sadurac/dev_ws/install/turtlesim/share/ament_index/resource_index/parent_prefix_path/turtlesim
[3.696s] -- Up-to-date: /home/sadurac/dev_ws/install/turtlesim/share/turtlesim/environment/ament_prefix_path.sh
[3.696s] -- Up-to-date: /home/sadurac/dev_ws/install/turtlesim/share/turtlesim/environment/ament_prefix_path.dsv
[3.696s] -- Up-to-date: /home/sadurac/dev_ws/install/turtlesim/share/turtlesim/environment/path.sh
[3.697s] -- Up-to-date: /home/sadurac/dev_ws/install/turtlesim/share/turtlesim/environment/path.dsv
[3.697s] -- Up-to-date: /home/sadurac/dev_ws/install/turtlesim/share/turtlesim/local_setup.bash
[3.697s] -- Up-to-date: /home/sadurac/dev_ws/install/turtlesim/share/turtlesim/local_setup.sh
[3.697s] -- Up-to-date: /home/sadurac/dev_ws/install/turtlesim/share/turtlesim/local_setup.zsh
[3.698s] -- Up-to-date: /home/sadurac/dev_ws/install/turtlesim/share/turtlesim/local_setup.dsv
[3.698s] -- Installing: /home/sadurac/dev_ws/install/turtlesim/share/turtlesim/package.dsv
[3.703s] -- Up-to-date: /home/sadurac/dev_ws/install/turtlesim/share/ament_index/resource_index/packages/turtlesim
[3.729s] -- Up-to-date: /home/sadurac/dev_ws/install/turtlesim/share/turtlesim/cmake/turtlesim__rosidl_generator_cExport.cmake
[3.730s] -- Up-to-date: /home/sadurac/dev_ws/install/turtlesim/share/turtlesim/cmake/turtlesim__rosidl_generator_cExport-noconfig.cmake
[3.731s] -- Up-to-date: /home/sadurac/dev_ws/install/turtlesim/share/turtlesim/cmake/turtlesim__rosidl_typesupport_introspection_cExport.cmake
[3.731s] -- Up-to-date: /home/sadurac/dev_ws/install/turtlesim/share/turtlesim/cmake/turtlesim__rosidl_typesupport_introspection_cExport-noconfig.cmake
[3.733s] -- Up-to-date: /home/sadurac/dev_ws/install/turtlesim/share/turtlesim/cmake/turtlesim__rosidl_typesupport_cExport.cmake
[3.733s] -- Up-to-date: /home/sadurac/dev_ws/install/turtlesim/share/turtlesim/cmake/turtlesim__rosidl_typesupport_cExport-noconfig.cmake
[3.734s] -- Up-to-date: /home/sadurac/dev_ws/install/turtlesim/share/turtlesim/cmake/turtlesim__rosidl_generator_cppExport.cmake
[3.735s] -- Up-to-date: /home/sadurac/dev_ws/install/turtlesim/share/turtlesim/cmake/turtlesim__rosidl_typesupport_introspection_cppExport.cmake
[3.736s] -- Up-to-date: /home/sadurac/dev_ws/install/turtlesim/share/turtlesim/cmake/turtlesim__rosidl_typesupport_introspection_cppExport-noconfig.cmake
[3.737s] -- Up-to-date: /home/sadurac/dev_ws/install/turtlesim/share/turtlesim/cmake/turtlesim__rosidl_typesupport_cppExport.cmake
[3.737s] -- Up-to-date: /home/sadurac/dev_ws/install/turtlesim/share/turtlesim/cmake/turtlesim__rosidl_typesupport_cppExport-noconfig.cmake
[3.738s] -- Up-to-date: /home/sadurac/dev_ws/install/turtlesim/share/turtlesim/cmake/rosidl_cmake-extras.cmake
[3.738s] -- Up-to-date: /home/sadurac/dev_ws/install/turtlesim/share/turtlesim/cmake/ament_cmake_export_dependencies-extras.cmake
[3.739s] -- Up-to-date: /home/sadurac/dev_ws/install/turtlesim/share/turtlesim/cmake/ament_cmake_export_libraries-extras.cmake
[3.739s] -- Up-to-date: /home/sadurac/dev_ws/install/turtlesim/share/turtlesim/cmake/ament_cmake_export_targets-extras.cmake
[3.740s] -- Up-to-date: /home/sadurac/dev_ws/install/turtlesim/share/turtlesim/cmake/ament_cmake_export_include_directories-extras.cmake
[3.740s] -- Up-to-date: /home/sadurac/dev_ws/install/turtlesim/share/turtlesim/cmake/rosidl_cmake_export_typesupport_libraries-extras.cmake
[3.740s] -- Up-to-date: /home/sadurac/dev_ws/install/turtlesim/share/turtlesim/cmake/rosidl_cmake_export_typesupport_targets-extras.cmake
[3.741s] -- Up-to-date: /home/sadurac/dev_ws/install/turtlesim/share/turtlesim/cmake/turtlesimConfig.cmake
[3.741s] -- Up-to-date: /home/sadurac/dev_ws/install/turtlesim/share/turtlesim/cmake/turtlesimConfig-version.cmake
[3.741s] -- Up-to-date: /home/sadurac/dev_ws/install/turtlesim/share/turtlesim/package.xml
[3.758s] Invoked command in '/home/sadurac/dev_ws/build/turtlesim' returned '0': CMAKE_PREFIX_PATH=${CMAKE_PREFIX_PATH}:/home/sadurac/nav2_ws/install/nav2_gazebo_spawner:/opt/ros/foxy /usr/bin/cmake --install /home/sadurac/dev_ws/build/turtlesim
