[0.906s] Invoking command in '/home/sadurac/dev_ws/src/cv_basics': PYTHONPATH=/home/sadurac/dev_ws/install/cv_basics/lib/python3.8/site-packages:${PYTHONPATH} /usr/bin/python3 setup.py egg_info --egg-base ../../build/cv_basics build --build-base /home/sadurac/dev_ws/build/cv_basics/build install --prefix /home/sadurac/dev_ws/install/cv_basics --record /home/sadurac/dev_ws/build/cv_basics/install.log --single-version-externally-managed
[1.166s] running egg_info
[1.167s] writing ../../build/cv_basics/cv_basics.egg-info/PKG-INFO
[1.168s] writing dependency_links to ../../build/cv_basics/cv_basics.egg-info/dependency_links.txt
[1.168s] writing entry points to ../../build/cv_basics/cv_basics.egg-info/entry_points.txt
[1.168s] writing requirements to ../../build/cv_basics/cv_basics.egg-info/requires.txt
[1.168s] writing top-level names to ../../build/cv_basics/cv_basics.egg-info/top_level.txt
[1.210s] reading manifest file '../../build/cv_basics/cv_basics.egg-info/SOURCES.txt'
[1.211s] writing manifest file '../../build/cv_basics/cv_basics.egg-info/SOURCES.txt'
[1.211s] running build
[1.211s] running build_py
[1.212s] running install
[1.213s] running install_lib
[1.214s] running install_data
[1.215s] running install_egg_info
[1.217s] removing '/home/sadurac/dev_ws/install/cv_basics/lib/python3.8/site-packages/cv_basics-0.0.0-py3.8.egg-info' (and everything under it)
[1.217s] Copying ../../build/cv_basics/cv_basics.egg-info to /home/sadurac/dev_ws/install/cv_basics/lib/python3.8/site-packages/cv_basics-0.0.0-py3.8.egg-info
[1.218s] running install_scripts
[1.239s] Installing img_publisher script to /home/sadurac/dev_ws/install/cv_basics/lib/cv_basics
[1.239s] Installing img_subscriber script to /home/sadurac/dev_ws/install/cv_basics/lib/cv_basics
[1.240s] writing list of installed files to '/home/sadurac/dev_ws/build/cv_basics/install.log'
[1.272s] Invoked command in '/home/sadurac/dev_ws/src/cv_basics' returned '0': PYTHONPATH=/home/sadurac/dev_ws/install/cv_basics/lib/python3.8/site-packages:${PYTHONPATH} /usr/bin/python3 setup.py egg_info --egg-base ../../build/cv_basics build --build-base /home/sadurac/dev_ws/build/cv_basics/build install --prefix /home/sadurac/dev_ws/install/cv_basics --record /home/sadurac/dev_ws/build/cv_basics/install.log --single-version-externally-managed
