[0.080s] Invoking command in '/home/sadurac/dev_ws/src/basic_mobile_robot/build/basic_mobile_robot': CMAKE_PREFIX_PATH=${CMAKE_PREFIX_PATH}:/home/sadurac/nav2_ws/install/nav2_gazebo_spawner:/opt/ros/foxy /usr/bin/cmake /home/sadurac/dev_ws/src/basic_mobile_robot -DCMAKE_INSTALL_PREFIX=/home/sadurac/dev_ws/src/basic_mobile_robot/install/basic_mobile_robot
[1.222s] -- The C compiler identification is GNU 9.4.0
[1.669s] -- The CXX compiler identification is GNU 9.4.0
[1.813s] -- Check for working C compiler: /usr/bin/cc
[2.073s] -- Check for working C compiler: /usr/bin/cc -- works
[2.087s] -- Detecting C compiler ABI info
[2.341s] -- Detecting C compiler ABI info - done
[2.363s] -- Detecting C compile features
[2.377s] -- Detecting C compile features - done
[2.434s] -- Check for working CXX compiler: /usr/bin/c++
[2.656s] -- Check for working CXX compiler: /usr/bin/c++ -- works
[2.658s] -- Detecting CXX compiler ABI info
[2.808s] -- Detecting CXX compiler ABI info - done
[2.829s] -- Detecting CXX compile features
[2.830s] -- Detecting CXX compile features - done
[3.282s] -- Found ament_cmake: 0.9.9 (/opt/ros/foxy/share/ament_cmake/cmake)
[3.583s] -- Found PythonInterp: /usr/bin/python3 (found suitable version "3.8.10", minimum required is "3") 
[3.583s] -- Using PYTHON_EXECUTABLE: /usr/bin/python3
[4.220s] -- Found ament_lint_auto: 0.9.6 (/opt/ros/foxy/share/ament_lint_auto/cmake)
[4.593s] -- Added test 'copyright' to check source files copyright and LICENSE
[4.629s] -- Added test 'cppcheck' to perform static code analysis on C / C++ code
[4.629s] -- Configured cppcheck include dirs: 
[4.630s] -- Configured cppcheck exclude dirs and/or files: 
[4.641s] -- Added test 'cpplint' to check C / C++ code against the Google style
[4.642s] -- Configured cpplint exclude dirs and/or files: 
[4.644s] -- Added test 'flake8' to check Python code syntax and style conventions
[4.672s] -- Added test 'lint_cmake' to check CMake code style
[4.682s] -- Added test 'pep257' to check Python code against some of the style conventions in PEP 257
[4.727s] -- Added test 'uncrustify' to check C / C++ code style
[4.727s] -- Configured uncrustify additional arguments: 
[4.753s] -- Added test 'xmllint' to check XML markup files
[4.795s] -- Configuring done
[4.809s] -- Generating done
[4.817s] -- Build files have been written to: /home/sadurac/dev_ws/src/basic_mobile_robot/build/basic_mobile_robot
[4.836s] Invoked command in '/home/sadurac/dev_ws/src/basic_mobile_robot/build/basic_mobile_robot' returned '0': CMAKE_PREFIX_PATH=${CMAKE_PREFIX_PATH}:/home/sadurac/nav2_ws/install/nav2_gazebo_spawner:/opt/ros/foxy /usr/bin/cmake /home/sadurac/dev_ws/src/basic_mobile_robot -DCMAKE_INSTALL_PREFIX=/home/sadurac/dev_ws/src/basic_mobile_robot/install/basic_mobile_robot
[4.852s] Invoking command in '/home/sadurac/dev_ws/src/basic_mobile_robot/build/basic_mobile_robot': CMAKE_PREFIX_PATH=${CMAKE_PREFIX_PATH}:/home/sadurac/nav2_ws/install/nav2_gazebo_spawner:/opt/ros/foxy /usr/bin/cmake --build /home/sadurac/dev_ws/src/basic_mobile_robot/build/basic_mobile_robot -- -j4 -l4
[4.966s] Invoked command in '/home/sadurac/dev_ws/src/basic_mobile_robot/build/basic_mobile_robot' returned '0': CMAKE_PREFIX_PATH=${CMAKE_PREFIX_PATH}:/home/sadurac/nav2_ws/install/nav2_gazebo_spawner:/opt/ros/foxy /usr/bin/cmake --build /home/sadurac/dev_ws/src/basic_mobile_robot/build/basic_mobile_robot -- -j4 -l4
[5.039s] Invoking command in '/home/sadurac/dev_ws/src/basic_mobile_robot/build/basic_mobile_robot': CMAKE_PREFIX_PATH=${CMAKE_PREFIX_PATH}:/home/sadurac/nav2_ws/install/nav2_gazebo_spawner:/opt/ros/foxy /usr/bin/cmake --install /home/sadurac/dev_ws/src/basic_mobile_robot/build/basic_mobile_robot
[5.057s] -- Install configuration: ""
[5.058s] -- Installing: /home/sadurac/dev_ws/src/basic_mobile_robot/install/basic_mobile_robot/share/basic_mobile_robot/config
[5.058s] -- Installing: /home/sadurac/dev_ws/src/basic_mobile_robot/install/basic_mobile_robot/share/basic_mobile_robot/launch
[5.058s] -- Installing: /home/sadurac/dev_ws/src/basic_mobile_robot/install/basic_mobile_robot/share/basic_mobile_robot/launch/basic_mobile_bot_v1.launch.py
[5.098s] -- Installing: /home/sadurac/dev_ws/src/basic_mobile_robot/install/basic_mobile_robot/share/basic_mobile_robot/maps
[5.099s] -- Installing: /home/sadurac/dev_ws/src/basic_mobile_robot/install/basic_mobile_robot/share/basic_mobile_robot/meshes
[5.099s] -- Installing: /home/sadurac/dev_ws/src/basic_mobile_robot/install/basic_mobile_robot/share/basic_mobile_robot/models
[5.100s] -- Installing: /home/sadurac/dev_ws/src/basic_mobile_robot/install/basic_mobile_robot/share/basic_mobile_robot/models/basic_mobile_bot_description
[5.100s] -- Installing: /home/sadurac/dev_ws/src/basic_mobile_robot/install/basic_mobile_robot/share/basic_mobile_robot/models/basic_mobile_bot_description/meshes
[5.100s] -- Installing: /home/sadurac/dev_ws/src/basic_mobile_robot/install/basic_mobile_robot/share/basic_mobile_robot/models/basic_mobile_bot_description/model.sdf
[5.100s] -- Installing: /home/sadurac/dev_ws/src/basic_mobile_robot/install/basic_mobile_robot/share/basic_mobile_robot/models/basic_mobile_bot_description/model.config
[5.101s] -- Installing: /home/sadurac/dev_ws/src/basic_mobile_robot/install/basic_mobile_robot/share/basic_mobile_robot/models/basic_mobile_bot_v1.urdf
[5.101s] -- Installing: /home/sadurac/dev_ws/src/basic_mobile_robot/install/basic_mobile_robot/share/basic_mobile_robot/params
[5.102s] -- Installing: /home/sadurac/dev_ws/src/basic_mobile_robot/install/basic_mobile_robot/share/basic_mobile_robot/rviz
[5.102s] -- Installing: /home/sadurac/dev_ws/src/basic_mobile_robot/install/basic_mobile_robot/share/basic_mobile_robot/rviz/urdf_config.rviz
[5.103s] -- Installing: /home/sadurac/dev_ws/src/basic_mobile_robot/install/basic_mobile_robot/share/basic_mobile_robot/src
[5.103s] -- Installing: /home/sadurac/dev_ws/src/basic_mobile_robot/install/basic_mobile_robot/share/basic_mobile_robot/worlds
[5.103s] -- Installing: /home/sadurac/dev_ws/src/basic_mobile_robot/install/basic_mobile_robot/share/ament_index/resource_index/package_run_dependencies/basic_mobile_robot
[5.104s] -- Installing: /home/sadurac/dev_ws/src/basic_mobile_robot/install/basic_mobile_robot/share/ament_index/resource_index/parent_prefix_path/basic_mobile_robot
[5.104s] -- Installing: /home/sadurac/dev_ws/src/basic_mobile_robot/install/basic_mobile_robot/share/basic_mobile_robot/environment/ament_prefix_path.sh
[5.104s] -- Installing: /home/sadurac/dev_ws/src/basic_mobile_robot/install/basic_mobile_robot/share/basic_mobile_robot/environment/ament_prefix_path.dsv
[5.104s] -- Installing: /home/sadurac/dev_ws/src/basic_mobile_robot/install/basic_mobile_robot/share/basic_mobile_robot/environment/path.sh
[5.105s] -- Installing: /home/sadurac/dev_ws/src/basic_mobile_robot/install/basic_mobile_robot/share/basic_mobile_robot/environment/path.dsv
[5.105s] -- Installing: /home/sadurac/dev_ws/src/basic_mobile_robot/install/basic_mobile_robot/share/basic_mobile_robot/local_setup.bash
[5.105s] -- Installing: /home/sadurac/dev_ws/src/basic_mobile_robot/install/basic_mobile_robot/share/basic_mobile_robot/local_setup.sh
[5.105s] -- Installing: /home/sadurac/dev_ws/src/basic_mobile_robot/install/basic_mobile_robot/share/basic_mobile_robot/local_setup.zsh
[5.105s] -- Installing: /home/sadurac/dev_ws/src/basic_mobile_robot/install/basic_mobile_robot/share/basic_mobile_robot/local_setup.dsv
[5.106s] -- Installing: /home/sadurac/dev_ws/src/basic_mobile_robot/install/basic_mobile_robot/share/basic_mobile_robot/package.dsv
[5.106s] -- Installing: /home/sadurac/dev_ws/src/basic_mobile_robot/install/basic_mobile_robot/share/ament_index/resource_index/packages/basic_mobile_robot
[5.106s] -- Installing: /home/sadurac/dev_ws/src/basic_mobile_robot/install/basic_mobile_robot/share/basic_mobile_robot/cmake/basic_mobile_robotConfig.cmake
[5.106s] -- Installing: /home/sadurac/dev_ws/src/basic_mobile_robot/install/basic_mobile_robot/share/basic_mobile_robot/cmake/basic_mobile_robotConfig-version.cmake
[5.106s] -- Installing: /home/sadurac/dev_ws/src/basic_mobile_robot/install/basic_mobile_robot/share/basic_mobile_robot/package.xml
[5.110s] Invoked command in '/home/sadurac/dev_ws/src/basic_mobile_robot/build/basic_mobile_robot' returned '0': CMAKE_PREFIX_PATH=${CMAKE_PREFIX_PATH}:/home/sadurac/nav2_ws/install/nav2_gazebo_spawner:/opt/ros/foxy /usr/bin/cmake --install /home/sadurac/dev_ws/src/basic_mobile_robot/build/basic_mobile_robot
