-- The C compiler identification is GNU 9.3.0
-- The CXX compiler identification is GNU 9.3.0
-- Check for working C compiler: /usr/bin/cc
-- Check for working C compiler: /usr/bin/cc -- works
-- Detecting C compiler ABI info
-- Detecting C compiler ABI info - done
-- Detecting C compile features
-- Detecting C compile features - done
-- Check for working CXX compiler: /usr/bin/c++
-- Check for working CXX compiler: /usr/bin/c++ -- works
-- Detecting CXX compiler ABI info
-- Detecting CXX compiler ABI info - done
-- Detecting CXX compile features
-- Detecting CXX compile features - done
-- Found ament_cmake: 0.9.9 (/opt/ros/foxy/share/ament_cmake/cmake)
-- Found PythonInterp: /usr/bin/python3 (found suitable version "3.8.10", minimum required is "3") 
-- Using PYTHON_EXECUTABLE: /usr/bin/python3
-- Found ament_lint_auto: 0.9.6 (/opt/ros/foxy/share/ament_lint_auto/cmake)
-- Added test 'copyright' to check source files copyright and LICENSE
-- Added test 'lint_cmake' to check CMake code style
-- Added test 'xmllint' to check XML markup files
-- Configuring done
-- Generating done
-- Build files have been written to: /home/sadurac/dev_ws/build/my-package
-- Install configuration: ""
-- Installing: /home/sadurac/dev_ws/install/my-package/share/ament_index/resource_index/package_run_dependencies/my-package
-- Installing: /home/sadurac/dev_ws/install/my-package/share/ament_index/resource_index/parent_prefix_path/my-package
-- Installing: /home/sadurac/dev_ws/install/my-package/share/my-package/environment/ament_prefix_path.sh
-- Installing: /home/sadurac/dev_ws/install/my-package/share/my-package/environment/ament_prefix_path.dsv
-- Installing: /home/sadurac/dev_ws/install/my-package/share/my-package/environment/path.sh
-- Installing: /home/sadurac/dev_ws/install/my-package/share/my-package/environment/path.dsv
-- Installing: /home/sadurac/dev_ws/install/my-package/share/my-package/local_setup.bash
-- Installing: /home/sadurac/dev_ws/install/my-package/share/my-package/local_setup.sh
-- Installing: /home/sadurac/dev_ws/install/my-package/share/my-package/local_setup.zsh
-- Installing: /home/sadurac/dev_ws/install/my-package/share/my-package/local_setup.dsv
-- Installing: /home/sadurac/dev_ws/install/my-package/share/my-package/package.dsv
-- Installing: /home/sadurac/dev_ws/install/my-package/share/ament_index/resource_index/packages/my-package
-- Installing: /home/sadurac/dev_ws/install/my-package/share/my-package/cmake/my-packageConfig.cmake
-- Installing: /home/sadurac/dev_ws/install/my-package/share/my-package/cmake/my-packageConfig-version.cmake
-- Installing: /home/sadurac/dev_ws/install/my-package/share/my-package/package.xml
