[0.062s] Invoking command in '/home/sadurac/dev_ws/build/my-package': CMAKE_PREFIX_PATH=${CMAKE_PREFIX_PATH}:/home/sadurac/nav2_ws/install/nav2_gazebo_spawner:/opt/ros/foxy /usr/bin/cmake /home/sadurac/dev_ws/my-package -DCMAKE_INSTALL_PREFIX=/home/sadurac/dev_ws/install/my-package
[0.154s] -- The C compiler identification is GNU 9.3.0
[0.268s] -- The CXX compiler identification is GNU 9.3.0
[0.276s] -- Check for working C compiler: /usr/bin/cc
[0.400s] -- Check for working C compiler: /usr/bin/cc -- works
[0.403s] -- Detecting C compiler ABI info
[0.570s] -- Detecting C compiler ABI info - done
[0.585s] -- Detecting C compile features
[0.586s] -- Detecting C compile features - done
[0.589s] -- Check for working CXX compiler: /usr/bin/c++
[0.712s] -- Check for working CXX compiler: /usr/bin/c++ -- works
[0.713s] -- Detecting CXX compiler ABI info
[0.825s] -- Detecting CXX compiler ABI info - done
[0.843s] -- Detecting CXX compile features
[0.844s] -- Detecting CXX compile features - done
[0.850s] -- Found ament_cmake: 0.9.9 (/opt/ros/foxy/share/ament_cmake/cmake)
[0.897s] -- Found PythonInterp: /usr/bin/python3 (found suitable version "3.8.10", minimum required is "3") 
[0.898s] -- Using PYTHON_EXECUTABLE: /usr/bin/python3
[1.250s] -- Found ament_lint_auto: 0.9.6 (/opt/ros/foxy/share/ament_lint_auto/cmake)
[1.489s] -- Added test 'copyright' to check source files copyright and LICENSE
[1.497s] -- Added test 'lint_cmake' to check CMake code style
[1.498s] -- Added test 'xmllint' to check XML markup files
[1.498s] -- Configuring done
[1.506s] -- Generating done
[1.507s] -- Build files have been written to: /home/sadurac/dev_ws/build/my-package
[1.512s] Invoked command in '/home/sadurac/dev_ws/build/my-package' returned '0': CMAKE_PREFIX_PATH=${CMAKE_PREFIX_PATH}:/home/sadurac/nav2_ws/install/nav2_gazebo_spawner:/opt/ros/foxy /usr/bin/cmake /home/sadurac/dev_ws/my-package -DCMAKE_INSTALL_PREFIX=/home/sadurac/dev_ws/install/my-package
[1.515s] Invoking command in '/home/sadurac/dev_ws/build/my-package': CMAKE_PREFIX_PATH=${CMAKE_PREFIX_PATH}:/home/sadurac/nav2_ws/install/nav2_gazebo_spawner:/opt/ros/foxy /usr/bin/cmake --build /home/sadurac/dev_ws/build/my-package -- -j4 -l4
[1.576s] Invoked command in '/home/sadurac/dev_ws/build/my-package' returned '0': CMAKE_PREFIX_PATH=${CMAKE_PREFIX_PATH}:/home/sadurac/nav2_ws/install/nav2_gazebo_spawner:/opt/ros/foxy /usr/bin/cmake --build /home/sadurac/dev_ws/build/my-package -- -j4 -l4
[1.614s] Invoking command in '/home/sadurac/dev_ws/build/my-package': CMAKE_PREFIX_PATH=${CMAKE_PREFIX_PATH}:/home/sadurac/nav2_ws/install/nav2_gazebo_spawner:/opt/ros/foxy /usr/bin/cmake --install /home/sadurac/dev_ws/build/my-package
[1.629s] -- Install configuration: ""
[1.629s] -- Installing: /home/sadurac/dev_ws/install/my-package/share/ament_index/resource_index/package_run_dependencies/my-package
[1.629s] -- Installing: /home/sadurac/dev_ws/install/my-package/share/ament_index/resource_index/parent_prefix_path/my-package
[1.629s] -- Installing: /home/sadurac/dev_ws/install/my-package/share/my-package/environment/ament_prefix_path.sh
[1.629s] -- Installing: /home/sadurac/dev_ws/install/my-package/share/my-package/environment/ament_prefix_path.dsv
[1.630s] -- Installing: /home/sadurac/dev_ws/install/my-package/share/my-package/environment/path.sh
[1.630s] -- Installing: /home/sadurac/dev_ws/install/my-package/share/my-package/environment/path.dsv
[1.630s] -- Installing: /home/sadurac/dev_ws/install/my-package/share/my-package/local_setup.bash
[1.630s] -- Installing: /home/sadurac/dev_ws/install/my-package/share/my-package/local_setup.sh
[1.630s] -- Installing: /home/sadurac/dev_ws/install/my-package/share/my-package/local_setup.zsh
[1.631s] -- Installing: /home/sadurac/dev_ws/install/my-package/share/my-package/local_setup.dsv
[1.631s] -- Installing: /home/sadurac/dev_ws/install/my-package/share/my-package/package.dsv
[1.631s] -- Installing: /home/sadurac/dev_ws/install/my-package/share/ament_index/resource_index/packages/my-package
[1.631s] -- Installing: /home/sadurac/dev_ws/install/my-package/share/my-package/cmake/my-packageConfig.cmake
[1.631s] -- Installing: /home/sadurac/dev_ws/install/my-package/share/my-package/cmake/my-packageConfig-version.cmake
[1.631s] -- Installing: /home/sadurac/dev_ws/install/my-package/share/my-package/package.xml
[1.641s] Invoked command in '/home/sadurac/dev_ws/build/my-package' returned '0': CMAKE_PREFIX_PATH=${CMAKE_PREFIX_PATH}:/home/sadurac/nav2_ws/install/nav2_gazebo_spawner:/opt/ros/foxy /usr/bin/cmake --install /home/sadurac/dev_ws/build/my-package
