[0.058s] Invoking command in '/home/sadurac/dev_ws/build/basic_mobile_robot': CMAKE_PREFIX_PATH=${CMAKE_PREFIX_PATH}:/home/sadurac/nav2_ws/install/nav2_gazebo_spawner:/opt/ros/foxy /usr/bin/cmake --build /home/sadurac/dev_ws/build/basic_mobile_robot -- -j4 -l4
[0.515s] -- Found ament_cmake: 0.9.9 (/opt/ros/foxy/share/ament_cmake/cmake)
[0.641s] -- Using PYTHON_EXECUTABLE: /usr/bin/python3
[1.145s] -- Found ament_lint_auto: 0.9.6 (/opt/ros/foxy/share/ament_lint_auto/cmake)
[1.512s] -- Added test 'copyright' to check source files copyright and LICENSE
[1.648s] -- Added test 'cppcheck' to perform static code analysis on C / C++ code
[1.648s] -- Configured cppcheck include dirs: 
[1.648s] -- Configured cppcheck exclude dirs and/or files: 
[1.663s] -- Added test 'cpplint' to check C / C++ code against the Google style
[1.664s] -- Configured cpplint exclude dirs and/or files: 
[1.666s] -- Added test 'flake8' to check Python code syntax and style conventions
[1.687s] -- Added test 'lint_cmake' to check CMake code style
[1.689s] -- Added test 'pep257' to check Python code against some of the style conventions in PEP 257
[1.701s] -- Added test 'uncrustify' to check C / C++ code style
[1.701s] -- Configured uncrustify additional arguments: 
[1.703s] -- Added test 'xmllint' to check XML markup files
[1.749s] -- Configuring done
[1.850s] -- Generating done
[1.856s] -- Build files have been written to: /home/sadurac/dev_ws/build/basic_mobile_robot
[1.905s] Invoked command in '/home/sadurac/dev_ws/build/basic_mobile_robot' returned '0': CMAKE_PREFIX_PATH=${CMAKE_PREFIX_PATH}:/home/sadurac/nav2_ws/install/nav2_gazebo_spawner:/opt/ros/foxy /usr/bin/cmake --build /home/sadurac/dev_ws/build/basic_mobile_robot -- -j4 -l4
[1.959s] Invoking command in '/home/sadurac/dev_ws/build/basic_mobile_robot': CMAKE_PREFIX_PATH=${CMAKE_PREFIX_PATH}:/home/sadurac/nav2_ws/install/nav2_gazebo_spawner:/opt/ros/foxy /usr/bin/cmake --install /home/sadurac/dev_ws/build/basic_mobile_robot
[1.973s] -- Install configuration: ""
[1.973s] -- Up-to-date: /home/sadurac/dev_ws/install/basic_mobile_robot/share/basic_mobile_robot/config
[1.973s] -- Up-to-date: /home/sadurac/dev_ws/install/basic_mobile_robot/share/basic_mobile_robot/launch
[1.973s] -- Up-to-date: /home/sadurac/dev_ws/install/basic_mobile_robot/share/basic_mobile_robot/launch/basic_mobile_bot_v2.launch.py
[1.973s] -- Up-to-date: /home/sadurac/dev_ws/install/basic_mobile_robot/share/basic_mobile_robot/maps
[1.981s] -- Up-to-date: /home/sadurac/dev_ws/install/basic_mobile_robot/share/basic_mobile_robot/meshes
[1.981s] -- Up-to-date: /home/sadurac/dev_ws/install/basic_mobile_robot/share/basic_mobile_robot/models
[1.982s] -- Up-to-date: /home/sadurac/dev_ws/install/basic_mobile_robot/share/basic_mobile_robot/models/basic_mobile_bot_description
[1.982s] -- Up-to-date: /home/sadurac/dev_ws/install/basic_mobile_robot/share/basic_mobile_robot/models/basic_mobile_bot_description/meshes
[1.982s] -- Installing: /home/sadurac/dev_ws/install/basic_mobile_robot/share/basic_mobile_robot/models/basic_mobile_bot_description/model.sdf
[2.003s] -- Up-to-date: /home/sadurac/dev_ws/install/basic_mobile_robot/share/basic_mobile_robot/models/basic_mobile_bot_description/model.config
[2.003s] -- Up-to-date: /home/sadurac/dev_ws/install/basic_mobile_robot/share/basic_mobile_robot/models/basic_mobile_bot_v1.urdf
[2.003s] -- Up-to-date: /home/sadurac/dev_ws/install/basic_mobile_robot/share/basic_mobile_robot/params
[2.012s] -- Up-to-date: /home/sadurac/dev_ws/install/basic_mobile_robot/share/basic_mobile_robot/rviz
[2.012s] -- Up-to-date: /home/sadurac/dev_ws/install/basic_mobile_robot/share/basic_mobile_robot/rviz/urdf_config.rviz
[2.012s] -- Up-to-date: /home/sadurac/dev_ws/install/basic_mobile_robot/share/basic_mobile_robot/src
[2.012s] -- Up-to-date: /home/sadurac/dev_ws/install/basic_mobile_robot/share/basic_mobile_robot/worlds
[2.012s] -- Up-to-date: /home/sadurac/dev_ws/install/basic_mobile_robot/share/basic_mobile_robot/worlds/basic_mobile_bot_world
[2.012s] -- Up-to-date: /home/sadurac/dev_ws/install/basic_mobile_robot/share/basic_mobile_robot/worlds/basic_mobile_bot_world/simple.world
[2.012s] -- Installing: /home/sadurac/dev_ws/install/basic_mobile_robot/share/ament_index/resource_index/package_run_dependencies/basic_mobile_robot
[2.032s] -- Installing: /home/sadurac/dev_ws/install/basic_mobile_robot/share/ament_index/resource_index/parent_prefix_path/basic_mobile_robot
[2.057s] -- Up-to-date: /home/sadurac/dev_ws/install/basic_mobile_robot/share/basic_mobile_robot/environment/ament_prefix_path.sh
[2.058s] -- Installing: /home/sadurac/dev_ws/install/basic_mobile_robot/share/basic_mobile_robot/environment/ament_prefix_path.dsv
[2.059s] -- Up-to-date: /home/sadurac/dev_ws/install/basic_mobile_robot/share/basic_mobile_robot/environment/path.sh
[2.060s] -- Installing: /home/sadurac/dev_ws/install/basic_mobile_robot/share/basic_mobile_robot/environment/path.dsv
[2.061s] -- Up-to-date: /home/sadurac/dev_ws/install/basic_mobile_robot/share/basic_mobile_robot/local_setup.bash
[2.061s] -- Up-to-date: /home/sadurac/dev_ws/install/basic_mobile_robot/share/basic_mobile_robot/local_setup.sh
[2.062s] -- Up-to-date: /home/sadurac/dev_ws/install/basic_mobile_robot/share/basic_mobile_robot/local_setup.zsh
[2.062s] -- Installing: /home/sadurac/dev_ws/install/basic_mobile_robot/share/basic_mobile_robot/local_setup.dsv
[2.073s] -- Installing: /home/sadurac/dev_ws/install/basic_mobile_robot/share/basic_mobile_robot/package.dsv
[2.074s] -- Up-to-date: /home/sadurac/dev_ws/install/basic_mobile_robot/share/ament_index/resource_index/packages/basic_mobile_robot
[2.076s] -- Up-to-date: /home/sadurac/dev_ws/install/basic_mobile_robot/share/basic_mobile_robot/cmake/basic_mobile_robotConfig.cmake
[2.076s] -- Up-to-date: /home/sadurac/dev_ws/install/basic_mobile_robot/share/basic_mobile_robot/cmake/basic_mobile_robotConfig-version.cmake
[2.077s] -- Installing: /home/sadurac/dev_ws/install/basic_mobile_robot/share/basic_mobile_robot/package.xml
[2.084s] Invoked command in '/home/sadurac/dev_ws/build/basic_mobile_robot' returned '0': CMAKE_PREFIX_PATH=${CMAKE_PREFIX_PATH}:/home/sadurac/nav2_ws/install/nav2_gazebo_spawner:/opt/ros/foxy /usr/bin/cmake --install /home/sadurac/dev_ws/build/basic_mobile_robot
