-- Install configuration: ""
-- Up-to-date: /home/sadurac/dev_ws/install/my-package/share/my-package/config
-- Up-to-date: /home/sadurac/dev_ws/install/my-package/share/my-package/launch
-- Up-to-date: /home/sadurac/dev_ws/install/my-package/share/my-package/launch/my-package.launch.py
-- Up-to-date: /home/sadurac/dev_ws/install/my-package/share/my-package/maps
-- Up-to-date: /home/sadurac/dev_ws/install/my-package/share/my-package/meshes
-- Up-to-date: /home/sadurac/dev_ws/install/my-package/share/my-package/meshes/arm_base.stl
-- Up-to-date: /home/sadurac/dev_ws/install/my-package/share/my-package/meshes/elbow.stl
-- Up-to-date: /home/sadurac/dev_ws/install/my-package/share/my-package/meshes/robot_base.stl
-- Up-to-date: /home/sadurac/dev_ws/install/my-package/share/my-package/meshes/wheel.stl
-- Up-to-date: /home/sadurac/dev_ws/install/my-package/share/my-package/meshes/bicep.stl
-- Up-to-date: /home/sadurac/dev_ws/install/my-package/share/my-package/meshes/wrist.stl
-- Up-to-date: /home/sadurac/dev_ws/install/my-package/share/my-package/models
-- Up-to-date: /home/sadurac/dev_ws/install/my-package/share/my-package/models/basic_mobile_robot_v1.urdf
-- Up-to-date: /home/sadurac/dev_ws/install/my-package/share/my-package/params
-- Up-to-date: /home/sadurac/dev_ws/install/my-package/share/my-package/rviz
-- Up-to-date: /home/sadurac/dev_ws/install/my-package/share/my-package/rviz/urdf_config.rviz
-- Up-to-date: /home/sadurac/dev_ws/install/my-package/share/my-package/src
-- Up-to-date: /home/sadurac/dev_ws/install/my-package/share/my-package/worlds
-- Up-to-date: /home/sadurac/dev_ws/install/my-package/share/ament_index/resource_index/package_run_dependencies/my-package
-- Up-to-date: /home/sadurac/dev_ws/install/my-package/share/ament_index/resource_index/parent_prefix_path/my-package
-- Up-to-date: /home/sadurac/dev_ws/install/my-package/share/my-package/environment/ament_prefix_path.sh
-- Up-to-date: /home/sadurac/dev_ws/install/my-package/share/my-package/environment/ament_prefix_path.dsv
-- Up-to-date: /home/sadurac/dev_ws/install/my-package/share/my-package/environment/path.sh
-- Up-to-date: /home/sadurac/dev_ws/install/my-package/share/my-package/environment/path.dsv
-- Up-to-date: /home/sadurac/dev_ws/install/my-package/share/my-package/local_setup.bash
-- Up-to-date: /home/sadurac/dev_ws/install/my-package/share/my-package/local_setup.sh
-- Up-to-date: /home/sadurac/dev_ws/install/my-package/share/my-package/local_setup.zsh
-- Up-to-date: /home/sadurac/dev_ws/install/my-package/share/my-package/local_setup.dsv
-- Up-to-date: /home/sadurac/dev_ws/install/my-package/share/my-package/package.dsv
-- Up-to-date: /home/sadurac/dev_ws/install/my-package/share/ament_index/resource_index/packages/my-package
-- Up-to-date: /home/sadurac/dev_ws/install/my-package/share/my-package/cmake/my-packageConfig.cmake
-- Up-to-date: /home/sadurac/dev_ws/install/my-package/share/my-package/cmake/my-packageConfig-version.cmake
-- Up-to-date: /home/sadurac/dev_ws/install/my-package/share/my-package/package.xml
