[0.075s] Invoking command in '/home/sadurac/dev_ws/build/my-package': CMAKE_PREFIX_PATH=${CMAKE_PREFIX_PATH}:/home/sadurac/nav2_ws/install/nav2_gazebo_spawner:/opt/ros/foxy /usr/bin/cmake --build /home/sadurac/dev_ws/build/my-package -- -j4 -l4
[0.146s] Invoked command in '/home/sadurac/dev_ws/build/my-package' returned '0': CMAKE_PREFIX_PATH=${CMAKE_PREFIX_PATH}:/home/sadurac/nav2_ws/install/nav2_gazebo_spawner:/opt/ros/foxy /usr/bin/cmake --build /home/sadurac/dev_ws/build/my-package -- -j4 -l4
[0.229s] Invoking command in '/home/sadurac/dev_ws/build/my-package': CMAKE_PREFIX_PATH=${CMAKE_PREFIX_PATH}:/home/sadurac/nav2_ws/install/nav2_gazebo_spawner:/opt/ros/foxy /usr/bin/cmake --install /home/sadurac/dev_ws/build/my-package
[0.253s] -- Install configuration: ""
[0.253s] -- Up-to-date: /home/sadurac/dev_ws/install/my-package/share/my-package/config
[0.254s] -- Up-to-date: /home/sadurac/dev_ws/install/my-package/share/my-package/launch
[0.255s] -- Up-to-date: /home/sadurac/dev_ws/install/my-package/share/my-package/launch/my-package.launch.py
[0.255s] -- Up-to-date: /home/sadurac/dev_ws/install/my-package/share/my-package/maps
[0.256s] -- Up-to-date: /home/sadurac/dev_ws/install/my-package/share/my-package/meshes
[0.256s] -- Up-to-date: /home/sadurac/dev_ws/install/my-package/share/my-package/meshes/arm_base.stl
[0.256s] -- Up-to-date: /home/sadurac/dev_ws/install/my-package/share/my-package/meshes/elbow.stl
[0.256s] -- Up-to-date: /home/sadurac/dev_ws/install/my-package/share/my-package/meshes/robot_base.stl
[0.256s] -- Up-to-date: /home/sadurac/dev_ws/install/my-package/share/my-package/meshes/wheel.stl
[0.256s] -- Up-to-date: /home/sadurac/dev_ws/install/my-package/share/my-package/meshes/bicep.stl
[0.257s] -- Up-to-date: /home/sadurac/dev_ws/install/my-package/share/my-package/meshes/wrist.stl
[0.257s] -- Up-to-date: /home/sadurac/dev_ws/install/my-package/share/my-package/models
[0.257s] -- Up-to-date: /home/sadurac/dev_ws/install/my-package/share/my-package/models/basic_mobile_robot_v1.urdf
[0.257s] -- Up-to-date: /home/sadurac/dev_ws/install/my-package/share/my-package/params
[0.257s] -- Up-to-date: /home/sadurac/dev_ws/install/my-package/share/my-package/rviz
[0.257s] -- Up-to-date: /home/sadurac/dev_ws/install/my-package/share/my-package/rviz/urdf_config.rviz
[0.258s] -- Up-to-date: /home/sadurac/dev_ws/install/my-package/share/my-package/src
[0.258s] -- Up-to-date: /home/sadurac/dev_ws/install/my-package/share/my-package/worlds
[0.258s] -- Up-to-date: /home/sadurac/dev_ws/install/my-package/share/ament_index/resource_index/package_run_dependencies/my-package
[0.258s] -- Up-to-date: /home/sadurac/dev_ws/install/my-package/share/ament_index/resource_index/parent_prefix_path/my-package
[0.258s] -- Up-to-date: /home/sadurac/dev_ws/install/my-package/share/my-package/environment/ament_prefix_path.sh
[0.258s] -- Up-to-date: /home/sadurac/dev_ws/install/my-package/share/my-package/environment/ament_prefix_path.dsv
[0.259s] -- Up-to-date: /home/sadurac/dev_ws/install/my-package/share/my-package/environment/path.sh
[0.259s] -- Up-to-date: /home/sadurac/dev_ws/install/my-package/share/my-package/environment/path.dsv
[0.259s] -- Up-to-date: /home/sadurac/dev_ws/install/my-package/share/my-package/local_setup.bash
[0.259s] -- Up-to-date: /home/sadurac/dev_ws/install/my-package/share/my-package/local_setup.sh
[0.259s] -- Up-to-date: /home/sadurac/dev_ws/install/my-package/share/my-package/local_setup.zsh
[0.259s] -- Up-to-date: /home/sadurac/dev_ws/install/my-package/share/my-package/local_setup.dsv
[0.260s] -- Up-to-date: /home/sadurac/dev_ws/install/my-package/share/my-package/package.dsv
[0.260s] -- Up-to-date: /home/sadurac/dev_ws/install/my-package/share/ament_index/resource_index/packages/my-package
[0.264s] -- Up-to-date: /home/sadurac/dev_ws/install/my-package/share/my-package/cmake/my-packageConfig.cmake
[0.265s] -- Up-to-date: /home/sadurac/dev_ws/install/my-package/share/my-package/cmake/my-packageConfig-version.cmake
[0.265s] -- Up-to-date: /home/sadurac/dev_ws/install/my-package/share/my-package/package.xml
[0.265s] Invoked command in '/home/sadurac/dev_ws/build/my-package' returned '0': CMAKE_PREFIX_PATH=${CMAKE_PREFIX_PATH}:/home/sadurac/nav2_ws/install/nav2_gazebo_spawner:/opt/ros/foxy /usr/bin/cmake --install /home/sadurac/dev_ws/build/my-package
