[0.168s] Invoking command in '/home/sadurac/dev_ws/build/turtlesim': CMAKE_PREFIX_PATH=${CMAKE_PREFIX_PATH}:/home/sadurac/nav2_ws/install/nav2_gazebo_spawner:/opt/ros/foxy /usr/bin/cmake --build /home/sadurac/dev_ws/build/turtlesim -- -j4 -l4
[0.771s] [  1%] Built target turtlesim__cpp
[0.910s] [ 11%] Built target turtlesim__rosidl_generator_c
[1.016s] [ 12%] [32m[1mLinking CXX shared library libturtlesim__rosidl_typesupport_fastrtps_cpp.so[0m
[1.024s] [ 22%] Built target turtlesim__rosidl_typesupport_cpp
[1.035s] [ 32%] Built target turtlesim__rosidl_typesupport_introspection_cpp
[1.135s] [ 42%] Built target turtlesim__rosidl_typesupport_c
[1.218s] [ 52%] Built target turtlesim__rosidl_typesupport_introspection_c
[1.406s] [ 61%] Built target turtlesim__rosidl_typesupport_fastrtps_cpp
[1.571s] [ 62%] [32m[1mLinking CXX shared library libturtlesim__rosidl_typesupport_fastrtps_c.so[0m
[1.874s] [ 71%] Built target turtlesim__rosidl_typesupport_fastrtps_c
[1.999s] [ 71%] Built target turtlesim
[2.248s] [ 73%] Built target draw_square
[2.251s] [ 75%] Built target turtle_teleop_key
[2.278s] [ 76%] Built target turtlesim__py
[2.285s] [ 78%] Built target mimic
[2.462s] [ 87%] Built target turtlesim__python
[2.541s] [ 93%] Built target turtlesim_node
[2.629s] [ 95%] Built target turtlesim__rosidl_typesupport_c__pyext
[2.646s] [ 97%] Built target turtlesim__rosidl_typesupport_introspection_c__pyext
[2.651s] [ 98%] [32m[1mLinking CXX shared library rosidl_generator_py/turtlesim/turtlesim_s__rosidl_typesupport_fastrtps_c.cpython-38-x86_64-linux-gnu.so[0m
[2.916s] [100%] Built target turtlesim__rosidl_typesupport_fastrtps_c__pyext
[2.947s] Invoked command in '/home/sadurac/dev_ws/build/turtlesim' returned '0': CMAKE_PREFIX_PATH=${CMAKE_PREFIX_PATH}:/home/sadurac/nav2_ws/install/nav2_gazebo_spawner:/opt/ros/foxy /usr/bin/cmake --build /home/sadurac/dev_ws/build/turtlesim -- -j4 -l4
[3.486s] Invoking command in '/home/sadurac/dev_ws/build/turtlesim': CMAKE_PREFIX_PATH=${CMAKE_PREFIX_PATH}:/home/sadurac/nav2_ws/install/nav2_gazebo_spawner:/opt/ros/foxy /usr/bin/cmake --install /home/sadurac/dev_ws/build/turtlesim
[3.522s] -- Install configuration: ""
[3.536s] -- Up-to-date: /home/sadurac/dev_ws/install/turtlesim/share/ament_index/resource_index/rosidl_interfaces/turtlesim
[3.536s] -- Up-to-date: /home/sadurac/dev_ws/install/turtlesim/include/turtlesim
[3.537s] -- Up-to-date: /home/sadurac/dev_ws/install/turtlesim/include/turtlesim/action
[3.537s] -- Up-to-date: /home/sadurac/dev_ws/install/turtlesim/include/turtlesim/action/detail
[3.537s] -- Up-to-date: /home/sadurac/dev_ws/install/turtlesim/include/turtlesim/action/detail/rotate_absolute__type_support.h
[3.538s] -- Up-to-date: /home/sadurac/dev_ws/install/turtlesim/include/turtlesim/action/detail/rotate_absolute__functions.c
[3.538s] -- Up-to-date: /home/sadurac/dev_ws/install/turtlesim/include/turtlesim/action/detail/rotate_absolute__functions.h
[3.538s] -- Up-to-date: /home/sadurac/dev_ws/install/turtlesim/include/turtlesim/action/detail/rotate_absolute__struct.h
[3.539s] -- Up-to-date: /home/sadurac/dev_ws/install/turtlesim/include/turtlesim/action/rotate_absolute.h
[3.539s] -- Up-to-date: /home/sadurac/dev_ws/install/turtlesim/include/turtlesim/srv
[3.539s] -- Up-to-date: /home/sadurac/dev_ws/install/turtlesim/include/turtlesim/srv/spawn.h
[3.539s] -- Up-to-date: /home/sadurac/dev_ws/install/turtlesim/include/turtlesim/srv/detail
[3.540s] -- Up-to-date: /home/sadurac/dev_ws/install/turtlesim/include/turtlesim/srv/detail/set_pen__struct.h
[3.540s] -- Up-to-date: /home/sadurac/dev_ws/install/turtlesim/include/turtlesim/srv/detail/teleport_relative__struct.h
[3.540s] -- Up-to-date: /home/sadurac/dev_ws/install/turtlesim/include/turtlesim/srv/detail/spawn__functions.h
[3.540s] -- Up-to-date: /home/sadurac/dev_ws/install/turtlesim/include/turtlesim/srv/detail/teleport_absolute__type_support.h
[3.540s] -- Up-to-date: /home/sadurac/dev_ws/install/turtlesim/include/turtlesim/srv/detail/teleport_relative__functions.c
[3.541s] -- Up-to-date: /home/sadurac/dev_ws/install/turtlesim/include/turtlesim/srv/detail/kill__struct.h
[3.541s] -- Up-to-date: /home/sadurac/dev_ws/install/turtlesim/include/turtlesim/srv/detail/teleport_relative__type_support.h
[3.541s] -- Up-to-date: /home/sadurac/dev_ws/install/turtlesim/include/turtlesim/srv/detail/set_pen__functions.c
[3.541s] -- Up-to-date: /home/sadurac/dev_ws/install/turtlesim/include/turtlesim/srv/detail/teleport_absolute__functions.h
[3.541s] -- Up-to-date: /home/sadurac/dev_ws/install/turtlesim/include/turtlesim/srv/detail/set_pen__functions.h
[3.542s] -- Up-to-date: /home/sadurac/dev_ws/install/turtlesim/include/turtlesim/srv/detail/teleport_absolute__struct.h
[3.542s] -- Up-to-date: /home/sadurac/dev_ws/install/turtlesim/include/turtlesim/srv/detail/kill__functions.h
[3.542s] -- Up-to-date: /home/sadurac/dev_ws/install/turtlesim/include/turtlesim/srv/detail/teleport_absolute__functions.c
[3.542s] -- Up-to-date: /home/sadurac/dev_ws/install/turtlesim/include/turtlesim/srv/detail/kill__functions.c
[3.542s] -- Up-to-date: /home/sadurac/dev_ws/install/turtlesim/include/turtlesim/srv/detail/teleport_relative__functions.h
[3.542s] -- Up-to-date: /home/sadurac/dev_ws/install/turtlesim/include/turtlesim/srv/detail/kill__type_support.h
[3.542s] -- Up-to-date: /home/sadurac/dev_ws/install/turtlesim/include/turtlesim/srv/detail/set_pen__type_support.h
[3.542s] -- Up-to-date: /home/sadurac/dev_ws/install/turtlesim/include/turtlesim/srv/detail/spawn__type_support.h
[3.543s] -- Up-to-date: /home/sadurac/dev_ws/install/turtlesim/include/turtlesim/srv/detail/spawn__functions.c
[3.543s] -- Up-to-date: /home/sadurac/dev_ws/install/turtlesim/include/turtlesim/srv/detail/spawn__struct.h
[3.543s] -- Up-to-date: /home/sadurac/dev_ws/install/turtlesim/include/turtlesim/srv/teleport_absolute.h
[3.543s] -- Up-to-date: /home/sadurac/dev_ws/install/turtlesim/include/turtlesim/srv/set_pen.h
[3.543s] -- Up-to-date: /home/sadurac/dev_ws/install/turtlesim/include/turtlesim/srv/teleport_relative.h
[3.543s] -- Up-to-date: /home/sadurac/dev_ws/install/turtlesim/include/turtlesim/srv/kill.h
[3.543s] -- Up-to-date: /home/sadurac/dev_ws/install/turtlesim/include/turtlesim/msg
[3.543s] -- Up-to-date: /home/sadurac/dev_ws/install/turtlesim/include/turtlesim/msg/pose.h
[3.544s] -- Up-to-date: /home/sadurac/dev_ws/install/turtlesim/include/turtlesim/msg/rosidl_generator_c__visibility_control.h
[3.544s] -- Up-to-date: /home/sadurac/dev_ws/install/turtlesim/include/turtlesim/msg/detail
[3.544s] -- Up-to-date: /home/sadurac/dev_ws/install/turtlesim/include/turtlesim/msg/detail/pose__functions.h
[3.544s] -- Up-to-date: /home/sadurac/dev_ws/install/turtlesim/include/turtlesim/msg/detail/color__functions.h
[3.544s] -- Up-to-date: /home/sadurac/dev_ws/install/turtlesim/include/turtlesim/msg/detail/color__struct.h
[3.544s] -- Up-to-date: /home/sadurac/dev_ws/install/turtlesim/include/turtlesim/msg/detail/pose__struct.h
[3.544s] -- Up-to-date: /home/sadurac/dev_ws/install/turtlesim/include/turtlesim/msg/detail/pose__type_support.h
[3.544s] -- Up-to-date: /home/sadurac/dev_ws/install/turtlesim/include/turtlesim/msg/detail/color__functions.c
[3.545s] -- Up-to-date: /home/sadurac/dev_ws/install/turtlesim/include/turtlesim/msg/detail/color__type_support.h
[3.545s] -- Up-to-date: /home/sadurac/dev_ws/install/turtlesim/include/turtlesim/msg/detail/pose__functions.c
[3.545s] -- Up-to-date: /home/sadurac/dev_ws/install/turtlesim/include/turtlesim/msg/color.h
[3.545s] -- Up-to-date: /home/sadurac/dev_ws/install/turtlesim/share/turtlesim/environment/library_path.sh
[3.545s] -- Up-to-date: /home/sadurac/dev_ws/install/turtlesim/share/turtlesim/environment/library_path.dsv
[3.548s] -- Up-to-date: /home/sadurac/dev_ws/install/turtlesim/lib/libturtlesim__rosidl_generator_c.so
[3.549s] -- Up-to-date: /home/sadurac/dev_ws/install/turtlesim/include/turtlesim
[3.549s] -- Up-to-date: /home/sadurac/dev_ws/install/turtlesim/include/turtlesim/action
[3.550s] -- Up-to-date: /home/sadurac/dev_ws/install/turtlesim/include/turtlesim/action/detail
[3.550s] -- Up-to-date: /home/sadurac/dev_ws/install/turtlesim/include/turtlesim/action/detail/rotate_absolute__rosidl_typesupport_fastrtps_c.h
[3.550s] -- Up-to-date: /home/sadurac/dev_ws/install/turtlesim/include/turtlesim/srv
[3.550s] -- Up-to-date: /home/sadurac/dev_ws/install/turtlesim/include/turtlesim/srv/detail
[3.550s] -- Up-to-date: /home/sadurac/dev_ws/install/turtlesim/include/turtlesim/srv/detail/kill__rosidl_typesupport_fastrtps_c.h
[3.551s] -- Up-to-date: /home/sadurac/dev_ws/install/turtlesim/include/turtlesim/srv/detail/teleport_relative__rosidl_typesupport_fastrtps_c.h
[3.551s] -- Up-to-date: /home/sadurac/dev_ws/install/turtlesim/include/turtlesim/srv/detail/spawn__rosidl_typesupport_fastrtps_c.h
[3.551s] -- Up-to-date: /home/sadurac/dev_ws/install/turtlesim/include/turtlesim/srv/detail/set_pen__rosidl_typesupport_fastrtps_c.h
[3.551s] -- Up-to-date: /home/sadurac/dev_ws/install/turtlesim/include/turtlesim/srv/detail/teleport_absolute__rosidl_typesupport_fastrtps_c.h
[3.551s] -- Up-to-date: /home/sadurac/dev_ws/install/turtlesim/include/turtlesim/msg
[3.551s] -- Up-to-date: /home/sadurac/dev_ws/install/turtlesim/include/turtlesim/msg/detail
[3.552s] -- Up-to-date: /home/sadurac/dev_ws/install/turtlesim/include/turtlesim/msg/detail/color__rosidl_typesupport_fastrtps_c.h
[3.552s] -- Up-to-date: /home/sadurac/dev_ws/install/turtlesim/include/turtlesim/msg/detail/pose__rosidl_typesupport_fastrtps_c.h
[3.552s] -- Up-to-date: /home/sadurac/dev_ws/install/turtlesim/include/turtlesim/msg/rosidl_typesupport_fastrtps_c__visibility_control.h
[3.552s] -- Installing: /home/sadurac/dev_ws/install/turtlesim/lib/libturtlesim__rosidl_typesupport_fastrtps_c.so
[3.566s] -- Set runtime path of "/home/sadurac/dev_ws/install/turtlesim/lib/libturtlesim__rosidl_typesupport_fastrtps_c.so" to ""
[3.566s] -- Up-to-date: /home/sadurac/dev_ws/install/turtlesim/include/turtlesim
[3.567s] -- Up-to-date: /home/sadurac/dev_ws/install/turtlesim/include/turtlesim/action
[3.567s] -- Up-to-date: /home/sadurac/dev_ws/install/turtlesim/include/turtlesim/action/detail
[3.567s] -- Up-to-date: /home/sadurac/dev_ws/install/turtlesim/include/turtlesim/action/detail/dds_fastrtps
[3.567s] -- Up-to-date: /home/sadurac/dev_ws/install/turtlesim/include/turtlesim/action/detail/rotate_absolute__rosidl_typesupport_fastrtps_cpp.hpp
[3.567s] -- Up-to-date: /home/sadurac/dev_ws/install/turtlesim/include/turtlesim/srv
[3.568s] -- Up-to-date: /home/sadurac/dev_ws/install/turtlesim/include/turtlesim/srv/detail
[3.568s] -- Up-to-date: /home/sadurac/dev_ws/install/turtlesim/include/turtlesim/srv/detail/kill__rosidl_typesupport_fastrtps_cpp.hpp
[3.568s] -- Up-to-date: /home/sadurac/dev_ws/install/turtlesim/include/turtlesim/srv/detail/dds_fastrtps
[3.568s] -- Up-to-date: /home/sadurac/dev_ws/install/turtlesim/include/turtlesim/srv/detail/teleport_absolute__rosidl_typesupport_fastrtps_cpp.hpp
[3.568s] -- Up-to-date: /home/sadurac/dev_ws/install/turtlesim/include/turtlesim/srv/detail/set_pen__rosidl_typesupport_fastrtps_cpp.hpp
[3.569s] -- Up-to-date: /home/sadurac/dev_ws/install/turtlesim/include/turtlesim/srv/detail/spawn__rosidl_typesupport_fastrtps_cpp.hpp
[3.569s] -- Up-to-date: /home/sadurac/dev_ws/install/turtlesim/include/turtlesim/srv/detail/teleport_relative__rosidl_typesupport_fastrtps_cpp.hpp
[3.569s] -- Up-to-date: /home/sadurac/dev_ws/install/turtlesim/include/turtlesim/msg
[3.569s] -- Up-to-date: /home/sadurac/dev_ws/install/turtlesim/include/turtlesim/msg/rosidl_typesupport_fastrtps_cpp__visibility_control.h
[3.570s] -- Up-to-date: /home/sadurac/dev_ws/install/turtlesim/include/turtlesim/msg/detail
[3.570s] -- Up-to-date: /home/sadurac/dev_ws/install/turtlesim/include/turtlesim/msg/detail/dds_fastrtps
[3.570s] -- Up-to-date: /home/sadurac/dev_ws/install/turtlesim/include/turtlesim/msg/detail/color__rosidl_typesupport_fastrtps_cpp.hpp
[3.571s] -- Up-to-date: /home/sadurac/dev_ws/install/turtlesim/include/turtlesim/msg/detail/pose__rosidl_typesupport_fastrtps_cpp.hpp
[3.571s] -- Installing: /home/sadurac/dev_ws/install/turtlesim/lib/libturtlesim__rosidl_typesupport_fastrtps_cpp.so
[3.571s] -- Set runtime path of "/home/sadurac/dev_ws/install/turtlesim/lib/libturtlesim__rosidl_typesupport_fastrtps_cpp.so" to ""
[3.571s] -- Up-to-date: /home/sadurac/dev_ws/install/turtlesim/include/turtlesim
[3.571s] -- Up-to-date: /home/sadurac/dev_ws/install/turtlesim/include/turtlesim/action
[3.571s] -- Up-to-date: /home/sadurac/dev_ws/install/turtlesim/include/turtlesim/action/detail
[3.571s] -- Up-to-date: /home/sadurac/dev_ws/install/turtlesim/include/turtlesim/action/detail/rotate_absolute__rosidl_typesupport_introspection_c.h
[3.571s] -- Up-to-date: /home/sadurac/dev_ws/install/turtlesim/include/turtlesim/action/detail/rotate_absolute__type_support.c
[3.572s] -- Up-to-date: /home/sadurac/dev_ws/install/turtlesim/include/turtlesim/srv
[3.572s] -- Up-to-date: /home/sadurac/dev_ws/install/turtlesim/include/turtlesim/srv/detail
[3.572s] -- Up-to-date: /home/sadurac/dev_ws/install/turtlesim/include/turtlesim/srv/detail/kill__type_support.c
[3.572s] -- Up-to-date: /home/sadurac/dev_ws/install/turtlesim/include/turtlesim/srv/detail/teleport_relative__rosidl_typesupport_introspection_c.h
[3.572s] -- Up-to-date: /home/sadurac/dev_ws/install/turtlesim/include/turtlesim/srv/detail/set_pen__type_support.c
[3.572s] -- Up-to-date: /home/sadurac/dev_ws/install/turtlesim/include/turtlesim/srv/detail/spawn__type_support.c
[3.573s] -- Up-to-date: /home/sadurac/dev_ws/install/turtlesim/include/turtlesim/srv/detail/set_pen__rosidl_typesupport_introspection_c.h
[3.573s] -- Up-to-date: /home/sadurac/dev_ws/install/turtlesim/include/turtlesim/srv/detail/teleport_absolute__rosidl_typesupport_introspection_c.h
[3.573s] -- Up-to-date: /home/sadurac/dev_ws/install/turtlesim/include/turtlesim/srv/detail/spawn__rosidl_typesupport_introspection_c.h
[3.573s] -- Up-to-date: /home/sadurac/dev_ws/install/turtlesim/include/turtlesim/srv/detail/kill__rosidl_typesupport_introspection_c.h
[3.573s] -- Up-to-date: /home/sadurac/dev_ws/install/turtlesim/include/turtlesim/srv/detail/teleport_relative__type_support.c
[3.573s] -- Up-to-date: /home/sadurac/dev_ws/install/turtlesim/include/turtlesim/srv/detail/teleport_absolute__type_support.c
[3.574s] -- Up-to-date: /home/sadurac/dev_ws/install/turtlesim/include/turtlesim/msg
[3.574s] -- Up-to-date: /home/sadurac/dev_ws/install/turtlesim/include/turtlesim/msg/rosidl_typesupport_introspection_c__visibility_control.h
[3.574s] -- Up-to-date: /home/sadurac/dev_ws/install/turtlesim/include/turtlesim/msg/detail
[3.574s] -- Up-to-date: /home/sadurac/dev_ws/install/turtlesim/include/turtlesim/msg/detail/color__rosidl_typesupport_introspection_c.h
[3.574s] -- Up-to-date: /home/sadurac/dev_ws/install/turtlesim/include/turtlesim/msg/detail/color__type_support.c
[3.574s] -- Up-to-date: /home/sadurac/dev_ws/install/turtlesim/include/turtlesim/msg/detail/pose__rosidl_typesupport_introspection_c.h
[3.574s] -- Up-to-date: /home/sadurac/dev_ws/install/turtlesim/include/turtlesim/msg/detail/pose__type_support.c
[3.574s] -- Up-to-date: /home/sadurac/dev_ws/install/turtlesim/lib/libturtlesim__rosidl_typesupport_introspection_c.so
[3.575s] -- Up-to-date: /home/sadurac/dev_ws/install/turtlesim/lib/libturtlesim__rosidl_typesupport_c.so
[3.576s] -- Up-to-date: /home/sadurac/dev_ws/install/turtlesim/include/turtlesim
[3.576s] -- Up-to-date: /home/sadurac/dev_ws/install/turtlesim/include/turtlesim/action
[3.577s] -- Up-to-date: /home/sadurac/dev_ws/install/turtlesim/include/turtlesim/action/rotate_absolute.hpp
[3.577s] -- Up-to-date: /home/sadurac/dev_ws/install/turtlesim/include/turtlesim/action/detail
[3.577s] -- Up-to-date: /home/sadurac/dev_ws/install/turtlesim/include/turtlesim/action/detail/rotate_absolute__traits.hpp
[3.578s] -- Up-to-date: /home/sadurac/dev_ws/install/turtlesim/include/turtlesim/action/detail/rotate_absolute__builder.hpp
[3.578s] -- Up-to-date: /home/sadurac/dev_ws/install/turtlesim/include/turtlesim/action/detail/rotate_absolute__struct.hpp
[3.578s] -- Up-to-date: /home/sadurac/dev_ws/install/turtlesim/include/turtlesim/srv
[3.578s] -- Up-to-date: /home/sadurac/dev_ws/install/turtlesim/include/turtlesim/srv/spawn.hpp
[3.578s] -- Up-to-date: /home/sadurac/dev_ws/install/turtlesim/include/turtlesim/srv/teleport_relative.hpp
[3.579s] -- Up-to-date: /home/sadurac/dev_ws/install/turtlesim/include/turtlesim/srv/detail
[3.579s] -- Up-to-date: /home/sadurac/dev_ws/install/turtlesim/include/turtlesim/srv/detail/kill__traits.hpp
[3.579s] -- Up-to-date: /home/sadurac/dev_ws/install/turtlesim/include/turtlesim/srv/detail/set_pen__struct.hpp
[3.579s] -- Up-to-date: /home/sadurac/dev_ws/install/turtlesim/include/turtlesim/srv/detail/teleport_absolute__traits.hpp
[3.579s] -- Up-to-date: /home/sadurac/dev_ws/install/turtlesim/include/turtlesim/srv/detail/kill__builder.hpp
[3.579s] -- Up-to-date: /home/sadurac/dev_ws/install/turtlesim/include/turtlesim/srv/detail/set_pen__traits.hpp
[3.579s] -- Up-to-date: /home/sadurac/dev_ws/install/turtlesim/include/turtlesim/srv/detail/spawn__traits.hpp
[3.580s] -- Up-to-date: /home/sadurac/dev_ws/install/turtlesim/include/turtlesim/srv/detail/teleport_relative__struct.hpp
[3.580s] -- Up-to-date: /home/sadurac/dev_ws/install/turtlesim/include/turtlesim/srv/detail/teleport_absolute__builder.hpp
[3.580s] -- Up-to-date: /home/sadurac/dev_ws/install/turtlesim/include/turtlesim/srv/detail/spawn__struct.hpp
[3.580s] -- Up-to-date: /home/sadurac/dev_ws/install/turtlesim/include/turtlesim/srv/detail/spawn__builder.hpp
[3.581s] -- Up-to-date: /home/sadurac/dev_ws/install/turtlesim/include/turtlesim/srv/detail/teleport_relative__builder.hpp
[3.581s] -- Up-to-date: /home/sadurac/dev_ws/install/turtlesim/include/turtlesim/srv/detail/teleport_relative__traits.hpp
[3.581s] -- Up-to-date: /home/sadurac/dev_ws/install/turtlesim/include/turtlesim/srv/detail/teleport_absolute__struct.hpp
[3.581s] -- Up-to-date: /home/sadurac/dev_ws/install/turtlesim/include/turtlesim/srv/detail/kill__struct.hpp
[3.581s] -- Up-to-date: /home/sadurac/dev_ws/install/turtlesim/include/turtlesim/srv/detail/set_pen__builder.hpp
[3.581s] -- Up-to-date: /home/sadurac/dev_ws/install/turtlesim/include/turtlesim/srv/set_pen.hpp
[3.582s] -- Up-to-date: /home/sadurac/dev_ws/install/turtlesim/include/turtlesim/srv/teleport_absolute.hpp
[3.582s] -- Up-to-date: /home/sadurac/dev_ws/install/turtlesim/include/turtlesim/srv/kill.hpp
[3.582s] -- Up-to-date: /home/sadurac/dev_ws/install/turtlesim/include/turtlesim/msg
[3.582s] -- Up-to-date: /home/sadurac/dev_ws/install/turtlesim/include/turtlesim/msg/detail
[3.582s] -- Up-to-date: /home/sadurac/dev_ws/install/turtlesim/include/turtlesim/msg/detail/pose__struct.hpp
[3.583s] -- Up-to-date: /home/sadurac/dev_ws/install/turtlesim/include/turtlesim/msg/detail/pose__builder.hpp
[3.583s] -- Up-to-date: /home/sadurac/dev_ws/install/turtlesim/include/turtlesim/msg/detail/color__builder.hpp
[3.583s] -- Up-to-date: /home/sadurac/dev_ws/install/turtlesim/include/turtlesim/msg/detail/color__traits.hpp
[3.583s] -- Up-to-date: /home/sadurac/dev_ws/install/turtlesim/include/turtlesim/msg/detail/pose__traits.hpp
[3.583s] -- Up-to-date: /home/sadurac/dev_ws/install/turtlesim/include/turtlesim/msg/detail/color__struct.hpp
[3.584s] -- Up-to-date: /home/sadurac/dev_ws/install/turtlesim/include/turtlesim/msg/pose.hpp
[3.584s] -- Up-to-date: /home/sadurac/dev_ws/install/turtlesim/include/turtlesim/msg/color.hpp
[3.584s] -- Up-to-date: /home/sadurac/dev_ws/install/turtlesim/include/turtlesim
[3.585s] -- Up-to-date: /home/sadurac/dev_ws/install/turtlesim/include/turtlesim/action
[3.585s] -- Up-to-date: /home/sadurac/dev_ws/install/turtlesim/include/turtlesim/action/detail
[3.585s] -- Up-to-date: /home/sadurac/dev_ws/install/turtlesim/include/turtlesim/action/detail/rotate_absolute__rosidl_typesupport_introspection_cpp.hpp
[3.585s] -- Up-to-date: /home/sadurac/dev_ws/install/turtlesim/include/turtlesim/action/detail/rotate_absolute__type_support.cpp
[3.586s] -- Up-to-date: /home/sadurac/dev_ws/install/turtlesim/include/turtlesim/srv
[3.586s] -- Up-to-date: /home/sadurac/dev_ws/install/turtlesim/include/turtlesim/srv/detail
[3.586s] -- Up-to-date: /home/sadurac/dev_ws/install/turtlesim/include/turtlesim/srv/detail/teleport_relative__type_support.cpp
[3.586s] -- Up-to-date: /home/sadurac/dev_ws/install/turtlesim/include/turtlesim/srv/detail/teleport_absolute__rosidl_typesupport_introspection_cpp.hpp
[3.587s] -- Up-to-date: /home/sadurac/dev_ws/install/turtlesim/include/turtlesim/srv/detail/teleport_absolute__type_support.cpp
[3.587s] -- Up-to-date: /home/sadurac/dev_ws/install/turtlesim/include/turtlesim/srv/detail/spawn__type_support.cpp
[3.587s] -- Up-to-date: /home/sadurac/dev_ws/install/turtlesim/include/turtlesim/srv/detail/kill__rosidl_typesupport_introspection_cpp.hpp
[3.587s] -- Up-to-date: /home/sadurac/dev_ws/install/turtlesim/include/turtlesim/srv/detail/kill__type_support.cpp
[3.587s] -- Up-to-date: /home/sadurac/dev_ws/install/turtlesim/include/turtlesim/srv/detail/set_pen__rosidl_typesupport_introspection_cpp.hpp
[3.588s] -- Up-to-date: /home/sadurac/dev_ws/install/turtlesim/include/turtlesim/srv/detail/teleport_relative__rosidl_typesupport_introspection_cpp.hpp
[3.588s] -- Up-to-date: /home/sadurac/dev_ws/install/turtlesim/include/turtlesim/srv/detail/spawn__rosidl_typesupport_introspection_cpp.hpp
[3.588s] -- Up-to-date: /home/sadurac/dev_ws/install/turtlesim/include/turtlesim/srv/detail/set_pen__type_support.cpp
[3.588s] -- Up-to-date: /home/sadurac/dev_ws/install/turtlesim/include/turtlesim/msg
[3.588s] -- Up-to-date: /home/sadurac/dev_ws/install/turtlesim/include/turtlesim/msg/detail
[3.588s] -- Up-to-date: /home/sadurac/dev_ws/install/turtlesim/include/turtlesim/msg/detail/color__type_support.cpp
[3.589s] -- Up-to-date: /home/sadurac/dev_ws/install/turtlesim/include/turtlesim/msg/detail/pose__type_support.cpp
[3.589s] -- Up-to-date: /home/sadurac/dev_ws/install/turtlesim/include/turtlesim/msg/detail/pose__rosidl_typesupport_introspection_cpp.hpp
[3.589s] -- Up-to-date: /home/sadurac/dev_ws/install/turtlesim/include/turtlesim/msg/detail/color__rosidl_typesupport_introspection_cpp.hpp
[3.589s] -- Up-to-date: /home/sadurac/dev_ws/install/turtlesim/lib/libturtlesim__rosidl_typesupport_introspection_cpp.so
[3.589s] -- Up-to-date: /home/sadurac/dev_ws/install/turtlesim/lib/libturtlesim__rosidl_typesupport_cpp.so
[3.589s] -- Up-to-date: /home/sadurac/dev_ws/install/turtlesim/share/turtlesim/environment/pythonpath.sh
[3.589s] -- Up-to-date: /home/sadurac/dev_ws/install/turtlesim/share/turtlesim/environment/pythonpath.dsv
[3.590s] -- Up-to-date: /home/sadurac/dev_ws/install/turtlesim/lib/python3.8/site-packages/turtlesim/__init__.py
[3.685s] -- Up-to-date: /home/sadurac/dev_ws/install/turtlesim/lib/python3.8/site-packages/turtlesim/action
[3.685s] -- Up-to-date: /home/sadurac/dev_ws/install/turtlesim/lib/python3.8/site-packages/turtlesim/action/_rotate_absolute.py
[3.686s] -- Up-to-date: /home/sadurac/dev_ws/install/turtlesim/lib/python3.8/site-packages/turtlesim/action/__init__.py
[3.686s] -- Up-to-date: /home/sadurac/dev_ws/install/turtlesim/lib/python3.8/site-packages/turtlesim/action/_rotate_absolute_s.c
[3.687s] -- Up-to-date: /home/sadurac/dev_ws/install/turtlesim/lib/python3.8/site-packages/turtlesim/msg
[3.687s] -- Up-to-date: /home/sadurac/dev_ws/install/turtlesim/lib/python3.8/site-packages/turtlesim/msg/_color.py
[3.687s] -- Up-to-date: /home/sadurac/dev_ws/install/turtlesim/lib/python3.8/site-packages/turtlesim/msg/_pose_s.c
[3.687s] -- Up-to-date: /home/sadurac/dev_ws/install/turtlesim/lib/python3.8/site-packages/turtlesim/msg/_pose.py
[3.688s] -- Up-to-date: /home/sadurac/dev_ws/install/turtlesim/lib/python3.8/site-packages/turtlesim/msg/_color_s.c
[3.688s] -- Up-to-date: /home/sadurac/dev_ws/install/turtlesim/lib/python3.8/site-packages/turtlesim/msg/__init__.py
[3.689s] -- Up-to-date: /home/sadurac/dev_ws/install/turtlesim/lib/python3.8/site-packages/turtlesim/srv
[3.689s] -- Up-to-date: /home/sadurac/dev_ws/install/turtlesim/lib/python3.8/site-packages/turtlesim/srv/_teleport_absolute_s.c
[3.690s] -- Up-to-date: /home/sadurac/dev_ws/install/turtlesim/lib/python3.8/site-packages/turtlesim/srv/_spawn_s.c
[3.691s] -- Up-to-date: /home/sadurac/dev_ws/install/turtlesim/lib/python3.8/site-packages/turtlesim/srv/_spawn.py
[3.691s] -- Up-to-date: /home/sadurac/dev_ws/install/turtlesim/lib/python3.8/site-packages/turtlesim/srv/_kill.py
[3.691s] -- Up-to-date: /home/sadurac/dev_ws/install/turtlesim/lib/python3.8/site-packages/turtlesim/srv/_teleport_relative_s.c
[3.692s] -- Up-to-date: /home/sadurac/dev_ws/install/turtlesim/lib/python3.8/site-packages/turtlesim/srv/_kill_s.c
[3.692s] -- Up-to-date: /home/sadurac/dev_ws/install/turtlesim/lib/python3.8/site-packages/turtlesim/srv/_teleport_absolute.py
[3.692s] -- Up-to-date: /home/sadurac/dev_ws/install/turtlesim/lib/python3.8/site-packages/turtlesim/srv/_set_pen.py
[3.693s] -- Up-to-date: /home/sadurac/dev_ws/install/turtlesim/lib/python3.8/site-packages/turtlesim/srv/_set_pen_s.c
[3.693s] -- Up-to-date: /home/sadurac/dev_ws/install/turtlesim/lib/python3.8/site-packages/turtlesim/srv/_teleport_relative.py
[3.693s] -- Up-to-date: /home/sadurac/dev_ws/install/turtlesim/lib/python3.8/site-packages/turtlesim/srv/__init__.py
[3.693s] -- Installing: /home/sadurac/dev_ws/install/turtlesim/lib/python3.8/site-packages/turtlesim/turtlesim_s__rosidl_typesupport_fastrtps_c.cpython-38-x86_64-linux-gnu.so
[3.694s] -- Set runtime path of "/home/sadurac/dev_ws/install/turtlesim/lib/python3.8/site-packages/turtlesim/turtlesim_s__rosidl_typesupport_fastrtps_c.cpython-38-x86_64-linux-gnu.so" to ""
[3.694s] -- Up-to-date: /home/sadurac/dev_ws/install/turtlesim/lib/python3.8/site-packages/turtlesim/turtlesim_s__rosidl_typesupport_introspection_c.cpython-38-x86_64-linux-gnu.so
[3.695s] -- Up-to-date: /home/sadurac/dev_ws/install/turtlesim/lib/python3.8/site-packages/turtlesim/turtlesim_s__rosidl_typesupport_c.cpython-38-x86_64-linux-gnu.so
[3.704s] -- Up-to-date: /home/sadurac/dev_ws/install/turtlesim/lib/libturtlesim__python.so
[3.705s] -- Up-to-date: /home/sadurac/dev_ws/install/turtlesim/share/turtlesim/action/RotateAbsolute.idl
[3.706s] -- Up-to-date: /home/sadurac/dev_ws/install/turtlesim/share/turtlesim/msg/Color.idl
[3.708s] -- Up-to-date: /home/sadurac/dev_ws/install/turtlesim/share/turtlesim/msg/Pose.idl
[3.709s] -- Up-to-date: /home/sadurac/dev_ws/install/turtlesim/share/turtlesim/srv/Kill.idl
[3.710s] -- Up-to-date: /home/sadurac/dev_ws/install/turtlesim/share/turtlesim/srv/SetPen.idl
[3.710s] -- Up-to-date: /home/sadurac/dev_ws/install/turtlesim/share/turtlesim/srv/Spawn.idl
[3.710s] -- Up-to-date: /home/sadurac/dev_ws/install/turtlesim/share/turtlesim/srv/TeleportAbsolute.idl
[3.710s] -- Up-to-date: /home/sadurac/dev_ws/install/turtlesim/share/turtlesim/srv/TeleportRelative.idl
[3.711s] -- Up-to-date: /home/sadurac/dev_ws/install/turtlesim/share/turtlesim/action/RotateAbsolute.action
[3.711s] -- Up-to-date: /home/sadurac/dev_ws/install/turtlesim/share/turtlesim/msg/Color.msg
[3.711s] -- Up-to-date: /home/sadurac/dev_ws/install/turtlesim/share/turtlesim/msg/Pose.msg
[3.711s] -- Up-to-date: /home/sadurac/dev_ws/install/turtlesim/share/turtlesim/srv/Kill.srv
[3.711s] -- Up-to-date: /home/sadurac/dev_ws/install/turtlesim/share/turtlesim/srv/Kill_Request.msg
[3.711s] -- Up-to-date: /home/sadurac/dev_ws/install/turtlesim/share/turtlesim/srv/Kill_Response.msg
[3.711s] -- Up-to-date: /home/sadurac/dev_ws/install/turtlesim/share/turtlesim/srv/SetPen.srv
[3.712s] -- Up-to-date: /home/sadurac/dev_ws/install/turtlesim/share/turtlesim/srv/SetPen_Request.msg
[3.712s] -- Up-to-date: /home/sadurac/dev_ws/install/turtlesim/share/turtlesim/srv/SetPen_Response.msg
[3.712s] -- Up-to-date: /home/sadurac/dev_ws/install/turtlesim/share/turtlesim/srv/Spawn.srv
[3.712s] -- Up-to-date: /home/sadurac/dev_ws/install/turtlesim/share/turtlesim/srv/Spawn_Request.msg
[3.712s] -- Up-to-date: /home/sadurac/dev_ws/install/turtlesim/share/turtlesim/srv/Spawn_Response.msg
[3.712s] -- Up-to-date: /home/sadurac/dev_ws/install/turtlesim/share/turtlesim/srv/TeleportAbsolute.srv
[3.712s] -- Up-to-date: /home/sadurac/dev_ws/install/turtlesim/share/turtlesim/srv/TeleportAbsolute_Request.msg
[3.713s] -- Up-to-date: /home/sadurac/dev_ws/install/turtlesim/share/turtlesim/srv/TeleportAbsolute_Response.msg
[3.713s] -- Up-to-date: /home/sadurac/dev_ws/install/turtlesim/share/turtlesim/srv/TeleportRelative.srv
[3.713s] -- Up-to-date: /home/sadurac/dev_ws/install/turtlesim/share/turtlesim/srv/TeleportRelative_Request.msg
[3.713s] -- Up-to-date: /home/sadurac/dev_ws/install/turtlesim/share/turtlesim/srv/TeleportRelative_Response.msg
[3.734s] -- Up-to-date: /home/sadurac/dev_ws/install/turtlesim/lib/turtlesim/turtlesim_node
[3.738s] -- Up-to-date: /home/sadurac/dev_ws/install/turtlesim/lib/turtlesim/turtle_teleop_key
[3.748s] -- Up-to-date: /home/sadurac/dev_ws/install/turtlesim/lib/turtlesim/draw_square
[3.761s] -- Up-to-date: /home/sadurac/dev_ws/install/turtlesim/lib/turtlesim/mimic
[3.761s] -- Up-to-date: /home/sadurac/dev_ws/install/turtlesim/share/turtlesim/images
[3.782s] -- Up-to-date: /home/sadurac/dev_ws/install/turtlesim/share/turtlesim/images/foxy.png
[3.782s] -- Up-to-date: /home/sadurac/dev_ws/install/turtlesim/share/turtlesim/images/dashing.png
[3.782s] -- Up-to-date: /home/sadurac/dev_ws/install/turtlesim/share/turtlesim/images/bouncy.png
[3.783s] -- Up-to-date: /home/sadurac/dev_ws/install/turtlesim/share/turtlesim/images/eloquent.png
[3.783s] -- Up-to-date: /home/sadurac/dev_ws/install/turtlesim/share/turtlesim/images/crystal.png
[3.784s] -- Up-to-date: /home/sadurac/dev_ws/install/turtlesim/share/turtlesim/images/ardent.png
[3.784s] -- Up-to-date: /home/sadurac/dev_ws/install/turtlesim/share/turtlesim/launch
[3.785s] -- Up-to-date: /home/sadurac/dev_ws/install/turtlesim/share/turtlesim/launch/multisim.launch.py
[3.786s] -- Up-to-date: /home/sadurac/dev_ws/install/turtlesim/share/ament_index/resource_index/package_run_dependencies/turtlesim
[3.786s] -- Up-to-date: /home/sadurac/dev_ws/install/turtlesim/share/ament_index/resource_index/parent_prefix_path/turtlesim
[3.786s] -- Up-to-date: /home/sadurac/dev_ws/install/turtlesim/share/turtlesim/environment/ament_prefix_path.sh
[3.786s] -- Up-to-date: /home/sadurac/dev_ws/install/turtlesim/share/turtlesim/environment/ament_prefix_path.dsv
[3.786s] -- Up-to-date: /home/sadurac/dev_ws/install/turtlesim/share/turtlesim/environment/path.sh
[3.787s] -- Up-to-date: /home/sadurac/dev_ws/install/turtlesim/share/turtlesim/environment/path.dsv
[3.787s] -- Up-to-date: /home/sadurac/dev_ws/install/turtlesim/share/turtlesim/local_setup.bash
[3.787s] -- Up-to-date: /home/sadurac/dev_ws/install/turtlesim/share/turtlesim/local_setup.sh
[3.787s] -- Up-to-date: /home/sadurac/dev_ws/install/turtlesim/share/turtlesim/local_setup.zsh
[3.787s] -- Up-to-date: /home/sadurac/dev_ws/install/turtlesim/share/turtlesim/local_setup.dsv
[3.787s] -- Installing: /home/sadurac/dev_ws/install/turtlesim/share/turtlesim/package.dsv
[3.795s] -- Up-to-date: /home/sadurac/dev_ws/install/turtlesim/share/ament_index/resource_index/packages/turtlesim
[3.820s] -- Up-to-date: /home/sadurac/dev_ws/install/turtlesim/share/turtlesim/cmake/turtlesim__rosidl_generator_cExport.cmake
[3.821s] -- Up-to-date: /home/sadurac/dev_ws/install/turtlesim/share/turtlesim/cmake/turtlesim__rosidl_generator_cExport-noconfig.cmake
[3.821s] -- Up-to-date: /home/sadurac/dev_ws/install/turtlesim/share/turtlesim/cmake/turtlesim__rosidl_typesupport_introspection_cExport.cmake
[3.822s] -- Up-to-date: /home/sadurac/dev_ws/install/turtlesim/share/turtlesim/cmake/turtlesim__rosidl_typesupport_introspection_cExport-noconfig.cmake
[3.822s] -- Up-to-date: /home/sadurac/dev_ws/install/turtlesim/share/turtlesim/cmake/turtlesim__rosidl_typesupport_cExport.cmake
[3.823s] -- Up-to-date: /home/sadurac/dev_ws/install/turtlesim/share/turtlesim/cmake/turtlesim__rosidl_typesupport_cExport-noconfig.cmake
[3.823s] -- Up-to-date: /home/sadurac/dev_ws/install/turtlesim/share/turtlesim/cmake/turtlesim__rosidl_generator_cppExport.cmake
[3.825s] -- Up-to-date: /home/sadurac/dev_ws/install/turtlesim/share/turtlesim/cmake/turtlesim__rosidl_typesupport_introspection_cppExport.cmake
[3.825s] -- Up-to-date: /home/sadurac/dev_ws/install/turtlesim/share/turtlesim/cmake/turtlesim__rosidl_typesupport_introspection_cppExport-noconfig.cmake
[3.826s] -- Up-to-date: /home/sadurac/dev_ws/install/turtlesim/share/turtlesim/cmake/turtlesim__rosidl_typesupport_cppExport.cmake
[3.826s] -- Up-to-date: /home/sadurac/dev_ws/install/turtlesim/share/turtlesim/cmake/turtlesim__rosidl_typesupport_cppExport-noconfig.cmake
[3.827s] -- Up-to-date: /home/sadurac/dev_ws/install/turtlesim/share/turtlesim/cmake/rosidl_cmake-extras.cmake
[3.827s] -- Up-to-date: /home/sadurac/dev_ws/install/turtlesim/share/turtlesim/cmake/ament_cmake_export_dependencies-extras.cmake
[3.827s] -- Up-to-date: /home/sadurac/dev_ws/install/turtlesim/share/turtlesim/cmake/ament_cmake_export_libraries-extras.cmake
[3.827s] -- Up-to-date: /home/sadurac/dev_ws/install/turtlesim/share/turtlesim/cmake/ament_cmake_export_targets-extras.cmake
[3.827s] -- Up-to-date: /home/sadurac/dev_ws/install/turtlesim/share/turtlesim/cmake/ament_cmake_export_include_directories-extras.cmake
[3.827s] -- Up-to-date: /home/sadurac/dev_ws/install/turtlesim/share/turtlesim/cmake/rosidl_cmake_export_typesupport_libraries-extras.cmake
[3.828s] -- Up-to-date: /home/sadurac/dev_ws/install/turtlesim/share/turtlesim/cmake/rosidl_cmake_export_typesupport_targets-extras.cmake
[3.828s] -- Up-to-date: /home/sadurac/dev_ws/install/turtlesim/share/turtlesim/cmake/turtlesimConfig.cmake
[3.828s] -- Up-to-date: /home/sadurac/dev_ws/install/turtlesim/share/turtlesim/cmake/turtlesimConfig-version.cmake
[3.828s] -- Up-to-date: /home/sadurac/dev_ws/install/turtlesim/share/turtlesim/package.xml
[3.840s] Invoked command in '/home/sadurac/dev_ws/build/turtlesim' returned '0': CMAKE_PREFIX_PATH=${CMAKE_PREFIX_PATH}:/home/sadurac/nav2_ws/install/nav2_gazebo_spawner:/opt/ros/foxy /usr/bin/cmake --install /home/sadurac/dev_ws/build/turtlesim
