[0.097s] Invoking command in '/home/sadurac/dev_ws/build/basic_mobile_robot': CMAKE_PREFIX_PATH=${CMAKE_PREFIX_PATH}:/home/sadurac/nav2_ws/install/nav2_gazebo_spawner:/opt/ros/foxy /usr/bin/cmake --build /home/sadurac/dev_ws/build/basic_mobile_robot -- -j4 -l4
[0.421s] Invoked command in '/home/sadurac/dev_ws/build/basic_mobile_robot' returned '0': CMAKE_PREFIX_PATH=${CMAKE_PREFIX_PATH}:/home/sadurac/nav2_ws/install/nav2_gazebo_spawner:/opt/ros/foxy /usr/bin/cmake --build /home/sadurac/dev_ws/build/basic_mobile_robot -- -j4 -l4
[0.480s] Invoking command in '/home/sadurac/dev_ws/build/basic_mobile_robot': CMAKE_PREFIX_PATH=${CMAKE_PREFIX_PATH}:/home/sadurac/nav2_ws/install/nav2_gazebo_spawner:/opt/ros/foxy /usr/bin/cmake --install /home/sadurac/dev_ws/build/basic_mobile_robot
[0.495s] -- Install configuration: ""
[0.495s] -- Up-to-date: /home/sadurac/dev_ws/install/basic_mobile_robot/share/basic_mobile_robot/config
[0.495s] -- Up-to-date: /home/sadurac/dev_ws/install/basic_mobile_robot/share/basic_mobile_robot/launch
[0.495s] -- Up-to-date: /home/sadurac/dev_ws/install/basic_mobile_robot/share/basic_mobile_robot/launch/basic_mobile_bot_v2.launch.py
[0.495s] -- Up-to-date: /home/sadurac/dev_ws/install/basic_mobile_robot/share/basic_mobile_robot/maps
[0.496s] -- Up-to-date: /home/sadurac/dev_ws/install/basic_mobile_robot/share/basic_mobile_robot/meshes
[0.496s] -- Up-to-date: /home/sadurac/dev_ws/install/basic_mobile_robot/share/basic_mobile_robot/models
[0.496s] -- Up-to-date: /home/sadurac/dev_ws/install/basic_mobile_robot/share/basic_mobile_robot/models/basic_mobile_bot_description
[0.497s] -- Up-to-date: /home/sadurac/dev_ws/install/basic_mobile_robot/share/basic_mobile_robot/models/basic_mobile_bot_description/meshes
[0.497s] -- Up-to-date: /home/sadurac/dev_ws/install/basic_mobile_robot/share/basic_mobile_robot/models/basic_mobile_bot_description/model.sdf
[0.497s] -- Up-to-date: /home/sadurac/dev_ws/install/basic_mobile_robot/share/basic_mobile_robot/models/basic_mobile_bot_description/model.config
[0.497s] -- Up-to-date: /home/sadurac/dev_ws/install/basic_mobile_robot/share/basic_mobile_robot/models/basic_mobile_bot_v1.urdf
[0.498s] -- Up-to-date: /home/sadurac/dev_ws/install/basic_mobile_robot/share/basic_mobile_robot/models/targets
[0.498s] -- Installing: /home/sadurac/dev_ws/install/basic_mobile_robot/share/basic_mobile_robot/models/targets/model1.config
[0.498s] -- Installing: /home/sadurac/dev_ws/install/basic_mobile_robot/share/basic_mobile_robot/models/targets/target1.sdf
[0.498s] -- Installing: /home/sadurac/dev_ws/install/basic_mobile_robot/share/basic_mobile_robot/models/targets/model2.config
[0.498s] -- Up-to-date: /home/sadurac/dev_ws/install/basic_mobile_robot/share/basic_mobile_robot/models/targets/meshes
[0.499s] -- Installing: /home/sadurac/dev_ws/install/basic_mobile_robot/share/basic_mobile_robot/models/targets/target3.sdf
[0.499s] -- Installing: /home/sadurac/dev_ws/install/basic_mobile_robot/share/basic_mobile_robot/models/targets/model3.config
[0.499s] -- Up-to-date: /home/sadurac/dev_ws/install/basic_mobile_robot/share/basic_mobile_robot/models/targets/materials
[0.499s] -- Up-to-date: /home/sadurac/dev_ws/install/basic_mobile_robot/share/basic_mobile_robot/models/targets/materials/scripts
[0.499s] -- Up-to-date: /home/sadurac/dev_ws/install/basic_mobile_robot/share/basic_mobile_robot/models/targets/materials/scripts/target3.material
[0.499s] -- Up-to-date: /home/sadurac/dev_ws/install/basic_mobile_robot/share/basic_mobile_robot/models/targets/materials/scripts/target1.material
[0.499s] -- Up-to-date: /home/sadurac/dev_ws/install/basic_mobile_robot/share/basic_mobile_robot/models/targets/materials/scripts/target2.material
[0.499s] -- Up-to-date: /home/sadurac/dev_ws/install/basic_mobile_robot/share/basic_mobile_robot/models/targets/materials/textures
[0.499s] -- Up-to-date: /home/sadurac/dev_ws/install/basic_mobile_robot/share/basic_mobile_robot/models/targets/materials/textures/HuskyImg2.jpeg
[0.500s] -- Up-to-date: /home/sadurac/dev_ws/install/basic_mobile_robot/share/basic_mobile_robot/models/targets/materials/textures/HuskyImg1.jpeg
[0.500s] -- Up-to-date: /home/sadurac/dev_ws/install/basic_mobile_robot/share/basic_mobile_robot/models/targets/materials/textures/HuskyImg3.jpeg
[0.500s] -- Installing: /home/sadurac/dev_ws/install/basic_mobile_robot/share/basic_mobile_robot/models/targets/target2.sdf
[0.500s] -- Up-to-date: /home/sadurac/dev_ws/install/basic_mobile_robot/share/basic_mobile_robot/params
[0.501s] -- Up-to-date: /home/sadurac/dev_ws/install/basic_mobile_robot/share/basic_mobile_robot/rviz
[0.504s] -- Up-to-date: /home/sadurac/dev_ws/install/basic_mobile_robot/share/basic_mobile_robot/rviz/urdf_config.rviz
[0.504s] -- Up-to-date: /home/sadurac/dev_ws/install/basic_mobile_robot/share/basic_mobile_robot/src
[0.505s] -- Up-to-date: /home/sadurac/dev_ws/install/basic_mobile_robot/share/basic_mobile_robot/worlds
[0.505s] -- Up-to-date: /home/sadurac/dev_ws/install/basic_mobile_robot/share/basic_mobile_robot/worlds/basic_mobile_bot_world
[0.505s] -- Up-to-date: /home/sadurac/dev_ws/install/basic_mobile_robot/share/basic_mobile_robot/worlds/basic_mobile_bot_world/simple.world
[0.507s] -- Up-to-date: /home/sadurac/dev_ws/install/basic_mobile_robot/share/ament_index/resource_index/package_run_dependencies/basic_mobile_robot
[0.507s] -- Up-to-date: /home/sadurac/dev_ws/install/basic_mobile_robot/share/ament_index/resource_index/parent_prefix_path/basic_mobile_robot
[0.508s] -- Up-to-date: /home/sadurac/dev_ws/install/basic_mobile_robot/share/basic_mobile_robot/environment/ament_prefix_path.sh
[0.508s] -- Up-to-date: /home/sadurac/dev_ws/install/basic_mobile_robot/share/basic_mobile_robot/environment/ament_prefix_path.dsv
[0.508s] -- Up-to-date: /home/sadurac/dev_ws/install/basic_mobile_robot/share/basic_mobile_robot/environment/path.sh
[0.508s] -- Up-to-date: /home/sadurac/dev_ws/install/basic_mobile_robot/share/basic_mobile_robot/environment/path.dsv
[0.510s] -- Up-to-date: /home/sadurac/dev_ws/install/basic_mobile_robot/share/basic_mobile_robot/local_setup.bash
[0.510s] -- Up-to-date: /home/sadurac/dev_ws/install/basic_mobile_robot/share/basic_mobile_robot/local_setup.sh
[0.510s] -- Up-to-date: /home/sadurac/dev_ws/install/basic_mobile_robot/share/basic_mobile_robot/local_setup.zsh
[0.512s] -- Up-to-date: /home/sadurac/dev_ws/install/basic_mobile_robot/share/basic_mobile_robot/local_setup.dsv
[0.512s] -- Installing: /home/sadurac/dev_ws/install/basic_mobile_robot/share/basic_mobile_robot/package.dsv
[0.514s] -- Up-to-date: /home/sadurac/dev_ws/install/basic_mobile_robot/share/ament_index/resource_index/packages/basic_mobile_robot
[0.514s] -- Up-to-date: /home/sadurac/dev_ws/install/basic_mobile_robot/share/basic_mobile_robot/cmake/basic_mobile_robotConfig.cmake
[0.514s] -- Up-to-date: /home/sadurac/dev_ws/install/basic_mobile_robot/share/basic_mobile_robot/cmake/basic_mobile_robotConfig-version.cmake
[0.514s] -- Up-to-date: /home/sadurac/dev_ws/install/basic_mobile_robot/share/basic_mobile_robot/package.xml
[0.515s] Invoked command in '/home/sadurac/dev_ws/build/basic_mobile_robot' returned '0': CMAKE_PREFIX_PATH=${CMAKE_PREFIX_PATH}:/home/sadurac/nav2_ws/install/nav2_gazebo_spawner:/opt/ros/foxy /usr/bin/cmake --install /home/sadurac/dev_ws/build/basic_mobile_robot
