[0.041s] Invoking command in '/home/sadurac/dev_ws/build/basic_mobile_robot': CMAKE_PREFIX_PATH=${CMAKE_PREFIX_PATH}:/home/sadurac/nav2_ws/install/nav2_gazebo_spawner:/opt/ros/foxy /usr/bin/cmake --build /home/sadurac/dev_ws/build/basic_mobile_robot -- -j4 -l4
[0.081s] -- Found ament_cmake: 0.9.9 (/opt/ros/foxy/share/ament_cmake/cmake)
[0.119s] -- Using PYTHON_EXECUTABLE: /usr/bin/python3
[0.796s] -- Found rclcpp: 2.4.1 (/opt/ros/foxy/share/rclcpp/cmake)
[1.576s] -- Using all available rosidl_typesupport_c: rosidl_typesupport_fastrtps_c;rosidl_typesupport_introspection_c
[1.693s] -- Found rosidl_adapter: 1.2.1 (/opt/ros/foxy/share/rosidl_adapter/cmake)
[2.726s] -- Found OpenSSL: /usr/lib/x86_64-linux-gnu/libcrypto.so (found version "1.1.1f")  
[2.801s] -- Found FastRTPS: /opt/ros/foxy/include  
[3.118s] -- Using all available rosidl_typesupport_cpp: rosidl_typesupport_fastrtps_cpp;rosidl_typesupport_introspection_cpp
[3.448s] -- Found rmw_implementation_cmake: 1.0.3 (/opt/ros/foxy/share/rmw_implementation_cmake/cmake)
[3.469s] -- Using RMW implementation 'rmw_fastrtps_cpp' as default
[3.511s] -- Looking for pthread.h
[5.668s] -- Looking for pthread.h - found
[5.680s] -- Performing Test CMAKE_HAVE_LIBC_PTHREAD
[5.849s] -- Performing Test CMAKE_HAVE_LIBC_PTHREAD - Failed
[5.849s] -- Looking for pthread_create in pthreads
[6.024s] -- Looking for pthread_create in pthreads - not found
[6.024s] -- Looking for pthread_create in pthread
[6.124s] -- Looking for pthread_create in pthread - found
[6.125s] -- Found Threads: TRUE  
[6.606s] -- Found image_transport: 2.3.0 (/opt/ros/foxy/share/image_transport/cmake)
[7.234s] -- Found cv_bridge: 2.2.1 (/opt/ros/foxy/share/cv_bridge/cmake)
[7.381s] CMake Error at CMakeLists.txt:25 (find_package):
[7.381s]   By not providing "Findopencv2.cmake" in CMAKE_MODULE_PATH this project has
[7.382s]   asked CMake to find a package configuration file provided by "opencv2", but
[7.382s]   CMake did not find one.
[7.382s] 
[7.382s]   Could not find a package configuration file provided by "opencv2" with any
[7.382s]   of the following names:
[7.382s] 
[7.382s]     opencv2Config.cmake
[7.382s]     opencv2-config.cmake
[7.382s] 
[7.382s]   Add the installation prefix of "opencv2" to CMAKE_PREFIX_PATH or set
[7.382s]   "opencv2_DIR" to a directory containing one of the above files.  If
[7.382s]   "opencv2" provides a separate development package or SDK, be sure it has
[7.382s]   been installed.
[7.382s] 
[7.383s] 
[7.383s] -- Configuring incomplete, errors occurred!
[7.384s] See also "/home/sadurac/dev_ws/build/basic_mobile_robot/CMakeFiles/CMakeOutput.log".
[7.384s] See also "/home/sadurac/dev_ws/build/basic_mobile_robot/CMakeFiles/CMakeError.log".
[7.389s] make: *** [Makefile:222: cmake_check_build_system] Error 1
[7.392s] Invoked command in '/home/sadurac/dev_ws/build/basic_mobile_robot' returned '2': CMAKE_PREFIX_PATH=${CMAKE_PREFIX_PATH}:/home/sadurac/nav2_ws/install/nav2_gazebo_spawner:/opt/ros/foxy /usr/bin/cmake --build /home/sadurac/dev_ws/build/basic_mobile_robot -- -j4 -l4
