[0.100s] Invoking command in '/home/sadurac/dev_ws/build/basic_mobile_robot': CMAKE_PREFIX_PATH=${CMAKE_PREFIX_PATH}:/home/sadurac/nav2_ws/install/nav2_gazebo_spawner:/opt/ros/foxy /usr/bin/cmake --build /home/sadurac/dev_ws/build/basic_mobile_robot -- -j4 -l4
[0.447s] Invoked command in '/home/sadurac/dev_ws/build/basic_mobile_robot' returned '0': CMAKE_PREFIX_PATH=${CMAKE_PREFIX_PATH}:/home/sadurac/nav2_ws/install/nav2_gazebo_spawner:/opt/ros/foxy /usr/bin/cmake --build /home/sadurac/dev_ws/build/basic_mobile_robot -- -j4 -l4
[0.511s] Invoking command in '/home/sadurac/dev_ws/build/basic_mobile_robot': CMAKE_PREFIX_PATH=${CMAKE_PREFIX_PATH}:/home/sadurac/nav2_ws/install/nav2_gazebo_spawner:/opt/ros/foxy /usr/bin/cmake --install /home/sadurac/dev_ws/build/basic_mobile_robot
[0.527s] -- Install configuration: ""
[0.528s] -- Up-to-date: /home/sadurac/dev_ws/install/basic_mobile_robot/share/basic_mobile_robot/config
[0.528s] -- Up-to-date: /home/sadurac/dev_ws/install/basic_mobile_robot/share/basic_mobile_robot/launch
[0.528s] -- Up-to-date: /home/sadurac/dev_ws/install/basic_mobile_robot/share/basic_mobile_robot/launch/basic_mobile_bot_v2.launch.py
[0.529s] -- Up-to-date: /home/sadurac/dev_ws/install/basic_mobile_robot/share/basic_mobile_robot/maps
[0.529s] -- Up-to-date: /home/sadurac/dev_ws/install/basic_mobile_robot/share/basic_mobile_robot/meshes
[0.529s] -- Up-to-date: /home/sadurac/dev_ws/install/basic_mobile_robot/share/basic_mobile_robot/models
[0.529s] -- Up-to-date: /home/sadurac/dev_ws/install/basic_mobile_robot/share/basic_mobile_robot/models/basic_mobile_bot_description
[0.529s] -- Up-to-date: /home/sadurac/dev_ws/install/basic_mobile_robot/share/basic_mobile_robot/models/basic_mobile_bot_description/meshes
[0.530s] -- Up-to-date: /home/sadurac/dev_ws/install/basic_mobile_robot/share/basic_mobile_robot/models/basic_mobile_bot_description/model.sdf
[0.530s] -- Up-to-date: /home/sadurac/dev_ws/install/basic_mobile_robot/share/basic_mobile_robot/models/basic_mobile_bot_description/model.config
[0.530s] -- Up-to-date: /home/sadurac/dev_ws/install/basic_mobile_robot/share/basic_mobile_robot/models/basic_mobile_bot_v1.urdf
[0.530s] -- Up-to-date: /home/sadurac/dev_ws/install/basic_mobile_robot/share/basic_mobile_robot/params
[0.530s] -- Up-to-date: /home/sadurac/dev_ws/install/basic_mobile_robot/share/basic_mobile_robot/rviz
[0.530s] -- Up-to-date: /home/sadurac/dev_ws/install/basic_mobile_robot/share/basic_mobile_robot/rviz/urdf_config.rviz
[0.530s] -- Up-to-date: /home/sadurac/dev_ws/install/basic_mobile_robot/share/basic_mobile_robot/src
[0.531s] -- Up-to-date: /home/sadurac/dev_ws/install/basic_mobile_robot/share/basic_mobile_robot/worlds
[0.531s] -- Up-to-date: /home/sadurac/dev_ws/install/basic_mobile_robot/share/basic_mobile_robot/worlds/basic_mobile_bot_world
[0.531s] -- Up-to-date: /home/sadurac/dev_ws/install/basic_mobile_robot/share/basic_mobile_robot/worlds/basic_mobile_bot_world/simple.world
[0.531s] -- Up-to-date: /home/sadurac/dev_ws/install/basic_mobile_robot/share/ament_index/resource_index/package_run_dependencies/basic_mobile_robot
[0.531s] -- Up-to-date: /home/sadurac/dev_ws/install/basic_mobile_robot/share/ament_index/resource_index/parent_prefix_path/basic_mobile_robot
[0.531s] -- Up-to-date: /home/sadurac/dev_ws/install/basic_mobile_robot/share/basic_mobile_robot/environment/ament_prefix_path.sh
[0.531s] -- Up-to-date: /home/sadurac/dev_ws/install/basic_mobile_robot/share/basic_mobile_robot/environment/ament_prefix_path.dsv
[0.532s] -- Up-to-date: /home/sadurac/dev_ws/install/basic_mobile_robot/share/basic_mobile_robot/environment/path.sh
[0.532s] -- Up-to-date: /home/sadurac/dev_ws/install/basic_mobile_robot/share/basic_mobile_robot/environment/path.dsv
[0.533s] -- Up-to-date: /home/sadurac/dev_ws/install/basic_mobile_robot/share/basic_mobile_robot/local_setup.bash
[0.533s] -- Up-to-date: /home/sadurac/dev_ws/install/basic_mobile_robot/share/basic_mobile_robot/local_setup.sh
[0.533s] -- Up-to-date: /home/sadurac/dev_ws/install/basic_mobile_robot/share/basic_mobile_robot/local_setup.zsh
[0.536s] -- Up-to-date: /home/sadurac/dev_ws/install/basic_mobile_robot/share/basic_mobile_robot/local_setup.dsv
[0.536s] -- Installing: /home/sadurac/dev_ws/install/basic_mobile_robot/share/basic_mobile_robot/package.dsv
[0.536s] -- Up-to-date: /home/sadurac/dev_ws/install/basic_mobile_robot/share/ament_index/resource_index/packages/basic_mobile_robot
[0.537s] -- Up-to-date: /home/sadurac/dev_ws/install/basic_mobile_robot/share/basic_mobile_robot/cmake/basic_mobile_robotConfig.cmake
[0.537s] -- Up-to-date: /home/sadurac/dev_ws/install/basic_mobile_robot/share/basic_mobile_robot/cmake/basic_mobile_robotConfig-version.cmake
[0.537s] -- Up-to-date: /home/sadurac/dev_ws/install/basic_mobile_robot/share/basic_mobile_robot/package.xml
[0.537s] Invoked command in '/home/sadurac/dev_ws/build/basic_mobile_robot' returned '0': CMAKE_PREFIX_PATH=${CMAKE_PREFIX_PATH}:/home/sadurac/nav2_ws/install/nav2_gazebo_spawner:/opt/ros/foxy /usr/bin/cmake --install /home/sadurac/dev_ws/build/basic_mobile_robot
