[0.046s] Invoking command in '/home/sadurac/dev_ws/build/turtlesim': CMAKE_PREFIX_PATH=${CMAKE_PREFIX_PATH}:/home/sadurac/nav2_ws/install/nav2_gazebo_spawner:/opt/ros/foxy /usr/bin/cmake --build /home/sadurac/dev_ws/build/turtlesim -- -j4 -l4
[0.139s] [  1%] Built target turtlesim__cpp
[0.152s] [ 11%] Built target turtlesim__rosidl_generator_c
[0.212s] [ 21%] Built target turtlesim__rosidl_typesupport_cpp
[0.220s] [ 31%] Built target turtlesim__rosidl_typesupport_introspection_cpp
[0.229s] [ 41%] Built target turtlesim__rosidl_typesupport_fastrtps_cpp
[0.234s] [ 51%] Built target turtlesim__rosidl_typesupport_c
[0.279s] [ 61%] Built target turtlesim__rosidl_typesupport_introspection_c
[0.288s] [ 71%] Built target turtlesim__rosidl_typesupport_fastrtps_c
[0.323s] [ 71%] Built target turtlesim
[0.403s] [ 73%] Built target draw_square
[0.407s] [ 74%] Built target turtlesim__py
[0.409s] [ 76%] Built target turtle_teleop_key
[0.427s] [ 78%] Built target mimic
[0.464s] [ 87%] Built target turtlesim__python
[0.515s] [ 93%] Built target turtlesim_node
[0.535s] [ 95%] Built target turtlesim__rosidl_typesupport_introspection_c__pyext
[0.536s] [ 97%] Built target turtlesim__rosidl_typesupport_fastrtps_c__pyext
[0.542s] [100%] Built target turtlesim__rosidl_typesupport_c__pyext
[0.561s] Invoked command in '/home/sadurac/dev_ws/build/turtlesim' returned '0': CMAKE_PREFIX_PATH=${CMAKE_PREFIX_PATH}:/home/sadurac/nav2_ws/install/nav2_gazebo_spawner:/opt/ros/foxy /usr/bin/cmake --build /home/sadurac/dev_ws/build/turtlesim -- -j4 -l4
[0.936s] Invoking command in '/home/sadurac/dev_ws/build/turtlesim': CMAKE_PREFIX_PATH=${CMAKE_PREFIX_PATH}:/home/sadurac/nav2_ws/install/nav2_gazebo_spawner:/opt/ros/foxy /usr/bin/cmake --install /home/sadurac/dev_ws/build/turtlesim
[0.950s] -- Install configuration: ""
[0.950s] -- Up-to-date: /home/sadurac/dev_ws/install/turtlesim/share/ament_index/resource_index/rosidl_interfaces/turtlesim
[0.950s] -- Up-to-date: /home/sadurac/dev_ws/install/turtlesim/include/turtlesim
[0.950s] -- Up-to-date: /home/sadurac/dev_ws/install/turtlesim/include/turtlesim/action
[0.951s] -- Up-to-date: /home/sadurac/dev_ws/install/turtlesim/include/turtlesim/action/detail
[0.951s] -- Up-to-date: /home/sadurac/dev_ws/install/turtlesim/include/turtlesim/action/detail/rotate_absolute__type_support.h
[0.951s] -- Up-to-date: /home/sadurac/dev_ws/install/turtlesim/include/turtlesim/action/detail/rotate_absolute__functions.c
[0.951s] -- Up-to-date: /home/sadurac/dev_ws/install/turtlesim/include/turtlesim/action/detail/rotate_absolute__functions.h
[0.952s] -- Up-to-date: /home/sadurac/dev_ws/install/turtlesim/include/turtlesim/action/detail/rotate_absolute__struct.h
[0.952s] -- Up-to-date: /home/sadurac/dev_ws/install/turtlesim/include/turtlesim/action/rotate_absolute.h
[0.952s] -- Up-to-date: /home/sadurac/dev_ws/install/turtlesim/include/turtlesim/srv
[0.952s] -- Up-to-date: /home/sadurac/dev_ws/install/turtlesim/include/turtlesim/srv/spawn.h
[0.953s] -- Up-to-date: /home/sadurac/dev_ws/install/turtlesim/include/turtlesim/srv/detail
[0.953s] -- Up-to-date: /home/sadurac/dev_ws/install/turtlesim/include/turtlesim/srv/detail/set_pen__struct.h
[0.953s] -- Up-to-date: /home/sadurac/dev_ws/install/turtlesim/include/turtlesim/srv/detail/teleport_relative__struct.h
[0.953s] -- Up-to-date: /home/sadurac/dev_ws/install/turtlesim/include/turtlesim/srv/detail/spawn__functions.h
[0.953s] -- Up-to-date: /home/sadurac/dev_ws/install/turtlesim/include/turtlesim/srv/detail/teleport_absolute__type_support.h
[0.953s] -- Up-to-date: /home/sadurac/dev_ws/install/turtlesim/include/turtlesim/srv/detail/teleport_relative__functions.c
[0.954s] -- Up-to-date: /home/sadurac/dev_ws/install/turtlesim/include/turtlesim/srv/detail/kill__struct.h
[0.954s] -- Up-to-date: /home/sadurac/dev_ws/install/turtlesim/include/turtlesim/srv/detail/teleport_relative__type_support.h
[0.954s] -- Up-to-date: /home/sadurac/dev_ws/install/turtlesim/include/turtlesim/srv/detail/set_pen__functions.c
[0.954s] -- Up-to-date: /home/sadurac/dev_ws/install/turtlesim/include/turtlesim/srv/detail/teleport_absolute__functions.h
[0.954s] -- Up-to-date: /home/sadurac/dev_ws/install/turtlesim/include/turtlesim/srv/detail/set_pen__functions.h
[0.955s] -- Up-to-date: /home/sadurac/dev_ws/install/turtlesim/include/turtlesim/srv/detail/teleport_absolute__struct.h
[0.955s] -- Up-to-date: /home/sadurac/dev_ws/install/turtlesim/include/turtlesim/srv/detail/kill__functions.h
[0.955s] -- Up-to-date: /home/sadurac/dev_ws/install/turtlesim/include/turtlesim/srv/detail/teleport_absolute__functions.c
[0.955s] -- Up-to-date: /home/sadurac/dev_ws/install/turtlesim/include/turtlesim/srv/detail/kill__functions.c
[0.955s] -- Up-to-date: /home/sadurac/dev_ws/install/turtlesim/include/turtlesim/srv/detail/teleport_relative__functions.h
[0.955s] -- Up-to-date: /home/sadurac/dev_ws/install/turtlesim/include/turtlesim/srv/detail/kill__type_support.h
[0.955s] -- Up-to-date: /home/sadurac/dev_ws/install/turtlesim/include/turtlesim/srv/detail/set_pen__type_support.h
[0.956s] -- Up-to-date: /home/sadurac/dev_ws/install/turtlesim/include/turtlesim/srv/detail/spawn__type_support.h
[0.956s] -- Up-to-date: /home/sadurac/dev_ws/install/turtlesim/include/turtlesim/srv/detail/spawn__functions.c
[0.956s] -- Up-to-date: /home/sadurac/dev_ws/install/turtlesim/include/turtlesim/srv/detail/spawn__struct.h
[0.956s] -- Up-to-date: /home/sadurac/dev_ws/install/turtlesim/include/turtlesim/srv/teleport_absolute.h
[0.956s] -- Up-to-date: /home/sadurac/dev_ws/install/turtlesim/include/turtlesim/srv/set_pen.h
[0.956s] -- Up-to-date: /home/sadurac/dev_ws/install/turtlesim/include/turtlesim/srv/teleport_relative.h
[0.957s] -- Up-to-date: /home/sadurac/dev_ws/install/turtlesim/include/turtlesim/srv/kill.h
[0.957s] -- Up-to-date: /home/sadurac/dev_ws/install/turtlesim/include/turtlesim/msg
[0.957s] -- Up-to-date: /home/sadurac/dev_ws/install/turtlesim/include/turtlesim/msg/pose.h
[0.957s] -- Up-to-date: /home/sadurac/dev_ws/install/turtlesim/include/turtlesim/msg/rosidl_generator_c__visibility_control.h
[0.957s] -- Up-to-date: /home/sadurac/dev_ws/install/turtlesim/include/turtlesim/msg/detail
[0.957s] -- Up-to-date: /home/sadurac/dev_ws/install/turtlesim/include/turtlesim/msg/detail/pose__functions.h
[0.958s] -- Up-to-date: /home/sadurac/dev_ws/install/turtlesim/include/turtlesim/msg/detail/color__functions.h
[0.958s] -- Up-to-date: /home/sadurac/dev_ws/install/turtlesim/include/turtlesim/msg/detail/color__struct.h
[0.958s] -- Up-to-date: /home/sadurac/dev_ws/install/turtlesim/include/turtlesim/msg/detail/pose__struct.h
[0.959s] -- Up-to-date: /home/sadurac/dev_ws/install/turtlesim/include/turtlesim/msg/detail/pose__type_support.h
[0.959s] -- Up-to-date: /home/sadurac/dev_ws/install/turtlesim/include/turtlesim/msg/detail/color__functions.c
[0.959s] -- Up-to-date: /home/sadurac/dev_ws/install/turtlesim/include/turtlesim/msg/detail/color__type_support.h
[0.960s] -- Up-to-date: /home/sadurac/dev_ws/install/turtlesim/include/turtlesim/msg/detail/pose__functions.c
[0.960s] -- Up-to-date: /home/sadurac/dev_ws/install/turtlesim/include/turtlesim/msg/color.h
[0.960s] -- Up-to-date: /home/sadurac/dev_ws/install/turtlesim/share/turtlesim/environment/library_path.sh
[0.960s] -- Up-to-date: /home/sadurac/dev_ws/install/turtlesim/share/turtlesim/environment/library_path.dsv
[0.960s] -- Up-to-date: /home/sadurac/dev_ws/install/turtlesim/lib/libturtlesim__rosidl_generator_c.so
[0.960s] -- Up-to-date: /home/sadurac/dev_ws/install/turtlesim/include/turtlesim
[0.961s] -- Up-to-date: /home/sadurac/dev_ws/install/turtlesim/include/turtlesim/action
[0.961s] -- Up-to-date: /home/sadurac/dev_ws/install/turtlesim/include/turtlesim/action/detail
[0.961s] -- Up-to-date: /home/sadurac/dev_ws/install/turtlesim/include/turtlesim/action/detail/rotate_absolute__rosidl_typesupport_fastrtps_c.h
[0.961s] -- Up-to-date: /home/sadurac/dev_ws/install/turtlesim/include/turtlesim/srv
[0.961s] -- Up-to-date: /home/sadurac/dev_ws/install/turtlesim/include/turtlesim/srv/detail
[0.961s] -- Up-to-date: /home/sadurac/dev_ws/install/turtlesim/include/turtlesim/srv/detail/kill__rosidl_typesupport_fastrtps_c.h
[0.962s] -- Up-to-date: /home/sadurac/dev_ws/install/turtlesim/include/turtlesim/srv/detail/teleport_relative__rosidl_typesupport_fastrtps_c.h
[0.962s] -- Up-to-date: /home/sadurac/dev_ws/install/turtlesim/include/turtlesim/srv/detail/spawn__rosidl_typesupport_fastrtps_c.h
[0.962s] -- Up-to-date: /home/sadurac/dev_ws/install/turtlesim/include/turtlesim/srv/detail/set_pen__rosidl_typesupport_fastrtps_c.h
[0.962s] -- Up-to-date: /home/sadurac/dev_ws/install/turtlesim/include/turtlesim/srv/detail/teleport_absolute__rosidl_typesupport_fastrtps_c.h
[0.962s] -- Up-to-date: /home/sadurac/dev_ws/install/turtlesim/include/turtlesim/msg
[0.962s] -- Up-to-date: /home/sadurac/dev_ws/install/turtlesim/include/turtlesim/msg/detail
[0.962s] -- Up-to-date: /home/sadurac/dev_ws/install/turtlesim/include/turtlesim/msg/detail/color__rosidl_typesupport_fastrtps_c.h
[0.963s] -- Up-to-date: /home/sadurac/dev_ws/install/turtlesim/include/turtlesim/msg/detail/pose__rosidl_typesupport_fastrtps_c.h
[0.963s] -- Up-to-date: /home/sadurac/dev_ws/install/turtlesim/include/turtlesim/msg/rosidl_typesupport_fastrtps_c__visibility_control.h
[0.963s] -- Up-to-date: /home/sadurac/dev_ws/install/turtlesim/lib/libturtlesim__rosidl_typesupport_fastrtps_c.so
[0.963s] -- Up-to-date: /home/sadurac/dev_ws/install/turtlesim/include/turtlesim
[0.963s] -- Up-to-date: /home/sadurac/dev_ws/install/turtlesim/include/turtlesim/action
[0.963s] -- Up-to-date: /home/sadurac/dev_ws/install/turtlesim/include/turtlesim/action/detail
[0.963s] -- Up-to-date: /home/sadurac/dev_ws/install/turtlesim/include/turtlesim/action/detail/dds_fastrtps
[0.964s] -- Up-to-date: /home/sadurac/dev_ws/install/turtlesim/include/turtlesim/action/detail/rotate_absolute__rosidl_typesupport_fastrtps_cpp.hpp
[0.964s] -- Up-to-date: /home/sadurac/dev_ws/install/turtlesim/include/turtlesim/srv
[0.964s] -- Up-to-date: /home/sadurac/dev_ws/install/turtlesim/include/turtlesim/srv/detail
[0.964s] -- Up-to-date: /home/sadurac/dev_ws/install/turtlesim/include/turtlesim/srv/detail/kill__rosidl_typesupport_fastrtps_cpp.hpp
[0.964s] -- Up-to-date: /home/sadurac/dev_ws/install/turtlesim/include/turtlesim/srv/detail/dds_fastrtps
[0.964s] -- Up-to-date: /home/sadurac/dev_ws/install/turtlesim/include/turtlesim/srv/detail/teleport_absolute__rosidl_typesupport_fastrtps_cpp.hpp
[0.964s] -- Up-to-date: /home/sadurac/dev_ws/install/turtlesim/include/turtlesim/srv/detail/set_pen__rosidl_typesupport_fastrtps_cpp.hpp
[0.965s] -- Up-to-date: /home/sadurac/dev_ws/install/turtlesim/include/turtlesim/srv/detail/spawn__rosidl_typesupport_fastrtps_cpp.hpp
[0.965s] -- Up-to-date: /home/sadurac/dev_ws/install/turtlesim/include/turtlesim/srv/detail/teleport_relative__rosidl_typesupport_fastrtps_cpp.hpp
[0.965s] -- Up-to-date: /home/sadurac/dev_ws/install/turtlesim/include/turtlesim/msg
[0.965s] -- Up-to-date: /home/sadurac/dev_ws/install/turtlesim/include/turtlesim/msg/rosidl_typesupport_fastrtps_cpp__visibility_control.h
[0.965s] -- Up-to-date: /home/sadurac/dev_ws/install/turtlesim/include/turtlesim/msg/detail
[0.965s] -- Up-to-date: /home/sadurac/dev_ws/install/turtlesim/include/turtlesim/msg/detail/dds_fastrtps
[0.965s] -- Up-to-date: /home/sadurac/dev_ws/install/turtlesim/include/turtlesim/msg/detail/color__rosidl_typesupport_fastrtps_cpp.hpp
[0.966s] -- Up-to-date: /home/sadurac/dev_ws/install/turtlesim/include/turtlesim/msg/detail/pose__rosidl_typesupport_fastrtps_cpp.hpp
[0.966s] -- Up-to-date: /home/sadurac/dev_ws/install/turtlesim/lib/libturtlesim__rosidl_typesupport_fastrtps_cpp.so
[0.966s] -- Up-to-date: /home/sadurac/dev_ws/install/turtlesim/include/turtlesim
[0.966s] -- Up-to-date: /home/sadurac/dev_ws/install/turtlesim/include/turtlesim/action
[0.966s] -- Up-to-date: /home/sadurac/dev_ws/install/turtlesim/include/turtlesim/action/detail
[0.966s] -- Up-to-date: /home/sadurac/dev_ws/install/turtlesim/include/turtlesim/action/detail/rotate_absolute__rosidl_typesupport_introspection_c.h
[0.966s] -- Up-to-date: /home/sadurac/dev_ws/install/turtlesim/include/turtlesim/action/detail/rotate_absolute__type_support.c
[0.967s] -- Up-to-date: /home/sadurac/dev_ws/install/turtlesim/include/turtlesim/srv
[0.967s] -- Up-to-date: /home/sadurac/dev_ws/install/turtlesim/include/turtlesim/srv/detail
[0.967s] -- Up-to-date: /home/sadurac/dev_ws/install/turtlesim/include/turtlesim/srv/detail/kill__type_support.c
[0.967s] -- Up-to-date: /home/sadurac/dev_ws/install/turtlesim/include/turtlesim/srv/detail/teleport_relative__rosidl_typesupport_introspection_c.h
[0.967s] -- Up-to-date: /home/sadurac/dev_ws/install/turtlesim/include/turtlesim/srv/detail/set_pen__type_support.c
[0.967s] -- Up-to-date: /home/sadurac/dev_ws/install/turtlesim/include/turtlesim/srv/detail/spawn__type_support.c
[0.967s] -- Up-to-date: /home/sadurac/dev_ws/install/turtlesim/include/turtlesim/srv/detail/set_pen__rosidl_typesupport_introspection_c.h
[0.968s] -- Up-to-date: /home/sadurac/dev_ws/install/turtlesim/include/turtlesim/srv/detail/teleport_absolute__rosidl_typesupport_introspection_c.h
[0.968s] -- Up-to-date: /home/sadurac/dev_ws/install/turtlesim/include/turtlesim/srv/detail/spawn__rosidl_typesupport_introspection_c.h
[0.968s] -- Up-to-date: /home/sadurac/dev_ws/install/turtlesim/include/turtlesim/srv/detail/kill__rosidl_typesupport_introspection_c.h
[0.968s] -- Up-to-date: /home/sadurac/dev_ws/install/turtlesim/include/turtlesim/srv/detail/teleport_relative__type_support.c
[0.968s] -- Up-to-date: /home/sadurac/dev_ws/install/turtlesim/include/turtlesim/srv/detail/teleport_absolute__type_support.c
[0.968s] -- Up-to-date: /home/sadurac/dev_ws/install/turtlesim/include/turtlesim/msg
[0.968s] -- Up-to-date: /home/sadurac/dev_ws/install/turtlesim/include/turtlesim/msg/rosidl_typesupport_introspection_c__visibility_control.h
[0.969s] -- Up-to-date: /home/sadurac/dev_ws/install/turtlesim/include/turtlesim/msg/detail
[0.969s] -- Up-to-date: /home/sadurac/dev_ws/install/turtlesim/include/turtlesim/msg/detail/color__rosidl_typesupport_introspection_c.h
[0.969s] -- Up-to-date: /home/sadurac/dev_ws/install/turtlesim/include/turtlesim/msg/detail/color__type_support.c
[0.969s] -- Up-to-date: /home/sadurac/dev_ws/install/turtlesim/include/turtlesim/msg/detail/pose__rosidl_typesupport_introspection_c.h
[0.969s] -- Up-to-date: /home/sadurac/dev_ws/install/turtlesim/include/turtlesim/msg/detail/pose__type_support.c
[0.969s] -- Up-to-date: /home/sadurac/dev_ws/install/turtlesim/lib/libturtlesim__rosidl_typesupport_introspection_c.so
[0.969s] -- Up-to-date: /home/sadurac/dev_ws/install/turtlesim/lib/libturtlesim__rosidl_typesupport_c.so
[0.970s] -- Up-to-date: /home/sadurac/dev_ws/install/turtlesim/include/turtlesim
[0.970s] -- Up-to-date: /home/sadurac/dev_ws/install/turtlesim/include/turtlesim/action
[0.970s] -- Up-to-date: /home/sadurac/dev_ws/install/turtlesim/include/turtlesim/action/rotate_absolute.hpp
[0.970s] -- Up-to-date: /home/sadurac/dev_ws/install/turtlesim/include/turtlesim/action/detail
[0.970s] -- Up-to-date: /home/sadurac/dev_ws/install/turtlesim/include/turtlesim/action/detail/rotate_absolute__traits.hpp
[0.970s] -- Up-to-date: /home/sadurac/dev_ws/install/turtlesim/include/turtlesim/action/detail/rotate_absolute__builder.hpp
[0.971s] -- Up-to-date: /home/sadurac/dev_ws/install/turtlesim/include/turtlesim/action/detail/rotate_absolute__struct.hpp
[0.971s] -- Up-to-date: /home/sadurac/dev_ws/install/turtlesim/include/turtlesim/srv
[0.971s] -- Up-to-date: /home/sadurac/dev_ws/install/turtlesim/include/turtlesim/srv/spawn.hpp
[0.971s] -- Up-to-date: /home/sadurac/dev_ws/install/turtlesim/include/turtlesim/srv/teleport_relative.hpp
[0.971s] -- Up-to-date: /home/sadurac/dev_ws/install/turtlesim/include/turtlesim/srv/detail
[0.971s] -- Up-to-date: /home/sadurac/dev_ws/install/turtlesim/include/turtlesim/srv/detail/kill__traits.hpp
[0.971s] -- Up-to-date: /home/sadurac/dev_ws/install/turtlesim/include/turtlesim/srv/detail/set_pen__struct.hpp
[0.972s] -- Up-to-date: /home/sadurac/dev_ws/install/turtlesim/include/turtlesim/srv/detail/teleport_absolute__traits.hpp
[0.972s] -- Up-to-date: /home/sadurac/dev_ws/install/turtlesim/include/turtlesim/srv/detail/kill__builder.hpp
[0.972s] -- Up-to-date: /home/sadurac/dev_ws/install/turtlesim/include/turtlesim/srv/detail/set_pen__traits.hpp
[0.972s] -- Up-to-date: /home/sadurac/dev_ws/install/turtlesim/include/turtlesim/srv/detail/spawn__traits.hpp
[0.972s] -- Up-to-date: /home/sadurac/dev_ws/install/turtlesim/include/turtlesim/srv/detail/teleport_relative__struct.hpp
[0.972s] -- Up-to-date: /home/sadurac/dev_ws/install/turtlesim/include/turtlesim/srv/detail/teleport_absolute__builder.hpp
[0.972s] -- Up-to-date: /home/sadurac/dev_ws/install/turtlesim/include/turtlesim/srv/detail/spawn__struct.hpp
[0.973s] -- Up-to-date: /home/sadurac/dev_ws/install/turtlesim/include/turtlesim/srv/detail/spawn__builder.hpp
[0.973s] -- Up-to-date: /home/sadurac/dev_ws/install/turtlesim/include/turtlesim/srv/detail/teleport_relative__builder.hpp
[0.973s] -- Up-to-date: /home/sadurac/dev_ws/install/turtlesim/include/turtlesim/srv/detail/teleport_relative__traits.hpp
[0.973s] -- Up-to-date: /home/sadurac/dev_ws/install/turtlesim/include/turtlesim/srv/detail/teleport_absolute__struct.hpp
[0.973s] -- Up-to-date: /home/sadurac/dev_ws/install/turtlesim/include/turtlesim/srv/detail/kill__struct.hpp
[0.973s] -- Up-to-date: /home/sadurac/dev_ws/install/turtlesim/include/turtlesim/srv/detail/set_pen__builder.hpp
[0.973s] -- Up-to-date: /home/sadurac/dev_ws/install/turtlesim/include/turtlesim/srv/set_pen.hpp
[0.974s] -- Up-to-date: /home/sadurac/dev_ws/install/turtlesim/include/turtlesim/srv/teleport_absolute.hpp
[0.974s] -- Up-to-date: /home/sadurac/dev_ws/install/turtlesim/include/turtlesim/srv/kill.hpp
[0.974s] -- Up-to-date: /home/sadurac/dev_ws/install/turtlesim/include/turtlesim/msg
[0.974s] -- Up-to-date: /home/sadurac/dev_ws/install/turtlesim/include/turtlesim/msg/detail
[0.974s] -- Up-to-date: /home/sadurac/dev_ws/install/turtlesim/include/turtlesim/msg/detail/pose__struct.hpp
[0.974s] -- Up-to-date: /home/sadurac/dev_ws/install/turtlesim/include/turtlesim/msg/detail/pose__builder.hpp
[0.974s] -- Up-to-date: /home/sadurac/dev_ws/install/turtlesim/include/turtlesim/msg/detail/color__builder.hpp
[0.974s] -- Up-to-date: /home/sadurac/dev_ws/install/turtlesim/include/turtlesim/msg/detail/color__traits.hpp
[0.975s] -- Up-to-date: /home/sadurac/dev_ws/install/turtlesim/include/turtlesim/msg/detail/pose__traits.hpp
[0.975s] -- Up-to-date: /home/sadurac/dev_ws/install/turtlesim/include/turtlesim/msg/detail/color__struct.hpp
[0.975s] -- Up-to-date: /home/sadurac/dev_ws/install/turtlesim/include/turtlesim/msg/pose.hpp
[0.975s] -- Up-to-date: /home/sadurac/dev_ws/install/turtlesim/include/turtlesim/msg/color.hpp
[0.975s] -- Up-to-date: /home/sadurac/dev_ws/install/turtlesim/include/turtlesim
[0.975s] -- Up-to-date: /home/sadurac/dev_ws/install/turtlesim/include/turtlesim/action
[0.975s] -- Up-to-date: /home/sadurac/dev_ws/install/turtlesim/include/turtlesim/action/detail
[0.976s] -- Up-to-date: /home/sadurac/dev_ws/install/turtlesim/include/turtlesim/action/detail/rotate_absolute__rosidl_typesupport_introspection_cpp.hpp
[0.976s] -- Up-to-date: /home/sadurac/dev_ws/install/turtlesim/include/turtlesim/action/detail/rotate_absolute__type_support.cpp
[0.976s] -- Up-to-date: /home/sadurac/dev_ws/install/turtlesim/include/turtlesim/srv
[0.976s] -- Up-to-date: /home/sadurac/dev_ws/install/turtlesim/include/turtlesim/srv/detail
[0.976s] -- Up-to-date: /home/sadurac/dev_ws/install/turtlesim/include/turtlesim/srv/detail/teleport_relative__type_support.cpp
[0.976s] -- Up-to-date: /home/sadurac/dev_ws/install/turtlesim/include/turtlesim/srv/detail/teleport_absolute__rosidl_typesupport_introspection_cpp.hpp
[0.976s] -- Up-to-date: /home/sadurac/dev_ws/install/turtlesim/include/turtlesim/srv/detail/teleport_absolute__type_support.cpp
[0.977s] -- Up-to-date: /home/sadurac/dev_ws/install/turtlesim/include/turtlesim/srv/detail/spawn__type_support.cpp
[0.977s] -- Up-to-date: /home/sadurac/dev_ws/install/turtlesim/include/turtlesim/srv/detail/kill__rosidl_typesupport_introspection_cpp.hpp
[0.977s] -- Up-to-date: /home/sadurac/dev_ws/install/turtlesim/include/turtlesim/srv/detail/kill__type_support.cpp
[0.977s] -- Up-to-date: /home/sadurac/dev_ws/install/turtlesim/include/turtlesim/srv/detail/set_pen__rosidl_typesupport_introspection_cpp.hpp
[0.977s] -- Up-to-date: /home/sadurac/dev_ws/install/turtlesim/include/turtlesim/srv/detail/teleport_relative__rosidl_typesupport_introspection_cpp.hpp
[0.977s] -- Up-to-date: /home/sadurac/dev_ws/install/turtlesim/include/turtlesim/srv/detail/spawn__rosidl_typesupport_introspection_cpp.hpp
[0.977s] -- Up-to-date: /home/sadurac/dev_ws/install/turtlesim/include/turtlesim/srv/detail/set_pen__type_support.cpp
[0.978s] -- Up-to-date: /home/sadurac/dev_ws/install/turtlesim/include/turtlesim/msg
[0.978s] -- Up-to-date: /home/sadurac/dev_ws/install/turtlesim/include/turtlesim/msg/detail
[0.978s] -- Up-to-date: /home/sadurac/dev_ws/install/turtlesim/include/turtlesim/msg/detail/color__type_support.cpp
[0.978s] -- Up-to-date: /home/sadurac/dev_ws/install/turtlesim/include/turtlesim/msg/detail/pose__type_support.cpp
[0.978s] -- Up-to-date: /home/sadurac/dev_ws/install/turtlesim/include/turtlesim/msg/detail/pose__rosidl_typesupport_introspection_cpp.hpp
[0.978s] -- Up-to-date: /home/sadurac/dev_ws/install/turtlesim/include/turtlesim/msg/detail/color__rosidl_typesupport_introspection_cpp.hpp
[0.978s] -- Up-to-date: /home/sadurac/dev_ws/install/turtlesim/lib/libturtlesim__rosidl_typesupport_introspection_cpp.so
[0.978s] -- Up-to-date: /home/sadurac/dev_ws/install/turtlesim/lib/libturtlesim__rosidl_typesupport_cpp.so
[0.979s] -- Up-to-date: /home/sadurac/dev_ws/install/turtlesim/share/turtlesim/environment/pythonpath.sh
[0.979s] -- Up-to-date: /home/sadurac/dev_ws/install/turtlesim/share/turtlesim/environment/pythonpath.dsv
[0.979s] -- Up-to-date: /home/sadurac/dev_ws/install/turtlesim/lib/python3.8/site-packages/turtlesim/__init__.py
[1.008s] -- Up-to-date: /home/sadurac/dev_ws/install/turtlesim/lib/python3.8/site-packages/turtlesim/action
[1.009s] -- Up-to-date: /home/sadurac/dev_ws/install/turtlesim/lib/python3.8/site-packages/turtlesim/action/_rotate_absolute.py
[1.009s] -- Up-to-date: /home/sadurac/dev_ws/install/turtlesim/lib/python3.8/site-packages/turtlesim/action/__init__.py
[1.009s] -- Up-to-date: /home/sadurac/dev_ws/install/turtlesim/lib/python3.8/site-packages/turtlesim/action/_rotate_absolute_s.c
[1.009s] -- Up-to-date: /home/sadurac/dev_ws/install/turtlesim/lib/python3.8/site-packages/turtlesim/msg
[1.009s] -- Up-to-date: /home/sadurac/dev_ws/install/turtlesim/lib/python3.8/site-packages/turtlesim/msg/_color.py
[1.010s] -- Up-to-date: /home/sadurac/dev_ws/install/turtlesim/lib/python3.8/site-packages/turtlesim/msg/_pose_s.c
[1.010s] -- Up-to-date: /home/sadurac/dev_ws/install/turtlesim/lib/python3.8/site-packages/turtlesim/msg/_pose.py
[1.010s] -- Up-to-date: /home/sadurac/dev_ws/install/turtlesim/lib/python3.8/site-packages/turtlesim/msg/_color_s.c
[1.010s] -- Up-to-date: /home/sadurac/dev_ws/install/turtlesim/lib/python3.8/site-packages/turtlesim/msg/__init__.py
[1.010s] -- Up-to-date: /home/sadurac/dev_ws/install/turtlesim/lib/python3.8/site-packages/turtlesim/srv
[1.010s] -- Up-to-date: /home/sadurac/dev_ws/install/turtlesim/lib/python3.8/site-packages/turtlesim/srv/_teleport_absolute_s.c
[1.010s] -- Up-to-date: /home/sadurac/dev_ws/install/turtlesim/lib/python3.8/site-packages/turtlesim/srv/_spawn_s.c
[1.011s] -- Up-to-date: /home/sadurac/dev_ws/install/turtlesim/lib/python3.8/site-packages/turtlesim/srv/_spawn.py
[1.011s] -- Up-to-date: /home/sadurac/dev_ws/install/turtlesim/lib/python3.8/site-packages/turtlesim/srv/_kill.py
[1.011s] -- Up-to-date: /home/sadurac/dev_ws/install/turtlesim/lib/python3.8/site-packages/turtlesim/srv/_teleport_relative_s.c
[1.011s] -- Up-to-date: /home/sadurac/dev_ws/install/turtlesim/lib/python3.8/site-packages/turtlesim/srv/_kill_s.c
[1.011s] -- Up-to-date: /home/sadurac/dev_ws/install/turtlesim/lib/python3.8/site-packages/turtlesim/srv/_teleport_absolute.py
[1.011s] -- Up-to-date: /home/sadurac/dev_ws/install/turtlesim/lib/python3.8/site-packages/turtlesim/srv/_set_pen.py
[1.012s] -- Up-to-date: /home/sadurac/dev_ws/install/turtlesim/lib/python3.8/site-packages/turtlesim/srv/_set_pen_s.c
[1.012s] -- Up-to-date: /home/sadurac/dev_ws/install/turtlesim/lib/python3.8/site-packages/turtlesim/srv/_teleport_relative.py
[1.012s] -- Up-to-date: /home/sadurac/dev_ws/install/turtlesim/lib/python3.8/site-packages/turtlesim/srv/__init__.py
[1.012s] -- Up-to-date: /home/sadurac/dev_ws/install/turtlesim/lib/python3.8/site-packages/turtlesim/turtlesim_s__rosidl_typesupport_fastrtps_c.cpython-38-x86_64-linux-gnu.so
[1.012s] -- Up-to-date: /home/sadurac/dev_ws/install/turtlesim/lib/python3.8/site-packages/turtlesim/turtlesim_s__rosidl_typesupport_introspection_c.cpython-38-x86_64-linux-gnu.so
[1.013s] -- Up-to-date: /home/sadurac/dev_ws/install/turtlesim/lib/python3.8/site-packages/turtlesim/turtlesim_s__rosidl_typesupport_c.cpython-38-x86_64-linux-gnu.so
[1.013s] -- Up-to-date: /home/sadurac/dev_ws/install/turtlesim/lib/libturtlesim__python.so
[1.013s] -- Up-to-date: /home/sadurac/dev_ws/install/turtlesim/share/turtlesim/action/RotateAbsolute.idl
[1.013s] -- Up-to-date: /home/sadurac/dev_ws/install/turtlesim/share/turtlesim/msg/Color.idl
[1.013s] -- Up-to-date: /home/sadurac/dev_ws/install/turtlesim/share/turtlesim/msg/Pose.idl
[1.014s] -- Up-to-date: /home/sadurac/dev_ws/install/turtlesim/share/turtlesim/srv/Kill.idl
[1.014s] -- Up-to-date: /home/sadurac/dev_ws/install/turtlesim/share/turtlesim/srv/SetPen.idl
[1.014s] -- Up-to-date: /home/sadurac/dev_ws/install/turtlesim/share/turtlesim/srv/Spawn.idl
[1.014s] -- Up-to-date: /home/sadurac/dev_ws/install/turtlesim/share/turtlesim/srv/TeleportAbsolute.idl
[1.014s] -- Up-to-date: /home/sadurac/dev_ws/install/turtlesim/share/turtlesim/srv/TeleportRelative.idl
[1.015s] -- Up-to-date: /home/sadurac/dev_ws/install/turtlesim/share/turtlesim/action/RotateAbsolute.action
[1.015s] -- Up-to-date: /home/sadurac/dev_ws/install/turtlesim/share/turtlesim/msg/Color.msg
[1.015s] -- Up-to-date: /home/sadurac/dev_ws/install/turtlesim/share/turtlesim/msg/Pose.msg
[1.015s] -- Up-to-date: /home/sadurac/dev_ws/install/turtlesim/share/turtlesim/srv/Kill.srv
[1.015s] -- Up-to-date: /home/sadurac/dev_ws/install/turtlesim/share/turtlesim/srv/Kill_Request.msg
[1.015s] -- Up-to-date: /home/sadurac/dev_ws/install/turtlesim/share/turtlesim/srv/Kill_Response.msg
[1.016s] -- Up-to-date: /home/sadurac/dev_ws/install/turtlesim/share/turtlesim/srv/SetPen.srv
[1.016s] -- Up-to-date: /home/sadurac/dev_ws/install/turtlesim/share/turtlesim/srv/SetPen_Request.msg
[1.016s] -- Up-to-date: /home/sadurac/dev_ws/install/turtlesim/share/turtlesim/srv/SetPen_Response.msg
[1.016s] -- Up-to-date: /home/sadurac/dev_ws/install/turtlesim/share/turtlesim/srv/Spawn.srv
[1.016s] -- Up-to-date: /home/sadurac/dev_ws/install/turtlesim/share/turtlesim/srv/Spawn_Request.msg
[1.017s] -- Up-to-date: /home/sadurac/dev_ws/install/turtlesim/share/turtlesim/srv/Spawn_Response.msg
[1.017s] -- Up-to-date: /home/sadurac/dev_ws/install/turtlesim/share/turtlesim/srv/TeleportAbsolute.srv
[1.017s] -- Up-to-date: /home/sadurac/dev_ws/install/turtlesim/share/turtlesim/srv/TeleportAbsolute_Request.msg
[1.017s] -- Up-to-date: /home/sadurac/dev_ws/install/turtlesim/share/turtlesim/srv/TeleportAbsolute_Response.msg
[1.018s] -- Up-to-date: /home/sadurac/dev_ws/install/turtlesim/share/turtlesim/srv/TeleportRelative.srv
[1.018s] -- Up-to-date: /home/sadurac/dev_ws/install/turtlesim/share/turtlesim/srv/TeleportRelative_Request.msg
[1.018s] -- Up-to-date: /home/sadurac/dev_ws/install/turtlesim/share/turtlesim/srv/TeleportRelative_Response.msg
[1.018s] -- Up-to-date: /home/sadurac/dev_ws/install/turtlesim/lib/turtlesim/turtlesim_node
[1.018s] -- Up-to-date: /home/sadurac/dev_ws/install/turtlesim/lib/turtlesim/turtle_teleop_key
[1.019s] -- Up-to-date: /home/sadurac/dev_ws/install/turtlesim/lib/turtlesim/draw_square
[1.019s] -- Up-to-date: /home/sadurac/dev_ws/install/turtlesim/lib/turtlesim/mimic
[1.019s] -- Up-to-date: /home/sadurac/dev_ws/install/turtlesim/share/turtlesim/images
[1.019s] -- Up-to-date: /home/sadurac/dev_ws/install/turtlesim/share/turtlesim/images/foxy.png
[1.019s] -- Up-to-date: /home/sadurac/dev_ws/install/turtlesim/share/turtlesim/images/dashing.png
[1.020s] -- Up-to-date: /home/sadurac/dev_ws/install/turtlesim/share/turtlesim/images/bouncy.png
[1.020s] -- Up-to-date: /home/sadurac/dev_ws/install/turtlesim/share/turtlesim/images/eloquent.png
[1.020s] -- Up-to-date: /home/sadurac/dev_ws/install/turtlesim/share/turtlesim/images/crystal.png
[1.020s] -- Up-to-date: /home/sadurac/dev_ws/install/turtlesim/share/turtlesim/images/ardent.png
[1.021s] -- Up-to-date: /home/sadurac/dev_ws/install/turtlesim/share/turtlesim/launch
[1.021s] -- Up-to-date: /home/sadurac/dev_ws/install/turtlesim/share/turtlesim/launch/multisim.launch.py
[1.021s] -- Up-to-date: /home/sadurac/dev_ws/install/turtlesim/share/ament_index/resource_index/package_run_dependencies/turtlesim
[1.021s] -- Up-to-date: /home/sadurac/dev_ws/install/turtlesim/share/ament_index/resource_index/parent_prefix_path/turtlesim
[1.021s] -- Up-to-date: /home/sadurac/dev_ws/install/turtlesim/share/turtlesim/environment/ament_prefix_path.sh
[1.021s] -- Up-to-date: /home/sadurac/dev_ws/install/turtlesim/share/turtlesim/environment/ament_prefix_path.dsv
[1.021s] -- Up-to-date: /home/sadurac/dev_ws/install/turtlesim/share/turtlesim/environment/path.sh
[1.022s] -- Up-to-date: /home/sadurac/dev_ws/install/turtlesim/share/turtlesim/environment/path.dsv
[1.022s] -- Up-to-date: /home/sadurac/dev_ws/install/turtlesim/share/turtlesim/local_setup.bash
[1.022s] -- Up-to-date: /home/sadurac/dev_ws/install/turtlesim/share/turtlesim/local_setup.sh
[1.022s] -- Up-to-date: /home/sadurac/dev_ws/install/turtlesim/share/turtlesim/local_setup.zsh
[1.022s] -- Up-to-date: /home/sadurac/dev_ws/install/turtlesim/share/turtlesim/local_setup.dsv
[1.023s] -- Installing: /home/sadurac/dev_ws/install/turtlesim/share/turtlesim/package.dsv
[1.023s] -- Up-to-date: /home/sadurac/dev_ws/install/turtlesim/share/ament_index/resource_index/packages/turtlesim
[1.023s] -- Up-to-date: /home/sadurac/dev_ws/install/turtlesim/share/turtlesim/cmake/turtlesim__rosidl_generator_cExport.cmake
[1.023s] -- Up-to-date: /home/sadurac/dev_ws/install/turtlesim/share/turtlesim/cmake/turtlesim__rosidl_generator_cExport-noconfig.cmake
[1.023s] -- Up-to-date: /home/sadurac/dev_ws/install/turtlesim/share/turtlesim/cmake/turtlesim__rosidl_typesupport_introspection_cExport.cmake
[1.023s] -- Up-to-date: /home/sadurac/dev_ws/install/turtlesim/share/turtlesim/cmake/turtlesim__rosidl_typesupport_introspection_cExport-noconfig.cmake
[1.023s] -- Up-to-date: /home/sadurac/dev_ws/install/turtlesim/share/turtlesim/cmake/turtlesim__rosidl_typesupport_cExport.cmake
[1.024s] -- Up-to-date: /home/sadurac/dev_ws/install/turtlesim/share/turtlesim/cmake/turtlesim__rosidl_typesupport_cExport-noconfig.cmake
[1.026s] -- Up-to-date: /home/sadurac/dev_ws/install/turtlesim/share/turtlesim/cmake/turtlesim__rosidl_generator_cppExport.cmake
[1.026s] -- Up-to-date: /home/sadurac/dev_ws/install/turtlesim/share/turtlesim/cmake/turtlesim__rosidl_typesupport_introspection_cppExport.cmake
[1.027s] -- Up-to-date: /home/sadurac/dev_ws/install/turtlesim/share/turtlesim/cmake/turtlesim__rosidl_typesupport_introspection_cppExport-noconfig.cmake
[1.027s] -- Up-to-date: /home/sadurac/dev_ws/install/turtlesim/share/turtlesim/cmake/turtlesim__rosidl_typesupport_cppExport.cmake
[1.027s] -- Up-to-date: /home/sadurac/dev_ws/install/turtlesim/share/turtlesim/cmake/turtlesim__rosidl_typesupport_cppExport-noconfig.cmake
[1.027s] -- Up-to-date: /home/sadurac/dev_ws/install/turtlesim/share/turtlesim/cmake/rosidl_cmake-extras.cmake
[1.028s] -- Up-to-date: /home/sadurac/dev_ws/install/turtlesim/share/turtlesim/cmake/ament_cmake_export_dependencies-extras.cmake
[1.028s] -- Up-to-date: /home/sadurac/dev_ws/install/turtlesim/share/turtlesim/cmake/ament_cmake_export_libraries-extras.cmake
[1.028s] -- Up-to-date: /home/sadurac/dev_ws/install/turtlesim/share/turtlesim/cmake/ament_cmake_export_targets-extras.cmake
[1.028s] -- Up-to-date: /home/sadurac/dev_ws/install/turtlesim/share/turtlesim/cmake/ament_cmake_export_include_directories-extras.cmake
[1.028s] -- Up-to-date: /home/sadurac/dev_ws/install/turtlesim/share/turtlesim/cmake/rosidl_cmake_export_typesupport_libraries-extras.cmake
[1.029s] -- Up-to-date: /home/sadurac/dev_ws/install/turtlesim/share/turtlesim/cmake/rosidl_cmake_export_typesupport_targets-extras.cmake
[1.029s] -- Up-to-date: /home/sadurac/dev_ws/install/turtlesim/share/turtlesim/cmake/turtlesimConfig.cmake
[1.029s] -- Up-to-date: /home/sadurac/dev_ws/install/turtlesim/share/turtlesim/cmake/turtlesimConfig-version.cmake
[1.029s] -- Up-to-date: /home/sadurac/dev_ws/install/turtlesim/share/turtlesim/package.xml
[1.030s] Invoked command in '/home/sadurac/dev_ws/build/turtlesim' returned '0': CMAKE_PREFIX_PATH=${CMAKE_PREFIX_PATH}:/home/sadurac/nav2_ws/install/nav2_gazebo_spawner:/opt/ros/foxy /usr/bin/cmake --install /home/sadurac/dev_ws/build/turtlesim
